status file for recon-all
Thu Jul  6 19:04:32 EDT 2017
#@# MotionCor Thu Jul  6 19:04:40 EDT 2017
#@# Deface Thu Jul  6 19:04:50 EDT 2017
#@# Talairach Thu Jul  6 19:07:01 EDT 2017
#@# Talairach Failure Detection Thu Jul  6 19:08:38 EDT 2017
#@# Nu Intensity Correction Thu Jul  6 19:08:39 EDT 2017
#@# Intensity Normalization Thu Jul  6 19:10:06 EDT 2017
#@# Skull Stripping Thu Jul  6 19:12:07 EDT 2017
#@# EM Registration Thu Jul  6 19:24:44 EDT 2017
#@# CA Normalize Thu Jul  6 19:37:45 EDT 2017
#@# CA Reg Thu Jul  6 19:40:35 EDT 2017
#@# SubCort Seg Thu Jul  6 22:51:17 EDT 2017
#@# Merge ASeg Thu Jul  6 23:51:06 EDT 2017
#@# Intensity Normalization2 Thu Jul  6 23:51:06 EDT 2017
#@# Mask BFS Thu Jul  6 23:54:11 EDT 2017
#@# WM Segmentation Thu Jul  6 23:54:12 EDT 2017
#@# Fill Thu Jul  6 23:56:30 EDT 2017
#@# Tessellate lh Thu Jul  6 23:57:12 EDT 2017
#@# Tessellate rh Thu Jul  6 23:57:18 EDT 2017
#@# Smooth1 lh Thu Jul  6 23:57:23 EDT 2017
#@# Smooth1 rh Thu Jul  6 23:57:24 EDT 2017
Darwin trash-can.local 15.6.0 Darwin Kernel Version 15.6.0: Thu Jun 23 18:25:34 PDT 2016; root:xnu-3248.60.10~1/RELEASE_X86_64 x86_64 i386 MacPro6,1 Darwin

recon-all -s sub-01 exited with ERRORS at Thu Jul  6 23:57:24 EDT 2017

\n\n
New invocation of recon-all 
\n\n
status file for recon-all
Fri Jul  7 09:45:57 EDT 2017
#@# Smooth1 lh Fri Jul  7 09:45:57 EDT 2017
recon-all -s sub-01 finished without error at Fri Jul  7 09:46:05 EDT 2017
\n\n
New invocation of recon-all 
\n\n
status file for recon-all
Fri Jul  7 09:46:06 EDT 2017
#@# Smooth1 rh Fri Jul  7 09:46:06 EDT 2017
recon-all -s sub-01 finished without error at Fri Jul  7 09:46:14 EDT 2017
\n\n
New invocation of recon-all 
\n\n
status file for recon-all
Fri Jul  7 09:46:14 EDT 2017
#@# Inflation1 lh Fri Jul  7 09:46:14 EDT 2017
recon-all -s sub-01 finished without error at Fri Jul  7 09:46:32 EDT 2017
\n\n
New invocation of recon-all 
\n\n
status file for recon-all
Fri Jul  7 09:46:32 EDT 2017
#@# Inflation1 rh Fri Jul  7 09:46:32 EDT 2017
recon-all -s sub-01 finished without error at Fri Jul  7 09:46:50 EDT 2017
\n\n
New invocation of recon-all 
\n\n
status file for recon-all
Fri Jul  7 09:46:51 EDT 2017
#@# QSphere lh Fri Jul  7 09:46:51 EDT 2017
recon-all -s sub-01 finished without error at Fri Jul  7 09:48:59 EDT 2017
\n\n
New invocation of recon-all 
\n\n
status file for recon-all
Fri Jul  7 09:48:59 EDT 2017
#@# QSphere rh Fri Jul  7 09:48:59 EDT 2017
recon-all -s sub-01 finished without error at Fri Jul  7 09:52:02 EDT 2017
\n\n
New invocation of recon-all 
\n\n
status file for recon-all
Fri Jul  7 09:52:02 EDT 2017
#@# Fix Topology Copy lh Fri Jul  7 09:52:02 EDT 2017
#@# Fix Topology lh Fri Jul  7 09:52:02 EDT 2017
recon-all -s sub-01 finished without error at Fri Jul  7 10:31:06 EDT 2017
\n\n
New invocation of recon-all 
\n\n
status file for recon-all
Fri Jul  7 10:31:06 EDT 2017
#@# Fix Topology Copy rh Fri Jul  7 10:31:06 EDT 2017
#@# Fix Topology rh Fri Jul  7 10:31:06 EDT 2017
recon-all -s sub-01 finished without error at Fri Jul  7 11:10:48 EDT 2017
\n\n
New invocation of recon-all 
\n\n
status file for recon-all
Fri Jul  7 11:10:49 EDT 2017
#@# Make White Surf lh Fri Jul  7 11:10:49 EDT 2017
recon-all -s sub-01 finished without error at Fri Jul  7 11:31:05 EDT 2017
\n\n
New invocation of recon-all 
\n\n
status file for recon-all
Fri Jul  7 11:31:06 EDT 2017
#@# Make White Surf rh Fri Jul  7 11:31:06 EDT 2017
recon-all -s sub-01 finished without error at Fri Jul  7 11:52:33 EDT 2017
\n\n
New invocation of recon-all 
\n\n
status file for recon-all
Fri Jul  7 11:52:34 EDT 2017
#@# Smooth2 lh Fri Jul  7 11:52:34 EDT 2017
recon-all -s sub-01 finished without error at Fri Jul  7 11:52:43 EDT 2017
\n\n
New invocation of recon-all 
\n\n
status file for recon-all
Fri Jul  7 11:52:44 EDT 2017
#@# Inflation2 lh Fri Jul  7 11:52:44 EDT 2017
recon-all -s sub-01 finished without error at Fri Jul  7 11:53:03 EDT 2017
\n\n
New invocation of recon-all 
\n\n
status file for recon-all
Fri Jul  7 11:53:04 EDT 2017
#@# Sphere lh Fri Jul  7 11:53:04 EDT 2017
recon-all -s sub-01 finished without error at Fri Jul  7 12:15:16 EDT 2017
\n\n
New invocation of recon-all 
\n\n
status file for recon-all
Fri Jul  7 12:15:16 EDT 2017
#@# Surf Reg lh Fri Jul  7 12:15:16 EDT 2017
recon-all -s sub-01 finished without error at Fri Jul  7 12:57:57 EDT 2017
\n\n
New invocation of recon-all 
\n\n
status file for recon-all
Fri Jul  7 12:57:57 EDT 2017
#@# Cortical Parc lh Fri Jul  7 12:57:57 EDT 2017
recon-all -s sub-01 finished without error at Fri Jul  7 12:58:27 EDT 2017
\n\n
New invocation of recon-all 
\n\n
status file for recon-all
Fri Jul  7 12:58:27 EDT 2017
#@# Make Pial Surf lh Fri Jul  7 12:58:27 EDT 2017
#@# Surf Volume lh Fri Jul  7 13:23:02 EDT 2017
recon-all -s sub-01 finished without error at Fri Jul  7 13:23:07 EDT 2017
\n\n
New invocation of recon-all 
\n\n
status file for recon-all
Fri Jul  7 13:23:07 EDT 2017
#@# Surf Volume lh Fri Jul  7 13:23:07 EDT 2017
recon-all -s sub-01 finished without error at Fri Jul  7 13:23:12 EDT 2017
\n\n
New invocation of recon-all 
\n\n
status file for recon-all
Fri Jul  7 13:23:12 EDT 2017
#@# Smooth2 rh Fri Jul  7 13:23:12 EDT 2017
recon-all -s sub-01 finished without error at Fri Jul  7 13:23:22 EDT 2017
\n\n
New invocation of recon-all 
\n\n
status file for recon-all
Fri Jul  7 13:23:22 EDT 2017
#@# Inflation2 rh Fri Jul  7 13:23:23 EDT 2017
recon-all -s sub-01 finished without error at Fri Jul  7 13:23:45 EDT 2017
\n\n
New invocation of recon-all 
\n\n
status file for recon-all
Fri Jul  7 13:23:46 EDT 2017
#@# Sphere rh Fri Jul  7 13:23:46 EDT 2017
recon-all -s sub-01 finished without error at Fri Jul  7 13:52:57 EDT 2017
\n\n
New invocation of recon-all 
\n\n
status file for recon-all
Fri Jul  7 13:52:57 EDT 2017
#@# Surf Reg rh Fri Jul  7 13:52:57 EDT 2017
recon-all -s sub-01 finished without error at Fri Jul  7 14:30:28 EDT 2017
\n\n
New invocation of recon-all 
\n\n
status file for recon-all
Fri Jul  7 14:30:28 EDT 2017
#@# Cortical Parc rh Fri Jul  7 14:30:28 EDT 2017
recon-all -s sub-01 finished without error at Fri Jul  7 14:30:51 EDT 2017
\n\n
New invocation of recon-all 
\n\n
status file for recon-all
Fri Jul  7 14:30:52 EDT 2017
#@# Make Pial Surf rh Fri Jul  7 14:30:52 EDT 2017
#@# Surf Volume rh Fri Jul  7 14:51:48 EDT 2017
recon-all -s sub-01 finished without error at Fri Jul  7 14:51:52 EDT 2017
\n\n
New invocation of recon-all 
\n\n
status file for recon-all
Fri Jul  7 14:51:53 EDT 2017
#@# Surf Volume rh Fri Jul  7 14:51:53 EDT 2017
recon-all -s sub-01 finished without error at Fri Jul  7 14:51:57 EDT 2017
\n\n
New invocation of recon-all 
\n\n
status file for recon-all
Fri Jul  7 14:51:57 EDT 2017
#@# Curv .H and .K lh Fri Jul  7 14:51:57 EDT 2017
recon-all -s sub-01 finished without error at Fri Jul  7 14:53:24 EDT 2017
\n\n
New invocation of recon-all 
\n\n
status file for recon-all
Fri Jul  7 14:53:25 EDT 2017
#@# Curv .H and .K rh Fri Jul  7 14:53:25 EDT 2017
recon-all -s sub-01 finished without error at Fri Jul  7 14:54:46 EDT 2017
\n\n
New invocation of recon-all 
\n\n
status file for recon-all
Fri Jul  7 14:54:46 EDT 2017
#@# Curvature Stats lh Fri Jul  7 14:54:46 EDT 2017
recon-all -s sub-01 finished without error at Fri Jul  7 14:54:53 EDT 2017
\n\n
New invocation of recon-all 
\n\n
status file for recon-all
Fri Jul  7 14:54:53 EDT 2017
#@# Curvature Stats rh Fri Jul  7 14:54:53 EDT 2017
recon-all -s sub-01 finished without error at Fri Jul  7 14:54:59 EDT 2017
\n\n
New invocation of recon-all 
\n\n
status file for recon-all
Fri Jul  7 14:55:00 EDT 2017
#@# Jacobian white lh Fri Jul  7 14:55:00 EDT 2017
recon-all -s sub-01 finished without error at Fri Jul  7 14:55:02 EDT 2017
\n\n
New invocation of recon-all 
\n\n
status file for recon-all
Fri Jul  7 14:55:02 EDT 2017
#@# Jacobian white rh Fri Jul  7 14:55:02 EDT 2017
recon-all -s sub-01 finished without error at Fri Jul  7 14:55:04 EDT 2017
\n\n
New invocation of recon-all 
\n\n
status file for recon-all
Fri Jul  7 14:55:04 EDT 2017
#@# AvgCurv lh Fri Jul  7 14:55:04 EDT 2017
recon-all -s sub-01 finished without error at Fri Jul  7 14:55:06 EDT 2017
\n\n
New invocation of recon-all 
\n\n
status file for recon-all
Fri Jul  7 14:55:07 EDT 2017
#@# AvgCurv rh Fri Jul  7 14:55:07 EDT 2017
recon-all -s sub-01 finished without error at Fri Jul  7 14:55:09 EDT 2017
\n\n
New invocation of recon-all 
\n\n
status file for recon-all
Fri Jul  7 14:55:09 EDT 2017
#@# Cortical ribbon mask Fri Jul  7 14:55:09 EDT 2017
recon-all -s sub-01 finished without error at Fri Jul  7 15:15:17 EDT 2017
\n\n
New invocation of recon-all 
\n\n
status file for recon-all
Fri Jul  7 15:15:18 EDT 2017
#@# Parcellation Stats lh Fri Jul  7 15:15:18 EDT 2017
recon-all -s sub-01 finished without error at Fri Jul  7 15:16:57 EDT 2017
\n\n
New invocation of recon-all 
\n\n
status file for recon-all
Fri Jul  7 15:16:57 EDT 2017
#@# Parcellation Stats rh Fri Jul  7 15:16:57 EDT 2017
recon-all -s sub-01 finished without error at Fri Jul  7 15:18:31 EDT 2017
\n\n
New invocation of recon-all 
\n\n
status file for recon-all
Fri Jul  7 15:18:31 EDT 2017
#@# Cortical Parc 2 lh Fri Jul  7 15:18:31 EDT 2017
recon-all -s sub-01 finished without error at Fri Jul  7 15:18:57 EDT 2017
\n\n
New invocation of recon-all 
\n\n
status file for recon-all
Fri Jul  7 15:18:58 EDT 2017
#@# Cortical Parc 2 rh Fri Jul  7 15:18:58 EDT 2017
recon-all -s sub-01 finished without error at Fri Jul  7 15:19:23 EDT 2017
\n\n
New invocation of recon-all 
\n\n
status file for recon-all
Fri Jul  7 15:19:23 EDT 2017
#@# Parcellation Stats 2 lh Fri Jul  7 15:19:23 EDT 2017
recon-all -s sub-01 finished without error at Fri Jul  7 15:20:14 EDT 2017
\n\n
New invocation of recon-all 
\n\n
status file for recon-all
Fri Jul  7 15:20:14 EDT 2017
#@# Parcellation Stats 2 rh Fri Jul  7 15:20:14 EDT 2017
recon-all -s sub-01 finished without error at Fri Jul  7 15:21:07 EDT 2017
\n\n
New invocation of recon-all 
\n\n
status file for recon-all
Fri Jul  7 15:21:07 EDT 2017
#@# Cortical Parc 3 lh Fri Jul  7 15:21:07 EDT 2017
recon-all -s sub-01 finished without error at Fri Jul  7 15:21:30 EDT 2017
\n\n
New invocation of recon-all 
\n\n
status file for recon-all
Fri Jul  7 15:21:31 EDT 2017
#@# Cortical Parc 3 rh Fri Jul  7 15:21:31 EDT 2017
recon-all -s sub-01 finished without error at Fri Jul  7 15:21:53 EDT 2017
\n\n
New invocation of recon-all 
\n\n
status file for recon-all
Fri Jul  7 15:21:53 EDT 2017
#@# Parcellation Stats 3 lh Fri Jul  7 15:21:53 EDT 2017
recon-all -s sub-01 finished without error at Fri Jul  7 15:22:44 EDT 2017
\n\n
New invocation of recon-all 
\n\n
status file for recon-all
Fri Jul  7 15:22:45 EDT 2017
#@# Parcellation Stats 3 rh Fri Jul  7 15:22:45 EDT 2017
recon-all -s sub-01 finished without error at Fri Jul  7 15:23:34 EDT 2017
\n\n
New invocation of recon-all 
\n\n
status file for recon-all
Fri Jul  7 15:23:35 EDT 2017
#@# WM/GM Contrast lh Fri Jul  7 15:23:35 EDT 2017
recon-all -s sub-01 finished without error at Fri Jul  7 15:23:43 EDT 2017
\n\n
New invocation of recon-all 
\n\n
status file for recon-all
Fri Jul  7 15:23:44 EDT 2017
#@# WM/GM Contrast rh Fri Jul  7 15:23:44 EDT 2017
recon-all -s sub-01 finished without error at Fri Jul  7 15:23:51 EDT 2017
\n\n
New invocation of recon-all 
\n\n
status file for recon-all
Fri Jul  7 15:23:52 EDT 2017
#@# Relabel Hypointensities Fri Jul  7 15:23:52 EDT 2017
recon-all -s sub-01 finished without error at Fri Jul  7 15:24:28 EDT 2017
\n\n
New invocation of recon-all 
\n\n
status file for recon-all
Fri Jul  7 15:24:28 EDT 2017
#@# AParc-to-ASeg aparc Fri Jul  7 15:24:28 EDT 2017
#@# AParc-to-ASeg a2009s Fri Jul  7 15:30:14 EDT 2017
#@# AParc-to-ASeg DKTatlas Fri Jul  7 15:35:45 EDT 2017
recon-all -s sub-01 finished without error at Fri Jul  7 15:40:54 EDT 2017
\n\n
New invocation of recon-all 
\n\n
status file for recon-all
Fri Jul  7 15:40:54 EDT 2017
#@# APas-to-ASeg Fri Jul  7 15:40:54 EDT 2017
recon-all -s sub-01 finished without error at Fri Jul  7 15:41:00 EDT 2017
\n\n
New invocation of recon-all 
\n\n
status file for recon-all
Fri Jul  7 15:41:01 EDT 2017
#@# ASeg Stats Fri Jul  7 15:41:01 EDT 2017
recon-all -s sub-01 finished without error at Fri Jul  7 15:42:17 EDT 2017
\n\n
New invocation of recon-all 
\n\n
status file for recon-all
Fri Jul  7 15:42:17 EDT 2017
#@# WMParc Fri Jul  7 15:42:17 EDT 2017
recon-all -s sub-01 finished without error at Fri Jul  7 15:49:22 EDT 2017
\n\n
New invocation of recon-all 
\n\n
status file for recon-all
Fri Jul  7 15:49:22 EDT 2017
#@# BA_exvivo Labels lh Fri Jul  7 15:49:22 EDT 2017
recon-all -s sub-01 finished without error at Fri Jul  7 15:54:32 EDT 2017
\n\n
New invocation of recon-all 
\n\n
status file for recon-all
Fri Jul  7 15:54:32 EDT 2017
#@# BA_exvivo Labels rh Fri Jul  7 15:54:32 EDT 2017
recon-all -s sub-01 finished without error at Fri Jul  7 15:59:33 EDT 2017
\n\n
New invocation of recon-all 
\n\n
status file for recon-all
Mon Jul 10 12:38:24 EDT 2017
#@# Intensity Normalization2 Mon Jul 10 12:38:24 EDT 2017
Darwin CFMI-iMac-07.local 16.6.0 Darwin Kernel Version 16.6.0: Fri Apr 14 16:21:16 PDT 2017; root:xnu-3789.60.24~6/RELEASE_X86_64 x86_64

recon-all -s sub-01 exited with ERRORS at Mon Jul 10 12:38:24 EDT 2017

\n\n
New invocation of recon-all 
\n\n
status file for recon-all
Mon Jul 10 12:42:18 EDT 2017
#@# Intensity Normalization2 Mon Jul 10 12:42:18 EDT 2017
Darwin CFMI-iMac-07.local 16.6.0 Darwin Kernel Version 16.6.0: Fri Apr 14 16:21:16 PDT 2017; root:xnu-3789.60.24~6/RELEASE_X86_64 x86_64

recon-all -s sub-01 exited with ERRORS at Mon Jul 10 12:42:18 EDT 2017

\n\n
New invocation of recon-all 
\n\n
status file for recon-all
Mon Jul 10 13:05:55 EDT 2017
#@# MotionCor Mon Jul 10 13:05:55 EDT 2017
Darwin CFMI-iMac-07.local 16.6.0 Darwin Kernel Version 16.6.0: Fri Apr 14 16:21:16 PDT 2017; root:xnu-3789.60.24~6/RELEASE_X86_64 x86_64

recon-all -s sub-01 exited with ERRORS at Mon Jul 10 13:05:55 EDT 2017

\n\n
New invocation of recon-all 
\n\n
status file for recon-all
Mon Jul 10 13:14:05 EDT 2017
#@# MotionCor Mon Jul 10 13:14:05 EDT 2017
recon-all -s sub-01 finished without error at Mon Jul 10 13:14:21 EDT 2017
\n\n
New invocation of recon-all 
\n\n
status file for recon-all
Mon Jul 10 13:14:22 EDT 2017
#@# Talairach Mon Jul 10 13:14:22 EDT 2017
#@# Talairach Failure Detection Mon Jul 10 13:16:41 EDT 2017
recon-all -s sub-01 finished without error at Mon Jul 10 13:16:41 EDT 2017
\n\n
New invocation of recon-all 
\n\n
status file for recon-all
Mon Jul 10 13:16:42 EDT 2017
#@# Nu Intensity Correction Mon Jul 10 13:16:42 EDT 2017
recon-all -s sub-01 finished without error at Mon Jul 10 13:19:26 EDT 2017
\n\n
New invocation of recon-all 
\n\n
status file for recon-all
Mon Jul 10 13:19:27 EDT 2017
#@# Intensity Normalization Mon Jul 10 13:19:27 EDT 2017
recon-all -s sub-01 finished without error at Mon Jul 10 13:24:05 EDT 2017
\n\n
New invocation of recon-all 
\n\n
status file for recon-all
Mon Jul 10 13:24:06 EDT 2017
#@# Skull Stripping Mon Jul 10 13:24:06 EDT 2017
recon-all -s sub-01 finished without error at Mon Jul 10 13:24:47 EDT 2017
\n\n
New invocation of recon-all 
\n\n
status file for recon-all
Mon Jul 10 13:24:48 EDT 2017
#@# EM Registration Mon Jul 10 13:24:48 EDT 2017
recon-all -s sub-01 finished without error at Mon Jul 10 13:37:28 EDT 2017
\n\n
New invocation of recon-all 
\n\n
status file for recon-all
Mon Jul 10 13:37:29 EDT 2017
#@# CA Normalize Mon Jul 10 13:37:29 EDT 2017
recon-all -s sub-01 finished without error at Mon Jul 10 13:39:24 EDT 2017
\n\n
New invocation of recon-all 
\n\n
status file for recon-all
Mon Jul 10 13:39:25 EDT 2017
#@# CA Reg Mon Jul 10 13:39:25 EDT 2017
recon-all -s sub-01 finished without error at Mon Jul 10 18:21:57 EDT 2017
\n\n
New invocation of recon-all 
\n\n
status file for recon-all
Mon Jul 10 18:21:58 EDT 2017
#@# SubCort Seg Mon Jul 10 18:21:58 EDT 2017
#@# Merge ASeg Mon Jul 10 19:35:39 EDT 2017
recon-all -s sub-01 finished without error at Mon Jul 10 19:35:39 EDT 2017
\n\n
New invocation of recon-all 
\n\n
status file for recon-all
Mon Jul 10 19:35:40 EDT 2017
#@# Intensity Normalization2 Mon Jul 10 19:35:40 EDT 2017
recon-all -s sub-01 finished without error at Mon Jul 10 19:42:42 EDT 2017
\n\n
New invocation of recon-all 
\n\n
status file for recon-all
Mon Jul 10 19:42:43 EDT 2017
#@# Mask BFS Mon Jul 10 19:42:43 EDT 2017
recon-all -s sub-01 finished without error at Mon Jul 10 19:42:47 EDT 2017
\n\n
New invocation of recon-all 
\n\n
status file for recon-all
Mon Jul 10 19:42:47 EDT 2017
#@# WM Segmentation Mon Jul 10 19:42:47 EDT 2017
recon-all -s sub-01 finished without error at Mon Jul 10 19:46:07 EDT 2017
\n\n
New invocation of recon-all 
\n\n
status file for recon-all
Mon Jul 10 19:46:07 EDT 2017
#@# Fill Mon Jul 10 19:46:07 EDT 2017
recon-all -s sub-01 finished without error at Mon Jul 10 19:47:09 EDT 2017
\n\n
New invocation of recon-all 
\n\n
status file for recon-all
Mon Jul 10 19:47:10 EDT 2017
#@# Tessellate lh Mon Jul 10 19:47:10 EDT 2017
recon-all -s sub-01 finished without error at Mon Jul 10 19:47:22 EDT 2017
\n\n
New invocation of recon-all 
\n\n
status file for recon-all
Mon Jul 10 19:47:22 EDT 2017
#@# Tessellate rh Mon Jul 10 19:47:22 EDT 2017
recon-all -s sub-01 finished without error at Mon Jul 10 19:47:35 EDT 2017
\n\n
New invocation of recon-all 
\n\n
status file for recon-all
Mon Jul 10 19:47:35 EDT 2017
#@# Smooth1 lh Mon Jul 10 19:47:35 EDT 2017
recon-all -s sub-01 finished without error at Mon Jul 10 19:47:50 EDT 2017
\n\n
New invocation of recon-all 
\n\n
status file for recon-all
Mon Jul 10 19:47:50 EDT 2017
#@# Smooth1 rh Mon Jul 10 19:47:50 EDT 2017
recon-all -s sub-01 finished without error at Mon Jul 10 19:48:04 EDT 2017
\n\n
New invocation of recon-all 
\n\n
status file for recon-all
Mon Jul 10 19:48:05 EDT 2017
#@# Inflation1 lh Mon Jul 10 19:48:05 EDT 2017
recon-all -s sub-01 finished without error at Mon Jul 10 19:49:11 EDT 2017
\n\n
New invocation of recon-all 
\n\n
status file for recon-all
Mon Jul 10 19:49:11 EDT 2017
#@# Inflation1 rh Mon Jul 10 19:49:11 EDT 2017
recon-all -s sub-01 finished without error at Mon Jul 10 19:50:15 EDT 2017
\n\n
New invocation of recon-all 
\n\n
status file for recon-all
Mon Jul 10 19:50:15 EDT 2017
#@# QSphere lh Mon Jul 10 19:50:15 EDT 2017
recon-all -s sub-01 finished without error at Mon Jul 10 19:56:20 EDT 2017
\n\n
New invocation of recon-all 
\n\n
status file for recon-all
Mon Jul 10 19:56:20 EDT 2017
#@# QSphere rh Mon Jul 10 19:56:20 EDT 2017
recon-all -s sub-01 finished without error at Mon Jul 10 20:02:23 EDT 2017
\n\n
New invocation of recon-all 
\n\n
status file for recon-all
Mon Jul 10 20:02:24 EDT 2017
#@# Fix Topology Copy lh Mon Jul 10 20:02:24 EDT 2017
#@# Fix Topology lh Mon Jul 10 20:02:24 EDT 2017
recon-all -s sub-01 finished without error at Mon Jul 10 20:51:53 EDT 2017
\n\n
New invocation of recon-all 
\n\n
status file for recon-all
Mon Jul 10 20:51:54 EDT 2017
#@# Fix Topology Copy rh Mon Jul 10 20:51:54 EDT 2017
#@# Fix Topology rh Mon Jul 10 20:51:54 EDT 2017
recon-all -s sub-01 finished without error at Mon Jul 10 21:41:42 EDT 2017
\n\n
New invocation of recon-all 
\n\n
status file for recon-all
Mon Jul 10 21:41:43 EDT 2017
#@# Make White Surf lh Mon Jul 10 21:41:43 EDT 2017
recon-all -s sub-01 finished without error at Mon Jul 10 22:07:03 EDT 2017
\n\n
New invocation of recon-all 
\n\n
status file for recon-all
Mon Jul 10 22:07:03 EDT 2017
#@# Make White Surf rh Mon Jul 10 22:07:03 EDT 2017
recon-all -s sub-01 finished without error at Mon Jul 10 22:31:33 EDT 2017
\n\n
New invocation of recon-all 
\n\n
status file for recon-all
Mon Jul 10 22:31:33 EDT 2017
#@# Smooth2 lh Mon Jul 10 22:31:33 EDT 2017
recon-all -s sub-01 finished without error at Mon Jul 10 22:31:46 EDT 2017
\n\n
New invocation of recon-all 
\n\n
status file for recon-all
Mon Jul 10 22:31:47 EDT 2017
#@# Inflation2 lh Mon Jul 10 22:31:47 EDT 2017
recon-all -s sub-01 finished without error at Mon Jul 10 22:32:42 EDT 2017
\n\n
New invocation of recon-all 
\n\n
status file for recon-all
Mon Jul 10 22:32:42 EDT 2017
#@# Sphere lh Mon Jul 10 22:32:42 EDT 2017
recon-all -s sub-01 finished without error at Mon Jul 10 23:45:16 EDT 2017
\n\n
New invocation of recon-all 
\n\n
status file for recon-all
Mon Jul 10 23:45:17 EDT 2017
#@# Surf Reg lh Mon Jul 10 23:45:17 EDT 2017
recon-all -s sub-01 finished without error at Tue Jul 11 01:10:37 EDT 2017
\n\n
New invocation of recon-all 
\n\n
status file for recon-all
Tue Jul 11 01:10:37 EDT 2017
#@# Cortical Parc lh Tue Jul 11 01:10:37 EDT 2017
recon-all -s sub-01 finished without error at Tue Jul 11 01:11:06 EDT 2017
\n\n
New invocation of recon-all 
\n\n
status file for recon-all
Tue Jul 11 01:11:07 EDT 2017
#@# Make Pial Surf lh Tue Jul 11 01:11:07 EDT 2017
#@# Surf Volume lh Tue Jul 11 01:36:57 EDT 2017
recon-all -s sub-01 finished without error at Tue Jul 11 01:37:04 EDT 2017
\n\n
New invocation of recon-all 
\n\n
status file for recon-all
Tue Jul 11 01:37:05 EDT 2017
#@# Surf Volume lh Tue Jul 11 01:37:05 EDT 2017
recon-all -s sub-01 finished without error at Tue Jul 11 01:37:12 EDT 2017
\n\n
New invocation of recon-all 
\n\n
status file for recon-all
Tue Jul 11 01:37:12 EDT 2017
#@# Smooth2 rh Tue Jul 11 01:37:12 EDT 2017
recon-all -s sub-01 finished without error at Tue Jul 11 01:37:29 EDT 2017
\n\n
New invocation of recon-all 
\n\n
status file for recon-all
Tue Jul 11 01:37:30 EDT 2017
#@# Inflation2 rh Tue Jul 11 01:37:30 EDT 2017
recon-all -s sub-01 finished without error at Tue Jul 11 01:38:42 EDT 2017
\n\n
New invocation of recon-all 
\n\n
status file for recon-all
Tue Jul 11 01:38:43 EDT 2017
#@# Sphere rh Tue Jul 11 01:38:43 EDT 2017
recon-all -s sub-01 finished without error at Tue Jul 11 02:53:14 EDT 2017
\n\n
New invocation of recon-all 
\n\n
status file for recon-all
Tue Jul 11 02:53:14 EDT 2017
#@# Surf Reg rh Tue Jul 11 02:53:14 EDT 2017
recon-all -s sub-01 finished without error at Tue Jul 11 04:41:36 EDT 2017
\n\n
New invocation of recon-all 
\n\n
status file for recon-all
Tue Jul 11 04:41:37 EDT 2017
#@# Cortical Parc rh Tue Jul 11 04:41:37 EDT 2017
recon-all -s sub-01 finished without error at Tue Jul 11 04:42:09 EDT 2017
\n\n
New invocation of recon-all 
\n\n
status file for recon-all
Tue Jul 11 04:42:10 EDT 2017
#@# Make Pial Surf rh Tue Jul 11 04:42:10 EDT 2017
#@# Surf Volume rh Tue Jul 11 05:06:24 EDT 2017
recon-all -s sub-01 finished without error at Tue Jul 11 05:06:30 EDT 2017
\n\n
New invocation of recon-all 
\n\n
status file for recon-all
Tue Jul 11 05:06:31 EDT 2017
#@# Surf Volume rh Tue Jul 11 05:06:31 EDT 2017
recon-all -s sub-01 finished without error at Tue Jul 11 05:06:37 EDT 2017
\n\n
New invocation of recon-all 
\n\n
status file for recon-all
Tue Jul 11 05:06:37 EDT 2017
#@# Curv .H and .K lh Tue Jul 11 05:06:37 EDT 2017
recon-all -s sub-01 finished without error at Tue Jul 11 05:08:21 EDT 2017
\n\n
New invocation of recon-all 
\n\n
status file for recon-all
Tue Jul 11 05:08:21 EDT 2017
#@# Curv .H and .K rh Tue Jul 11 05:08:21 EDT 2017
recon-all -s sub-01 finished without error at Tue Jul 11 05:10:05 EDT 2017
\n\n
New invocation of recon-all 
\n\n
status file for recon-all
Tue Jul 11 05:10:05 EDT 2017
#@# Curvature Stats lh Tue Jul 11 05:10:05 EDT 2017
recon-all -s sub-01 finished without error at Tue Jul 11 05:10:14 EDT 2017
\n\n
New invocation of recon-all 
\n\n
status file for recon-all
Tue Jul 11 05:10:15 EDT 2017
#@# Curvature Stats rh Tue Jul 11 05:10:15 EDT 2017
recon-all -s sub-01 finished without error at Tue Jul 11 05:10:24 EDT 2017
\n\n
New invocation of recon-all 
\n\n
status file for recon-all
Tue Jul 11 05:10:24 EDT 2017
#@# Jacobian white lh Tue Jul 11 05:10:24 EDT 2017
recon-all -s sub-01 finished without error at Tue Jul 11 05:10:28 EDT 2017
\n\n
New invocation of recon-all 
\n\n
status file for recon-all
Tue Jul 11 05:10:28 EDT 2017
#@# Jacobian white rh Tue Jul 11 05:10:28 EDT 2017
recon-all -s sub-01 finished without error at Tue Jul 11 05:10:31 EDT 2017
\n\n
New invocation of recon-all 
\n\n
status file for recon-all
Tue Jul 11 05:10:32 EDT 2017
#@# AvgCurv lh Tue Jul 11 05:10:32 EDT 2017
recon-all -s sub-01 finished without error at Tue Jul 11 05:10:35 EDT 2017
\n\n
New invocation of recon-all 
\n\n
status file for recon-all
Tue Jul 11 05:10:35 EDT 2017
#@# AvgCurv rh Tue Jul 11 05:10:35 EDT 2017
recon-all -s sub-01 finished without error at Tue Jul 11 05:10:38 EDT 2017
\n\n
New invocation of recon-all 
\n\n
status file for recon-all
Tue Jul 11 05:10:39 EDT 2017
#@# Cortical ribbon mask Tue Jul 11 05:10:39 EDT 2017
recon-all -s sub-01 finished without error at Tue Jul 11 05:31:51 EDT 2017
\n\n
New invocation of recon-all 
\n\n
status file for recon-all
Tue Jul 11 05:31:52 EDT 2017
#@# Parcellation Stats lh Tue Jul 11 05:31:52 EDT 2017
recon-all -s sub-01 finished without error at Tue Jul 11 05:35:37 EDT 2017
\n\n
New invocation of recon-all 
\n\n
status file for recon-all
Tue Jul 11 05:35:38 EDT 2017
#@# Parcellation Stats rh Tue Jul 11 05:35:38 EDT 2017
recon-all -s sub-01 finished without error at Tue Jul 11 05:39:07 EDT 2017
\n\n
New invocation of recon-all 
\n\n
status file for recon-all
Tue Jul 11 05:39:07 EDT 2017
#@# Cortical Parc 2 lh Tue Jul 11 05:39:07 EDT 2017
recon-all -s sub-01 finished without error at Tue Jul 11 05:39:46 EDT 2017
\n\n
New invocation of recon-all 
\n\n
status file for recon-all
Tue Jul 11 05:39:46 EDT 2017
#@# Cortical Parc 2 rh Tue Jul 11 05:39:46 EDT 2017
recon-all -s sub-01 finished without error at Tue Jul 11 05:40:22 EDT 2017
\n\n
New invocation of recon-all 
\n\n
status file for recon-all
Tue Jul 11 05:40:23 EDT 2017
#@# Parcellation Stats 2 lh Tue Jul 11 05:40:23 EDT 2017
recon-all -s sub-01 finished without error at Tue Jul 11 05:42:13 EDT 2017
\n\n
New invocation of recon-all 
\n\n
status file for recon-all
Tue Jul 11 05:42:13 EDT 2017
#@# Parcellation Stats 2 rh Tue Jul 11 05:42:13 EDT 2017
recon-all -s sub-01 finished without error at Tue Jul 11 05:44:05 EDT 2017
\n\n
New invocation of recon-all 
\n\n
status file for recon-all
Tue Jul 11 05:44:05 EDT 2017
#@# Cortical Parc 3 lh Tue Jul 11 05:44:05 EDT 2017
recon-all -s sub-01 finished without error at Tue Jul 11 05:44:37 EDT 2017
\n\n
New invocation of recon-all 
\n\n
status file for recon-all
Tue Jul 11 05:44:37 EDT 2017
#@# Cortical Parc 3 rh Tue Jul 11 05:44:37 EDT 2017
recon-all -s sub-01 finished without error at Tue Jul 11 05:45:08 EDT 2017
\n\n
New invocation of recon-all 
\n\n
status file for recon-all
Tue Jul 11 05:45:08 EDT 2017
#@# Parcellation Stats 3 lh Tue Jul 11 05:45:08 EDT 2017
recon-all -s sub-01 finished without error at Tue Jul 11 05:46:55 EDT 2017
\n\n
New invocation of recon-all 
\n\n
status file for recon-all
Tue Jul 11 05:46:56 EDT 2017
#@# Parcellation Stats 3 rh Tue Jul 11 05:46:56 EDT 2017
recon-all -s sub-01 finished without error at Tue Jul 11 05:48:43 EDT 2017
\n\n
New invocation of recon-all 
\n\n
status file for recon-all
Tue Jul 11 05:48:44 EDT 2017
#@# WM/GM Contrast lh Tue Jul 11 05:48:44 EDT 2017
recon-all -s sub-01 finished without error at Tue Jul 11 05:48:55 EDT 2017
\n\n
New invocation of recon-all 
\n\n
status file for recon-all
Tue Jul 11 05:48:56 EDT 2017
#@# WM/GM Contrast rh Tue Jul 11 05:48:56 EDT 2017
recon-all -s sub-01 finished without error at Tue Jul 11 05:49:06 EDT 2017
\n\n
New invocation of recon-all 
\n\n
status file for recon-all
Tue Jul 11 05:49:06 EDT 2017
#@# Relabel Hypointensities Tue Jul 11 05:49:06 EDT 2017
recon-all -s sub-01 finished without error at Tue Jul 11 05:49:53 EDT 2017
\n\n
New invocation of recon-all 
\n\n
status file for recon-all
Tue Jul 11 05:49:53 EDT 2017
#@# AParc-to-ASeg aparc Tue Jul 11 05:49:53 EDT 2017
#@# AParc-to-ASeg a2009s Tue Jul 11 06:03:06 EDT 2017
#@# AParc-to-ASeg DKTatlas Tue Jul 11 06:15:43 EDT 2017
recon-all -s sub-01 finished without error at Tue Jul 11 06:28:06 EDT 2017
\n\n
New invocation of recon-all 
\n\n
status file for recon-all
Tue Jul 11 06:28:07 EDT 2017
#@# APas-to-ASeg Tue Jul 11 06:28:07 EDT 2017
recon-all -s sub-01 finished without error at Tue Jul 11 06:28:16 EDT 2017
\n\n
New invocation of recon-all 
\n\n
status file for recon-all
Tue Jul 11 06:28:16 EDT 2017
#@# ASeg Stats Tue Jul 11 06:28:16 EDT 2017
recon-all -s sub-01 finished without error at Tue Jul 11 06:34:01 EDT 2017
\n\n
New invocation of recon-all 
\n\n
status file for recon-all
Tue Jul 11 06:34:02 EDT 2017
#@# WMParc Tue Jul 11 06:34:02 EDT 2017
recon-all -s sub-01 finished without error at Tue Jul 11 06:58:54 EDT 2017
\n\n
New invocation of recon-all 
\n\n
status file for recon-all
Tue Jul 11 06:58:54 EDT 2017
#@# BA_exvivo Labels lh Tue Jul 11 06:58:54 EDT 2017
recon-all -s sub-01 finished without error at Tue Jul 11 07:06:46 EDT 2017
\n\n
New invocation of recon-all 
\n\n
status file for recon-all
Tue Jul 11 07:06:47 EDT 2017
#@# BA_exvivo Labels rh Tue Jul 11 07:06:47 EDT 2017
recon-all -s sub-01 finished without error at Tue Jul 11 07:14:16 EDT 2017
