status file for recon-all
Thu Jul  6 19:10:28 EDT 2017
#@# MotionCor Thu Jul  6 19:10:36 EDT 2017
#@# Deface Thu Jul  6 19:10:47 EDT 2017
#@# Talairach Thu Jul  6 19:13:01 EDT 2017
#@# Talairach Failure Detection Thu Jul  6 19:14:45 EDT 2017
#@# Nu Intensity Correction Thu Jul  6 19:14:45 EDT 2017
#@# Intensity Normalization Thu Jul  6 19:16:31 EDT 2017
#@# Skull Stripping Thu Jul  6 19:19:50 EDT 2017
#@# EM Registration Thu Jul  6 19:34:03 EDT 2017
#@# CA Normalize Thu Jul  6 19:44:07 EDT 2017
#@# CA Reg Thu Jul  6 19:46:58 EDT 2017
#@# SubCort Seg Thu Jul  6 22:35:51 EDT 2017
#@# Merge ASeg Thu Jul  6 23:41:01 EDT 2017
#@# Intensity Normalization2 Thu Jul  6 23:41:01 EDT 2017
#@# Mask BFS Thu Jul  6 23:44:07 EDT 2017
#@# WM Segmentation Thu Jul  6 23:44:08 EDT 2017
#@# Fill Thu Jul  6 23:46:35 EDT 2017
#@# Tessellate lh Thu Jul  6 23:47:19 EDT 2017
#@# Tessellate rh Thu Jul  6 23:47:25 EDT 2017
#@# Smooth1 lh Thu Jul  6 23:47:30 EDT 2017
#@# Smooth1 rh Thu Jul  6 23:47:30 EDT 2017
Darwin trash-can.local 15.6.0 Darwin Kernel Version 15.6.0: Thu Jun 23 18:25:34 PDT 2016; root:xnu-3248.60.10~1/RELEASE_X86_64 x86_64 i386 MacPro6,1 Darwin

recon-all -s sub-07 exited with ERRORS at Thu Jul  6 23:47:31 EDT 2017

\n\n
New invocation of recon-all 
\n\n
status file for recon-all
Fri Jul  7 09:49:41 EDT 2017
#@# Smooth1 lh Fri Jul  7 09:49:41 EDT 2017
recon-all -s sub-07 finished without error at Fri Jul  7 09:49:52 EDT 2017
\n\n
New invocation of recon-all 
\n\n
status file for recon-all
Fri Jul  7 09:49:53 EDT 2017
#@# Smooth1 rh Fri Jul  7 09:49:53 EDT 2017
recon-all -s sub-07 finished without error at Fri Jul  7 09:50:06 EDT 2017
\n\n
New invocation of recon-all 
\n\n
status file for recon-all
Fri Jul  7 09:50:06 EDT 2017
#@# Inflation1 lh Fri Jul  7 09:50:06 EDT 2017
recon-all -s sub-07 finished without error at Fri Jul  7 09:50:44 EDT 2017
\n\n
New invocation of recon-all 
\n\n
status file for recon-all
Fri Jul  7 09:50:45 EDT 2017
#@# Inflation1 rh Fri Jul  7 09:50:45 EDT 2017
recon-all -s sub-07 finished without error at Fri Jul  7 09:51:29 EDT 2017
\n\n
New invocation of recon-all 
\n\n
status file for recon-all
Fri Jul  7 09:51:30 EDT 2017
#@# QSphere lh Fri Jul  7 09:51:30 EDT 2017
recon-all -s sub-07 finished without error at Fri Jul  7 09:54:53 EDT 2017
\n\n
New invocation of recon-all 
\n\n
status file for recon-all
Fri Jul  7 09:54:53 EDT 2017
#@# QSphere rh Fri Jul  7 09:54:53 EDT 2017
recon-all -s sub-07 finished without error at Fri Jul  7 09:57:27 EDT 2017
\n\n
New invocation of recon-all 
\n\n
status file for recon-all
Fri Jul  7 09:57:27 EDT 2017
#@# Fix Topology Copy lh Fri Jul  7 09:57:27 EDT 2017
#@# Fix Topology lh Fri Jul  7 09:57:28 EDT 2017
recon-all -s sub-07 finished without error at Fri Jul  7 10:49:06 EDT 2017
\n\n
New invocation of recon-all 
\n\n
status file for recon-all
Fri Jul  7 10:49:06 EDT 2017
#@# Fix Topology Copy rh Fri Jul  7 10:49:06 EDT 2017
#@# Fix Topology rh Fri Jul  7 10:49:06 EDT 2017
recon-all -s sub-07 finished without error at Fri Jul  7 11:48:12 EDT 2017
\n\n
New invocation of recon-all 
\n\n
status file for recon-all
Fri Jul  7 11:48:13 EDT 2017
#@# Make White Surf lh Fri Jul  7 11:48:13 EDT 2017
recon-all -s sub-07 finished without error at Fri Jul  7 12:15:24 EDT 2017
\n\n
New invocation of recon-all 
\n\n
status file for recon-all
Fri Jul  7 12:15:24 EDT 2017
#@# Make White Surf rh Fri Jul  7 12:15:24 EDT 2017
recon-all -s sub-07 finished without error at Fri Jul  7 12:45:18 EDT 2017
\n\n
New invocation of recon-all 
\n\n
status file for recon-all
Fri Jul  7 12:45:19 EDT 2017
#@# Smooth2 lh Fri Jul  7 12:45:19 EDT 2017
recon-all -s sub-07 finished without error at Fri Jul  7 12:45:34 EDT 2017
\n\n
New invocation of recon-all 
\n\n
status file for recon-all
Fri Jul  7 12:45:35 EDT 2017
#@# Inflation2 lh Fri Jul  7 12:45:35 EDT 2017
recon-all -s sub-07 finished without error at Fri Jul  7 12:46:09 EDT 2017
\n\n
New invocation of recon-all 
\n\n
status file for recon-all
Fri Jul  7 12:46:09 EDT 2017
#@# Sphere lh Fri Jul  7 12:46:10 EDT 2017
recon-all -s sub-07 finished without error at Fri Jul  7 13:13:45 EDT 2017
\n\n
New invocation of recon-all 
\n\n
status file for recon-all
Fri Jul  7 13:13:45 EDT 2017
#@# Surf Reg lh Fri Jul  7 13:13:45 EDT 2017
recon-all -s sub-07 finished without error at Fri Jul  7 14:04:23 EDT 2017
\n\n
New invocation of recon-all 
\n\n
status file for recon-all
Fri Jul  7 14:04:23 EDT 2017
#@# Cortical Parc lh Fri Jul  7 14:04:24 EDT 2017
recon-all -s sub-07 finished without error at Fri Jul  7 14:04:55 EDT 2017
\n\n
New invocation of recon-all 
\n\n
status file for recon-all
Fri Jul  7 14:04:56 EDT 2017
#@# Make Pial Surf lh Fri Jul  7 14:04:56 EDT 2017
#@# Surf Volume lh Fri Jul  7 14:28:55 EDT 2017
recon-all -s sub-07 finished without error at Fri Jul  7 14:29:00 EDT 2017
\n\n
New invocation of recon-all 
\n\n
status file for recon-all
Fri Jul  7 14:29:00 EDT 2017
#@# Surf Volume lh Fri Jul  7 14:29:00 EDT 2017
recon-all -s sub-07 finished without error at Fri Jul  7 14:29:06 EDT 2017
\n\n
New invocation of recon-all 
\n\n
status file for recon-all
Fri Jul  7 14:29:06 EDT 2017
#@# Smooth2 rh Fri Jul  7 14:29:06 EDT 2017
recon-all -s sub-07 finished without error at Fri Jul  7 14:29:18 EDT 2017
\n\n
New invocation of recon-all 
\n\n
status file for recon-all
Fri Jul  7 14:29:18 EDT 2017
#@# Inflation2 rh Fri Jul  7 14:29:18 EDT 2017
recon-all -s sub-07 finished without error at Fri Jul  7 14:29:44 EDT 2017
\n\n
New invocation of recon-all 
\n\n
status file for recon-all
Fri Jul  7 14:29:44 EDT 2017
#@# Sphere rh Fri Jul  7 14:29:44 EDT 2017
recon-all -s sub-07 finished without error at Fri Jul  7 14:53:34 EDT 2017
\n\n
New invocation of recon-all 
\n\n
status file for recon-all
Fri Jul  7 14:53:35 EDT 2017
#@# Surf Reg rh Fri Jul  7 14:53:35 EDT 2017
recon-all -s sub-07 finished without error at Fri Jul  7 15:37:32 EDT 2017
\n\n
New invocation of recon-all 
\n\n
status file for recon-all
Fri Jul  7 15:37:32 EDT 2017
#@# Cortical Parc rh Fri Jul  7 15:37:32 EDT 2017
recon-all -s sub-07 finished without error at Fri Jul  7 15:37:49 EDT 2017
\n\n
New invocation of recon-all 
\n\n
status file for recon-all
Fri Jul  7 15:37:50 EDT 2017
#@# Make Pial Surf rh Fri Jul  7 15:37:50 EDT 2017
#@# Surf Volume rh Fri Jul  7 15:56:54 EDT 2017
recon-all -s sub-07 finished without error at Fri Jul  7 15:56:59 EDT 2017
\n\n
New invocation of recon-all 
\n\n
status file for recon-all
Fri Jul  7 15:56:59 EDT 2017
#@# Surf Volume rh Fri Jul  7 15:56:59 EDT 2017
recon-all -s sub-07 finished without error at Fri Jul  7 15:57:03 EDT 2017
\n\n
New invocation of recon-all 
\n\n
status file for recon-all
Fri Jul  7 15:57:03 EDT 2017
#@# Curv .H and .K lh Fri Jul  7 15:57:03 EDT 2017
recon-all -s sub-07 finished without error at Fri Jul  7 15:58:24 EDT 2017
\n\n
New invocation of recon-all 
\n\n
status file for recon-all
Fri Jul  7 15:58:24 EDT 2017
#@# Curv .H and .K rh Fri Jul  7 15:58:24 EDT 2017
recon-all -s sub-07 finished without error at Fri Jul  7 15:59:46 EDT 2017
\n\n
New invocation of recon-all 
\n\n
status file for recon-all
Fri Jul  7 15:59:46 EDT 2017
#@# Curvature Stats lh Fri Jul  7 15:59:46 EDT 2017
recon-all -s sub-07 finished without error at Fri Jul  7 15:59:53 EDT 2017
\n\n
New invocation of recon-all 
\n\n
status file for recon-all
Fri Jul  7 15:59:53 EDT 2017
#@# Curvature Stats rh Fri Jul  7 15:59:53 EDT 2017
recon-all -s sub-07 finished without error at Fri Jul  7 15:59:59 EDT 2017
\n\n
New invocation of recon-all 
\n\n
status file for recon-all
Fri Jul  7 16:00:00 EDT 2017
#@# Jacobian white lh Fri Jul  7 16:00:00 EDT 2017
recon-all -s sub-07 finished without error at Fri Jul  7 16:00:02 EDT 2017
\n\n
New invocation of recon-all 
\n\n
status file for recon-all
Fri Jul  7 16:00:02 EDT 2017
#@# Jacobian white rh Fri Jul  7 16:00:02 EDT 2017
recon-all -s sub-07 finished without error at Fri Jul  7 16:00:04 EDT 2017
\n\n
New invocation of recon-all 
\n\n
status file for recon-all
Fri Jul  7 16:00:04 EDT 2017
#@# AvgCurv lh Fri Jul  7 16:00:04 EDT 2017
recon-all -s sub-07 finished without error at Fri Jul  7 16:00:06 EDT 2017
\n\n
New invocation of recon-all 
\n\n
status file for recon-all
Fri Jul  7 16:00:06 EDT 2017
#@# AvgCurv rh Fri Jul  7 16:00:06 EDT 2017
recon-all -s sub-07 finished without error at Fri Jul  7 16:00:08 EDT 2017
\n\n
New invocation of recon-all 
\n\n
status file for recon-all
Fri Jul  7 16:00:08 EDT 2017
#@# Cortical ribbon mask Fri Jul  7 16:00:09 EDT 2017
recon-all -s sub-07 finished without error at Fri Jul  7 16:15:48 EDT 2017
\n\n
New invocation of recon-all 
\n\n
status file for recon-all
Fri Jul  7 16:15:48 EDT 2017
#@# Parcellation Stats lh Fri Jul  7 16:15:48 EDT 2017
recon-all -s sub-07 finished without error at Fri Jul  7 16:17:18 EDT 2017
\n\n
New invocation of recon-all 
\n\n
status file for recon-all
Fri Jul  7 16:17:19 EDT 2017
#@# Parcellation Stats rh Fri Jul  7 16:17:19 EDT 2017
recon-all -s sub-07 finished without error at Fri Jul  7 16:18:48 EDT 2017
\n\n
New invocation of recon-all 
\n\n
status file for recon-all
Fri Jul  7 16:18:48 EDT 2017
#@# Cortical Parc 2 lh Fri Jul  7 16:18:48 EDT 2017
recon-all -s sub-07 finished without error at Fri Jul  7 16:19:10 EDT 2017
\n\n
New invocation of recon-all 
\n\n
status file for recon-all
Fri Jul  7 16:19:11 EDT 2017
#@# Cortical Parc 2 rh Fri Jul  7 16:19:11 EDT 2017
recon-all -s sub-07 finished without error at Fri Jul  7 16:19:34 EDT 2017
\n\n
New invocation of recon-all 
\n\n
status file for recon-all
Fri Jul  7 16:19:34 EDT 2017
#@# Parcellation Stats 2 lh Fri Jul  7 16:19:34 EDT 2017
recon-all -s sub-07 finished without error at Fri Jul  7 16:20:18 EDT 2017
\n\n
New invocation of recon-all 
\n\n
status file for recon-all
Fri Jul  7 16:20:18 EDT 2017
#@# Parcellation Stats 2 rh Fri Jul  7 16:20:18 EDT 2017
recon-all -s sub-07 finished without error at Fri Jul  7 16:21:02 EDT 2017
\n\n
New invocation of recon-all 
\n\n
status file for recon-all
Fri Jul  7 16:21:02 EDT 2017
#@# Cortical Parc 3 lh Fri Jul  7 16:21:02 EDT 2017
recon-all -s sub-07 finished without error at Fri Jul  7 16:21:19 EDT 2017
\n\n
New invocation of recon-all 
\n\n
status file for recon-all
Fri Jul  7 16:21:20 EDT 2017
#@# Cortical Parc 3 rh Fri Jul  7 16:21:20 EDT 2017
recon-all -s sub-07 finished without error at Fri Jul  7 16:21:38 EDT 2017
\n\n
New invocation of recon-all 
\n\n
status file for recon-all
Fri Jul  7 16:21:39 EDT 2017
#@# Parcellation Stats 3 lh Fri Jul  7 16:21:39 EDT 2017
recon-all -s sub-07 finished without error at Fri Jul  7 16:22:20 EDT 2017
\n\n
New invocation of recon-all 
\n\n
status file for recon-all
Fri Jul  7 16:22:20 EDT 2017
#@# Parcellation Stats 3 rh Fri Jul  7 16:22:20 EDT 2017
recon-all -s sub-07 finished without error at Fri Jul  7 16:23:03 EDT 2017
\n\n
New invocation of recon-all 
\n\n
status file for recon-all
Fri Jul  7 16:23:03 EDT 2017
#@# WM/GM Contrast lh Fri Jul  7 16:23:03 EDT 2017
recon-all -s sub-07 finished without error at Fri Jul  7 16:23:10 EDT 2017
\n\n
New invocation of recon-all 
\n\n
status file for recon-all
Fri Jul  7 16:23:10 EDT 2017
#@# WM/GM Contrast rh Fri Jul  7 16:23:10 EDT 2017
recon-all -s sub-07 finished without error at Fri Jul  7 16:23:17 EDT 2017
\n\n
New invocation of recon-all 
\n\n
status file for recon-all
Fri Jul  7 16:23:17 EDT 2017
#@# Relabel Hypointensities Fri Jul  7 16:23:17 EDT 2017
recon-all -s sub-07 finished without error at Fri Jul  7 16:23:45 EDT 2017
\n\n
New invocation of recon-all 
\n\n
status file for recon-all
Fri Jul  7 16:23:45 EDT 2017
#@# AParc-to-ASeg aparc Fri Jul  7 16:23:45 EDT 2017
#@# AParc-to-ASeg a2009s Fri Jul  7 16:28:53 EDT 2017
#@# AParc-to-ASeg DKTatlas Fri Jul  7 16:34:01 EDT 2017
recon-all -s sub-07 finished without error at Fri Jul  7 16:39:57 EDT 2017
\n\n
New invocation of recon-all 
\n\n
status file for recon-all
Fri Jul  7 16:39:57 EDT 2017
#@# APas-to-ASeg Fri Jul  7 16:39:57 EDT 2017
recon-all -s sub-07 finished without error at Fri Jul  7 16:40:04 EDT 2017
\n\n
New invocation of recon-all 
\n\n
status file for recon-all
Fri Jul  7 16:40:04 EDT 2017
#@# ASeg Stats Fri Jul  7 16:40:04 EDT 2017
recon-all -s sub-07 finished without error at Fri Jul  7 16:41:39 EDT 2017
\n\n
New invocation of recon-all 
\n\n
status file for recon-all
Fri Jul  7 16:41:39 EDT 2017
#@# WMParc Fri Jul  7 16:41:39 EDT 2017
recon-all -s sub-07 finished without error at Fri Jul  7 16:50:05 EDT 2017
\n\n
New invocation of recon-all 
\n\n
status file for recon-all
Fri Jul  7 16:50:06 EDT 2017
#@# BA_exvivo Labels lh Fri Jul  7 16:50:06 EDT 2017
recon-all -s sub-07 finished without error at Fri Jul  7 16:55:45 EDT 2017
\n\n
New invocation of recon-all 
\n\n
status file for recon-all
Fri Jul  7 16:55:46 EDT 2017
#@# BA_exvivo Labels rh Fri Jul  7 16:55:46 EDT 2017
recon-all -s sub-07 finished without error at Fri Jul  7 17:01:10 EDT 2017
\n\n
New invocation of recon-all 
\n\n
status file for recon-all
Wed Jul 12 10:17:55 EDT 2017
#@# MotionCor Wed Jul 12 10:17:55 EDT 2017
recon-all -s sub-07 finished without error at Wed Jul 12 10:18:04 EDT 2017
\n\n
New invocation of recon-all 
\n\n
status file for recon-all
Wed Jul 12 10:18:05 EDT 2017
#@# Talairach Wed Jul 12 10:18:05 EDT 2017
#@# Talairach Failure Detection Wed Jul 12 10:21:41 EDT 2017
recon-all -s sub-07 finished without error at Wed Jul 12 10:21:41 EDT 2017
\n\n
New invocation of recon-all 
\n\n
status file for recon-all
Wed Jul 12 10:21:42 EDT 2017
#@# Nu Intensity Correction Wed Jul 12 10:21:42 EDT 2017
recon-all -s sub-07 finished without error at Wed Jul 12 10:25:33 EDT 2017
\n\n
New invocation of recon-all 
\n\n
status file for recon-all
Wed Jul 12 10:25:34 EDT 2017
#@# Intensity Normalization Wed Jul 12 10:25:34 EDT 2017
recon-all -s sub-07 finished without error at Wed Jul 12 10:30:02 EDT 2017
\n\n
New invocation of recon-all 
\n\n
status file for recon-all
Wed Jul 12 10:30:03 EDT 2017
#@# Skull Stripping Wed Jul 12 10:30:03 EDT 2017
recon-all -s sub-07 finished without error at Wed Jul 12 10:31:10 EDT 2017
\n\n
New invocation of recon-all 
\n\n
status file for recon-all
Wed Jul 12 10:31:11 EDT 2017
#@# EM Registration Wed Jul 12 10:31:11 EDT 2017
recon-all -s sub-07 finished without error at Wed Jul 12 10:53:28 EDT 2017
\n\n
New invocation of recon-all 
\n\n
status file for recon-all
Wed Jul 12 10:53:29 EDT 2017
#@# CA Normalize Wed Jul 12 10:53:29 EDT 2017
recon-all -s sub-07 finished without error at Wed Jul 12 10:56:19 EDT 2017
\n\n
New invocation of recon-all 
\n\n
status file for recon-all
Wed Jul 12 10:56:20 EDT 2017
#@# CA Reg Wed Jul 12 10:56:20 EDT 2017
recon-all -s sub-07 finished without error at Wed Jul 12 16:24:28 EDT 2017
\n\n
New invocation of recon-all 
\n\n
status file for recon-all
Wed Jul 12 16:24:29 EDT 2017
#@# SubCort Seg Wed Jul 12 16:24:30 EDT 2017
#@# Merge ASeg Wed Jul 12 17:42:01 EDT 2017
recon-all -s sub-07 finished without error at Wed Jul 12 17:42:01 EDT 2017
\n\n
New invocation of recon-all 
\n\n
status file for recon-all
Wed Jul 12 17:42:02 EDT 2017
#@# Intensity Normalization2 Wed Jul 12 17:42:02 EDT 2017
recon-all -s sub-07 finished without error at Wed Jul 12 17:47:58 EDT 2017
\n\n
New invocation of recon-all 
\n\n
status file for recon-all
Wed Jul 12 17:47:59 EDT 2017
#@# Mask BFS Wed Jul 12 17:47:59 EDT 2017
recon-all -s sub-07 finished without error at Wed Jul 12 17:48:03 EDT 2017
\n\n
New invocation of recon-all 
\n\n
status file for recon-all
Wed Jul 12 17:48:04 EDT 2017
#@# WM Segmentation Wed Jul 12 17:48:04 EDT 2017
recon-all -s sub-07 finished without error at Wed Jul 12 17:51:51 EDT 2017
\n\n
New invocation of recon-all 
\n\n
status file for recon-all
Wed Jul 12 17:51:52 EDT 2017
#@# Fill Wed Jul 12 17:51:52 EDT 2017
recon-all -s sub-07 finished without error at Wed Jul 12 17:52:51 EDT 2017
\n\n
New invocation of recon-all 
\n\n
status file for recon-all
Wed Jul 12 17:52:51 EDT 2017
#@# Tessellate lh Wed Jul 12 17:52:51 EDT 2017
recon-all -s sub-07 finished without error at Wed Jul 12 17:53:03 EDT 2017
\n\n
New invocation of recon-all 
\n\n
status file for recon-all
Wed Jul 12 17:53:03 EDT 2017
#@# Tessellate rh Wed Jul 12 17:53:03 EDT 2017
recon-all -s sub-07 finished without error at Wed Jul 12 17:53:14 EDT 2017
\n\n
New invocation of recon-all 
\n\n
status file for recon-all
Wed Jul 12 17:53:15 EDT 2017
#@# Smooth1 lh Wed Jul 12 17:53:15 EDT 2017
recon-all -s sub-07 finished without error at Wed Jul 12 17:53:30 EDT 2017
\n\n
New invocation of recon-all 
\n\n
status file for recon-all
Wed Jul 12 17:53:30 EDT 2017
#@# Smooth1 rh Wed Jul 12 17:53:30 EDT 2017
recon-all -s sub-07 finished without error at Wed Jul 12 17:53:46 EDT 2017
\n\n
New invocation of recon-all 
\n\n
status file for recon-all
Wed Jul 12 17:53:46 EDT 2017
#@# Inflation1 lh Wed Jul 12 17:53:46 EDT 2017
recon-all -s sub-07 finished without error at Wed Jul 12 17:54:55 EDT 2017
\n\n
New invocation of recon-all 
\n\n
status file for recon-all
Wed Jul 12 17:54:55 EDT 2017
#@# Inflation1 rh Wed Jul 12 17:54:55 EDT 2017
recon-all -s sub-07 finished without error at Wed Jul 12 17:56:00 EDT 2017
\n\n
New invocation of recon-all 
\n\n
status file for recon-all
Wed Jul 12 17:56:00 EDT 2017
#@# QSphere lh Wed Jul 12 17:56:00 EDT 2017
recon-all -s sub-07 finished without error at Wed Jul 12 18:02:24 EDT 2017
\n\n
New invocation of recon-all 
\n\n
status file for recon-all
Wed Jul 12 18:02:24 EDT 2017
#@# QSphere rh Wed Jul 12 18:02:24 EDT 2017
recon-all -s sub-07 finished without error at Wed Jul 12 18:08:16 EDT 2017
\n\n
New invocation of recon-all 
\n\n
status file for recon-all
Wed Jul 12 18:08:17 EDT 2017
#@# Fix Topology Copy lh Wed Jul 12 18:08:17 EDT 2017
#@# Fix Topology lh Wed Jul 12 18:08:17 EDT 2017
recon-all -s sub-07 finished without error at Wed Jul 12 19:30:16 EDT 2017
\n\n
New invocation of recon-all 
\n\n
status file for recon-all
Wed Jul 12 19:30:16 EDT 2017
#@# Fix Topology Copy rh Wed Jul 12 19:30:16 EDT 2017
#@# Fix Topology rh Wed Jul 12 19:30:16 EDT 2017
recon-all -s sub-07 finished without error at Wed Jul 12 20:40:03 EDT 2017
\n\n
New invocation of recon-all 
\n\n
status file for recon-all
Wed Jul 12 20:40:03 EDT 2017
#@# Make White Surf lh Wed Jul 12 20:40:03 EDT 2017
recon-all -s sub-07 finished without error at Wed Jul 12 21:07:03 EDT 2017
\n\n
New invocation of recon-all 
\n\n
status file for recon-all
Wed Jul 12 21:07:03 EDT 2017
#@# Make White Surf rh Wed Jul 12 21:07:03 EDT 2017
recon-all -s sub-07 finished without error at Wed Jul 12 21:35:30 EDT 2017
\n\n
New invocation of recon-all 
\n\n
status file for recon-all
Wed Jul 12 21:35:30 EDT 2017
#@# Smooth2 lh Wed Jul 12 21:35:30 EDT 2017
recon-all -s sub-07 finished without error at Wed Jul 12 21:35:45 EDT 2017
\n\n
New invocation of recon-all 
\n\n
status file for recon-all
Wed Jul 12 21:35:46 EDT 2017
#@# Inflation2 lh Wed Jul 12 21:35:46 EDT 2017
recon-all -s sub-07 finished without error at Wed Jul 12 21:37:03 EDT 2017
\n\n
New invocation of recon-all 
\n\n
status file for recon-all
Wed Jul 12 21:37:03 EDT 2017
#@# Sphere lh Wed Jul 12 21:37:03 EDT 2017
recon-all -s sub-07 finished without error at Wed Jul 12 22:57:45 EDT 2017
\n\n
New invocation of recon-all 
\n\n
status file for recon-all
Wed Jul 12 22:57:46 EDT 2017
#@# Surf Reg lh Wed Jul 12 22:57:46 EDT 2017
recon-all -s sub-07 finished without error at Thu Jul 13 00:41:29 EDT 2017
\n\n
New invocation of recon-all 
\n\n
status file for recon-all
Thu Jul 13 00:41:29 EDT 2017
#@# Cortical Parc lh Thu Jul 13 00:41:29 EDT 2017
recon-all -s sub-07 finished without error at Thu Jul 13 00:42:02 EDT 2017
\n\n
New invocation of recon-all 
\n\n
status file for recon-all
Thu Jul 13 00:42:02 EDT 2017
#@# Make Pial Surf lh Thu Jul 13 00:42:03 EDT 2017
#@# Surf Volume lh Thu Jul 13 01:08:57 EDT 2017
recon-all -s sub-07 finished without error at Thu Jul 13 01:09:04 EDT 2017
\n\n
New invocation of recon-all 
\n\n
status file for recon-all
Thu Jul 13 01:09:04 EDT 2017
#@# Surf Volume lh Thu Jul 13 01:09:04 EDT 2017
recon-all -s sub-07 finished without error at Thu Jul 13 01:09:10 EDT 2017
\n\n
New invocation of recon-all 
\n\n
status file for recon-all
Thu Jul 13 01:09:10 EDT 2017
#@# Smooth2 rh Thu Jul 13 01:09:11 EDT 2017
recon-all -s sub-07 finished without error at Thu Jul 13 01:09:27 EDT 2017
\n\n
New invocation of recon-all 
\n\n
status file for recon-all
Thu Jul 13 01:09:28 EDT 2017
#@# Inflation2 rh Thu Jul 13 01:09:28 EDT 2017
recon-all -s sub-07 finished without error at Thu Jul 13 01:10:25 EDT 2017
\n\n
New invocation of recon-all 
\n\n
status file for recon-all
Thu Jul 13 01:10:25 EDT 2017
#@# Sphere rh Thu Jul 13 01:10:26 EDT 2017
recon-all -s sub-07 finished without error at Thu Jul 13 03:11:05 EDT 2017
\n\n
New invocation of recon-all 
\n\n
status file for recon-all
Thu Jul 13 03:11:06 EDT 2017
#@# Surf Reg rh Thu Jul 13 03:11:06 EDT 2017
recon-all -s sub-07 finished without error at Thu Jul 13 05:26:54 EDT 2017
\n\n
New invocation of recon-all 
\n\n
status file for recon-all
Thu Jul 13 05:26:55 EDT 2017
#@# Cortical Parc rh Thu Jul 13 05:26:55 EDT 2017
recon-all -s sub-07 finished without error at Thu Jul 13 05:27:29 EDT 2017
\n\n
New invocation of recon-all 
\n\n
status file for recon-all
Thu Jul 13 05:27:30 EDT 2017
#@# Make Pial Surf rh Thu Jul 13 05:27:30 EDT 2017
#@# Surf Volume rh Thu Jul 13 05:54:34 EDT 2017
recon-all -s sub-07 finished without error at Thu Jul 13 05:54:41 EDT 2017
\n\n
New invocation of recon-all 
\n\n
status file for recon-all
Thu Jul 13 05:54:42 EDT 2017
#@# Surf Volume rh Thu Jul 13 05:54:42 EDT 2017
recon-all -s sub-07 finished without error at Thu Jul 13 05:54:49 EDT 2017
\n\n
New invocation of recon-all 
\n\n
status file for recon-all
Thu Jul 13 05:54:49 EDT 2017
#@# Curv .H and .K lh Thu Jul 13 05:54:49 EDT 2017
recon-all -s sub-07 finished without error at Thu Jul 13 05:56:48 EDT 2017
\n\n
New invocation of recon-all 
\n\n
status file for recon-all
Thu Jul 13 05:56:48 EDT 2017
#@# Curv .H and .K rh Thu Jul 13 05:56:48 EDT 2017
recon-all -s sub-07 finished without error at Thu Jul 13 05:58:46 EDT 2017
\n\n
New invocation of recon-all 
\n\n
status file for recon-all
Thu Jul 13 05:58:47 EDT 2017
#@# Curvature Stats lh Thu Jul 13 05:58:47 EDT 2017
recon-all -s sub-07 finished without error at Thu Jul 13 05:58:57 EDT 2017
\n\n
New invocation of recon-all 
\n\n
status file for recon-all
Thu Jul 13 05:58:58 EDT 2017
#@# Curvature Stats rh Thu Jul 13 05:58:58 EDT 2017
recon-all -s sub-07 finished without error at Thu Jul 13 05:59:09 EDT 2017
\n\n
New invocation of recon-all 
\n\n
status file for recon-all
Thu Jul 13 05:59:09 EDT 2017
#@# Jacobian white lh Thu Jul 13 05:59:09 EDT 2017
recon-all -s sub-07 finished without error at Thu Jul 13 05:59:13 EDT 2017
\n\n
New invocation of recon-all 
\n\n
status file for recon-all
Thu Jul 13 05:59:14 EDT 2017
#@# Jacobian white rh Thu Jul 13 05:59:14 EDT 2017
recon-all -s sub-07 finished without error at Thu Jul 13 05:59:18 EDT 2017
\n\n
New invocation of recon-all 
\n\n
status file for recon-all
Thu Jul 13 05:59:19 EDT 2017
#@# AvgCurv lh Thu Jul 13 05:59:19 EDT 2017
recon-all -s sub-07 finished without error at Thu Jul 13 05:59:22 EDT 2017
\n\n
New invocation of recon-all 
\n\n
status file for recon-all
Thu Jul 13 05:59:23 EDT 2017
#@# AvgCurv rh Thu Jul 13 05:59:23 EDT 2017
recon-all -s sub-07 finished without error at Thu Jul 13 05:59:26 EDT 2017
\n\n
New invocation of recon-all 
\n\n
status file for recon-all
Thu Jul 13 05:59:26 EDT 2017
#@# Cortical ribbon mask Thu Jul 13 05:59:26 EDT 2017
recon-all -s sub-07 finished without error at Thu Jul 13 06:25:15 EDT 2017
\n\n
New invocation of recon-all 
\n\n
status file for recon-all
Thu Jul 13 06:25:16 EDT 2017
#@# Parcellation Stats lh Thu Jul 13 06:25:16 EDT 2017
recon-all -s sub-07 finished without error at Thu Jul 13 06:29:28 EDT 2017
\n\n
New invocation of recon-all 
\n\n
status file for recon-all
Thu Jul 13 06:29:28 EDT 2017
#@# Parcellation Stats rh Thu Jul 13 06:29:28 EDT 2017
recon-all -s sub-07 finished without error at Thu Jul 13 06:33:28 EDT 2017
\n\n
New invocation of recon-all 
\n\n
status file for recon-all
Thu Jul 13 06:33:28 EDT 2017
#@# Cortical Parc 2 lh Thu Jul 13 06:33:28 EDT 2017
recon-all -s sub-07 finished without error at Thu Jul 13 06:34:08 EDT 2017
\n\n
New invocation of recon-all 
\n\n
status file for recon-all
Thu Jul 13 06:34:08 EDT 2017
#@# Cortical Parc 2 rh Thu Jul 13 06:34:08 EDT 2017
recon-all -s sub-07 finished without error at Thu Jul 13 06:34:48 EDT 2017
\n\n
New invocation of recon-all 
\n\n
status file for recon-all
Thu Jul 13 06:34:49 EDT 2017
#@# Parcellation Stats 2 lh Thu Jul 13 06:34:49 EDT 2017
recon-all -s sub-07 finished without error at Thu Jul 13 06:36:54 EDT 2017
\n\n
New invocation of recon-all 
\n\n
status file for recon-all
Thu Jul 13 06:36:54 EDT 2017
#@# Parcellation Stats 2 rh Thu Jul 13 06:36:55 EDT 2017
recon-all -s sub-07 finished without error at Thu Jul 13 06:39:04 EDT 2017
\n\n
New invocation of recon-all 
\n\n
status file for recon-all
Thu Jul 13 06:39:04 EDT 2017
#@# Cortical Parc 3 lh Thu Jul 13 06:39:04 EDT 2017
recon-all -s sub-07 finished without error at Thu Jul 13 06:39:38 EDT 2017
\n\n
New invocation of recon-all 
\n\n
status file for recon-all
Thu Jul 13 06:39:38 EDT 2017
#@# Cortical Parc 3 rh Thu Jul 13 06:39:38 EDT 2017
recon-all -s sub-07 finished without error at Thu Jul 13 06:40:10 EDT 2017
\n\n
New invocation of recon-all 
\n\n
status file for recon-all
Thu Jul 13 06:40:10 EDT 2017
#@# Parcellation Stats 3 lh Thu Jul 13 06:40:10 EDT 2017
recon-all -s sub-07 finished without error at Thu Jul 13 06:42:10 EDT 2017
\n\n
New invocation of recon-all 
\n\n
status file for recon-all
Thu Jul 13 06:42:10 EDT 2017
#@# Parcellation Stats 3 rh Thu Jul 13 06:42:10 EDT 2017
recon-all -s sub-07 finished without error at Thu Jul 13 06:44:15 EDT 2017
\n\n
New invocation of recon-all 
\n\n
status file for recon-all
Thu Jul 13 06:44:16 EDT 2017
#@# WM/GM Contrast lh Thu Jul 13 06:44:16 EDT 2017
recon-all -s sub-07 finished without error at Thu Jul 13 06:44:28 EDT 2017
\n\n
New invocation of recon-all 
\n\n
status file for recon-all
Thu Jul 13 06:44:28 EDT 2017
#@# WM/GM Contrast rh Thu Jul 13 06:44:28 EDT 2017
recon-all -s sub-07 finished without error at Thu Jul 13 06:44:40 EDT 2017
\n\n
New invocation of recon-all 
\n\n
status file for recon-all
Thu Jul 13 06:44:40 EDT 2017
#@# Relabel Hypointensities Thu Jul 13 06:44:40 EDT 2017
recon-all -s sub-07 finished without error at Thu Jul 13 06:45:31 EDT 2017
\n\n
New invocation of recon-all 
\n\n
status file for recon-all
Thu Jul 13 06:45:32 EDT 2017
#@# AParc-to-ASeg aparc Thu Jul 13 06:45:32 EDT 2017
#@# AParc-to-ASeg a2009s Thu Jul 13 06:59:52 EDT 2017
#@# AParc-to-ASeg DKTatlas Thu Jul 13 07:14:32 EDT 2017
recon-all -s sub-07 finished without error at Thu Jul 13 07:28:50 EDT 2017
\n\n
New invocation of recon-all 
\n\n
status file for recon-all
Thu Jul 13 07:28:51 EDT 2017
#@# APas-to-ASeg Thu Jul 13 07:28:51 EDT 2017
recon-all -s sub-07 finished without error at Thu Jul 13 07:29:00 EDT 2017
\n\n
New invocation of recon-all 
\n\n
status file for recon-all
Thu Jul 13 07:29:00 EDT 2017
#@# ASeg Stats Thu Jul 13 07:29:00 EDT 2017
recon-all -s sub-07 finished without error at Thu Jul 13 07:35:40 EDT 2017
\n\n
New invocation of recon-all 
\n\n
status file for recon-all
Thu Jul 13 07:35:40 EDT 2017
#@# WMParc Thu Jul 13 07:35:40 EDT 2017
recon-all -s sub-07 finished without error at Thu Jul 13 08:03:07 EDT 2017
\n\n
New invocation of recon-all 
\n\n
status file for recon-all
Thu Jul 13 08:03:08 EDT 2017
#@# BA_exvivo Labels lh Thu Jul 13 08:03:08 EDT 2017
recon-all -s sub-07 finished without error at Thu Jul 13 08:10:53 EDT 2017
\n\n
New invocation of recon-all 
\n\n
status file for recon-all
Thu Jul 13 08:10:54 EDT 2017
#@# BA_exvivo Labels rh Thu Jul 13 08:10:54 EDT 2017
recon-all -s sub-07 finished without error at Thu Jul 13 08:18:41 EDT 2017
