status file for recon-all
Thu Jul  6 19:17:25 EDT 2017
#@# MotionCor Thu Jul  6 19:17:35 EDT 2017
#@# Deface Thu Jul  6 19:17:49 EDT 2017
#@# Talairach Thu Jul  6 19:21:07 EDT 2017
#@# Talairach Failure Detection Thu Jul  6 19:23:44 EDT 2017
#@# Nu Intensity Correction Thu Jul  6 19:23:44 EDT 2017
#@# Intensity Normalization Thu Jul  6 19:25:41 EDT 2017
#@# Skull Stripping Thu Jul  6 19:29:12 EDT 2017
#@# EM Registration Thu Jul  6 19:40:54 EDT 2017
#@# CA Normalize Thu Jul  6 19:54:45 EDT 2017
#@# CA Reg Thu Jul  6 19:57:24 EDT 2017
#@# SubCort Seg Thu Jul  6 22:10:25 EDT 2017
#@# Merge ASeg Thu Jul  6 23:17:36 EDT 2017
#@# Intensity Normalization2 Thu Jul  6 23:17:36 EDT 2017
#@# Mask BFS Thu Jul  6 23:20:50 EDT 2017
#@# WM Segmentation Thu Jul  6 23:20:51 EDT 2017
#@# Fill Thu Jul  6 23:23:27 EDT 2017
#@# Tessellate lh Thu Jul  6 23:24:10 EDT 2017
#@# Tessellate rh Thu Jul  6 23:24:15 EDT 2017
#@# Smooth1 lh Thu Jul  6 23:24:21 EDT 2017
#@# Smooth1 rh Thu Jul  6 23:24:21 EDT 2017
Darwin trash-can.local 15.6.0 Darwin Kernel Version 15.6.0: Thu Jun 23 18:25:34 PDT 2016; root:xnu-3248.60.10~1/RELEASE_X86_64 x86_64 i386 MacPro6,1 Darwin

recon-all -s sub-05 exited with ERRORS at Thu Jul  6 23:24:22 EDT 2017

\n\n
New invocation of recon-all 
\n\n
status file for recon-all
Fri Jul  7 09:47:34 EDT 2017
#@# Smooth1 lh Fri Jul  7 09:47:34 EDT 2017
recon-all -s sub-05 finished without error at Fri Jul  7 09:47:43 EDT 2017
\n\n
New invocation of recon-all 
\n\n
status file for recon-all
Fri Jul  7 09:47:44 EDT 2017
#@# Smooth1 rh Fri Jul  7 09:47:44 EDT 2017
recon-all -s sub-05 finished without error at Fri Jul  7 09:47:54 EDT 2017
\n\n
New invocation of recon-all 
\n\n
status file for recon-all
Fri Jul  7 09:47:54 EDT 2017
#@# Inflation1 lh Fri Jul  7 09:47:54 EDT 2017
recon-all -s sub-05 finished without error at Fri Jul  7 09:48:18 EDT 2017
\n\n
New invocation of recon-all 
\n\n
status file for recon-all
Fri Jul  7 09:48:18 EDT 2017
#@# Inflation1 rh Fri Jul  7 09:48:18 EDT 2017
recon-all -s sub-05 finished without error at Fri Jul  7 09:48:43 EDT 2017
\n\n
New invocation of recon-all 
\n\n
status file for recon-all
Fri Jul  7 09:48:44 EDT 2017
#@# QSphere lh Fri Jul  7 09:48:44 EDT 2017
recon-all -s sub-05 finished without error at Fri Jul  7 09:51:59 EDT 2017
\n\n
New invocation of recon-all 
\n\n
status file for recon-all
Fri Jul  7 09:52:00 EDT 2017
#@# QSphere rh Fri Jul  7 09:52:00 EDT 2017
recon-all -s sub-05 finished without error at Fri Jul  7 09:55:15 EDT 2017
\n\n
New invocation of recon-all 
\n\n
status file for recon-all
Fri Jul  7 09:55:15 EDT 2017
#@# Fix Topology Copy lh Fri Jul  7 09:55:15 EDT 2017
#@# Fix Topology lh Fri Jul  7 09:55:15 EDT 2017
\n\n
New invocation of recon-all 
\n\n
status file for recon-all
Thu Jul 13 02:55:55 EDT 2017
#@# MotionCor Thu Jul 13 02:55:55 EDT 2017
recon-all -s sub-05 finished without error at Thu Jul 13 02:56:05 EDT 2017
\n\n
New invocation of recon-all 
\n\n
status file for recon-all
Thu Jul 13 02:56:05 EDT 2017
#@# Talairach Thu Jul 13 02:56:05 EDT 2017
#@# Talairach Failure Detection Thu Jul 13 02:58:21 EDT 2017
recon-all -s sub-05 finished without error at Thu Jul 13 02:58:21 EDT 2017
\n\n
New invocation of recon-all 
\n\n
status file for recon-all
Thu Jul 13 02:58:22 EDT 2017
#@# Nu Intensity Correction Thu Jul 13 02:58:22 EDT 2017
recon-all -s sub-05 finished without error at Thu Jul 13 03:01:03 EDT 2017
\n\n
New invocation of recon-all 
\n\n
status file for recon-all
Thu Jul 13 03:01:04 EDT 2017
#@# Intensity Normalization Thu Jul 13 03:01:04 EDT 2017
recon-all -s sub-05 finished without error at Thu Jul 13 03:04:24 EDT 2017
\n\n
New invocation of recon-all 
\n\n
status file for recon-all
Thu Jul 13 03:04:25 EDT 2017
#@# Skull Stripping Thu Jul 13 03:04:25 EDT 2017
recon-all -s sub-05 finished without error at Thu Jul 13 03:05:05 EDT 2017
\n\n
New invocation of recon-all 
\n\n
status file for recon-all
Thu Jul 13 03:05:05 EDT 2017
#@# EM Registration Thu Jul 13 03:05:05 EDT 2017
recon-all -s sub-05 finished without error at Thu Jul 13 03:26:25 EDT 2017
\n\n
New invocation of recon-all 
\n\n
status file for recon-all
Thu Jul 13 03:26:25 EDT 2017
#@# CA Normalize Thu Jul 13 03:26:25 EDT 2017
recon-all -s sub-05 finished without error at Thu Jul 13 03:28:19 EDT 2017
\n\n
New invocation of recon-all 
\n\n
status file for recon-all
Thu Jul 13 03:28:20 EDT 2017
#@# CA Reg Thu Jul 13 03:28:20 EDT 2017
recon-all -s sub-05 finished without error at Thu Jul 13 07:59:38 EDT 2017
\n\n
New invocation of recon-all 
\n\n
status file for recon-all
Thu Jul 13 07:59:39 EDT 2017
#@# SubCort Seg Thu Jul 13 07:59:39 EDT 2017
#@# Merge ASeg Thu Jul 13 09:09:54 EDT 2017
recon-all -s sub-05 finished without error at Thu Jul 13 09:09:55 EDT 2017
\n\n
New invocation of recon-all 
\n\n
status file for recon-all
Thu Jul 13 09:09:55 EDT 2017
#@# Intensity Normalization2 Thu Jul 13 09:09:55 EDT 2017
recon-all -s sub-05 finished without error at Thu Jul 13 09:14:56 EDT 2017
\n\n
New invocation of recon-all 
\n\n
status file for recon-all
Thu Jul 13 09:14:57 EDT 2017
#@# Mask BFS Thu Jul 13 09:14:57 EDT 2017
recon-all -s sub-05 finished without error at Thu Jul 13 09:15:00 EDT 2017
\n\n
New invocation of recon-all 
\n\n
status file for recon-all
Thu Jul 13 09:15:01 EDT 2017
#@# WM Segmentation Thu Jul 13 09:15:01 EDT 2017
recon-all -s sub-05 finished without error at Thu Jul 13 09:18:17 EDT 2017
\n\n
New invocation of recon-all 
\n\n
status file for recon-all
Thu Jul 13 09:18:17 EDT 2017
#@# Fill Thu Jul 13 09:18:17 EDT 2017
recon-all -s sub-05 finished without error at Thu Jul 13 09:19:14 EDT 2017
\n\n
New invocation of recon-all 
\n\n
status file for recon-all
Thu Jul 13 09:19:14 EDT 2017
#@# Tessellate lh Thu Jul 13 09:19:14 EDT 2017
recon-all -s sub-05 finished without error at Thu Jul 13 09:19:25 EDT 2017
\n\n
New invocation of recon-all 
\n\n
status file for recon-all
Thu Jul 13 09:19:26 EDT 2017
#@# Tessellate rh Thu Jul 13 09:19:26 EDT 2017
recon-all -s sub-05 finished without error at Thu Jul 13 09:19:36 EDT 2017
\n\n
New invocation of recon-all 
\n\n
status file for recon-all
Thu Jul 13 09:19:37 EDT 2017
#@# Smooth1 lh Thu Jul 13 09:19:37 EDT 2017
recon-all -s sub-05 finished without error at Thu Jul 13 09:19:50 EDT 2017
\n\n
New invocation of recon-all 
\n\n
status file for recon-all
Thu Jul 13 09:19:50 EDT 2017
#@# Smooth1 rh Thu Jul 13 09:19:50 EDT 2017
recon-all -s sub-05 finished without error at Thu Jul 13 09:20:03 EDT 2017
\n\n
New invocation of recon-all 
\n\n
status file for recon-all
Thu Jul 13 09:20:03 EDT 2017
#@# Inflation1 lh Thu Jul 13 09:20:03 EDT 2017
recon-all -s sub-05 finished without error at Thu Jul 13 09:20:51 EDT 2017
\n\n
New invocation of recon-all 
\n\n
status file for recon-all
Thu Jul 13 09:20:51 EDT 2017
#@# Inflation1 rh Thu Jul 13 09:20:51 EDT 2017
recon-all -s sub-05 finished without error at Thu Jul 13 09:21:40 EDT 2017
\n\n
New invocation of recon-all 
\n\n
status file for recon-all
Thu Jul 13 09:21:41 EDT 2017
#@# QSphere lh Thu Jul 13 09:21:41 EDT 2017
recon-all -s sub-05 finished without error at Thu Jul 13 09:26:31 EDT 2017
\n\n
New invocation of recon-all 
\n\n
status file for recon-all
Thu Jul 13 09:26:31 EDT 2017
#@# QSphere rh Thu Jul 13 09:26:31 EDT 2017
recon-all -s sub-05 finished without error at Thu Jul 13 09:31:14 EDT 2017
\n\n
New invocation of recon-all 
\n\n
status file for recon-all
Thu Jul 13 09:31:14 EDT 2017
#@# Fix Topology Copy lh Thu Jul 13 09:31:14 EDT 2017
#@# Fix Topology lh Thu Jul 13 09:31:14 EDT 2017
recon-all -s sub-05 finished without error at Thu Jul 13 10:05:26 EDT 2017
\n\n
New invocation of recon-all 
\n\n
status file for recon-all
Thu Jul 13 10:05:27 EDT 2017
#@# Fix Topology Copy rh Thu Jul 13 10:05:27 EDT 2017
#@# Fix Topology rh Thu Jul 13 10:05:27 EDT 2017
recon-all -s sub-05 finished without error at Thu Jul 13 11:25:53 EDT 2017
\n\n
New invocation of recon-all 
\n\n
status file for recon-all
Thu Jul 13 11:25:55 EDT 2017
#@# Make White Surf lh Thu Jul 13 11:25:55 EDT 2017
recon-all -s sub-05 finished without error at Thu Jul 13 11:55:48 EDT 2017
\n\n
New invocation of recon-all 
\n\n
status file for recon-all
Thu Jul 13 11:55:49 EDT 2017
#@# Make White Surf rh Thu Jul 13 11:55:49 EDT 2017
recon-all -s sub-05 finished without error at Thu Jul 13 12:19:49 EDT 2017
\n\n
New invocation of recon-all 
\n\n
status file for recon-all
Thu Jul 13 12:19:50 EDT 2017
#@# Smooth2 lh Thu Jul 13 12:19:50 EDT 2017
recon-all -s sub-05 finished without error at Thu Jul 13 12:20:03 EDT 2017
\n\n
New invocation of recon-all 
\n\n
status file for recon-all
Thu Jul 13 12:20:04 EDT 2017
#@# Inflation2 lh Thu Jul 13 12:20:04 EDT 2017
recon-all -s sub-05 finished without error at Thu Jul 13 12:21:01 EDT 2017
\n\n
New invocation of recon-all 
\n\n
status file for recon-all
Thu Jul 13 12:21:01 EDT 2017
#@# Sphere lh Thu Jul 13 12:21:01 EDT 2017
recon-all -s sub-05 finished without error at Thu Jul 13 13:19:04 EDT 2017
\n\n
New invocation of recon-all 
\n\n
status file for recon-all
Thu Jul 13 13:19:05 EDT 2017
#@# Surf Reg lh Thu Jul 13 13:19:05 EDT 2017
recon-all -s sub-05 finished without error at Thu Jul 13 14:58:40 EDT 2017
\n\n
New invocation of recon-all 
\n\n
status file for recon-all
Thu Jul 13 14:58:41 EDT 2017
#@# Cortical Parc lh Thu Jul 13 14:58:41 EDT 2017
recon-all -s sub-05 finished without error at Thu Jul 13 14:59:43 EDT 2017
\n\n
New invocation of recon-all 
\n\n
status file for recon-all
Thu Jul 13 14:59:44 EDT 2017
#@# Make Pial Surf lh Thu Jul 13 14:59:45 EDT 2017
#@# Surf Volume lh Thu Jul 13 15:36:21 EDT 2017
recon-all -s sub-05 finished without error at Thu Jul 13 15:36:33 EDT 2017
\n\n
New invocation of recon-all 
\n\n
status file for recon-all
Thu Jul 13 15:36:34 EDT 2017
#@# Surf Volume lh Thu Jul 13 15:36:34 EDT 2017
recon-all -s sub-05 finished without error at Thu Jul 13 15:36:44 EDT 2017
\n\n
New invocation of recon-all 
\n\n
status file for recon-all
Thu Jul 13 15:36:45 EDT 2017
#@# Smooth2 rh Thu Jul 13 15:36:45 EDT 2017
recon-all -s sub-05 finished without error at Thu Jul 13 15:37:09 EDT 2017
\n\n
New invocation of recon-all 
\n\n
status file for recon-all
Thu Jul 13 15:37:09 EDT 2017
#@# Inflation2 rh Thu Jul 13 15:37:09 EDT 2017
recon-all -s sub-05 finished without error at Thu Jul 13 15:39:00 EDT 2017
\n\n
New invocation of recon-all 
\n\n
status file for recon-all
Thu Jul 13 15:39:01 EDT 2017
#@# Sphere rh Thu Jul 13 15:39:01 EDT 2017
recon-all -s sub-05 finished without error at Thu Jul 13 16:45:40 EDT 2017
\n\n
New invocation of recon-all 
\n\n
status file for recon-all
Thu Jul 13 16:45:41 EDT 2017
#@# Surf Reg rh Thu Jul 13 16:45:41 EDT 2017
recon-all -s sub-05 finished without error at Thu Jul 13 18:17:48 EDT 2017
\n\n
New invocation of recon-all 
\n\n
status file for recon-all
Thu Jul 13 18:17:49 EDT 2017
#@# Cortical Parc rh Thu Jul 13 18:17:49 EDT 2017
recon-all -s sub-05 finished without error at Thu Jul 13 18:18:18 EDT 2017
\n\n
New invocation of recon-all 
\n\n
status file for recon-all
Thu Jul 13 18:18:18 EDT 2017
#@# Make Pial Surf rh Thu Jul 13 18:18:18 EDT 2017
#@# Surf Volume rh Thu Jul 13 18:41:17 EDT 2017
recon-all -s sub-05 finished without error at Thu Jul 13 18:41:24 EDT 2017
\n\n
New invocation of recon-all 
\n\n
status file for recon-all
Thu Jul 13 18:41:24 EDT 2017
#@# Surf Volume rh Thu Jul 13 18:41:24 EDT 2017
recon-all -s sub-05 finished without error at Thu Jul 13 18:41:30 EDT 2017
\n\n
New invocation of recon-all 
\n\n
status file for recon-all
Thu Jul 13 18:41:31 EDT 2017
#@# Curv .H and .K lh Thu Jul 13 18:41:31 EDT 2017
recon-all -s sub-05 finished without error at Thu Jul 13 18:43:17 EDT 2017
\n\n
New invocation of recon-all 
\n\n
status file for recon-all
Thu Jul 13 18:43:17 EDT 2017
#@# Curv .H and .K rh Thu Jul 13 18:43:17 EDT 2017
recon-all -s sub-05 finished without error at Thu Jul 13 18:45:03 EDT 2017
\n\n
New invocation of recon-all 
\n\n
status file for recon-all
Thu Jul 13 18:45:04 EDT 2017
#@# Curvature Stats lh Thu Jul 13 18:45:04 EDT 2017
recon-all -s sub-05 finished without error at Thu Jul 13 18:45:13 EDT 2017
\n\n
New invocation of recon-all 
\n\n
status file for recon-all
Thu Jul 13 18:45:14 EDT 2017
#@# Curvature Stats rh Thu Jul 13 18:45:14 EDT 2017
recon-all -s sub-05 finished without error at Thu Jul 13 18:45:23 EDT 2017
\n\n
New invocation of recon-all 
\n\n
status file for recon-all
Thu Jul 13 18:45:24 EDT 2017
#@# Jacobian white lh Thu Jul 13 18:45:24 EDT 2017
recon-all -s sub-05 finished without error at Thu Jul 13 18:45:28 EDT 2017
\n\n
New invocation of recon-all 
\n\n
status file for recon-all
Thu Jul 13 18:45:28 EDT 2017
#@# Jacobian white rh Thu Jul 13 18:45:28 EDT 2017
recon-all -s sub-05 finished without error at Thu Jul 13 18:45:31 EDT 2017
\n\n
New invocation of recon-all 
\n\n
status file for recon-all
Thu Jul 13 18:45:32 EDT 2017
#@# AvgCurv lh Thu Jul 13 18:45:32 EDT 2017
recon-all -s sub-05 finished without error at Thu Jul 13 18:45:35 EDT 2017
\n\n
New invocation of recon-all 
\n\n
status file for recon-all
Thu Jul 13 18:45:35 EDT 2017
#@# AvgCurv rh Thu Jul 13 18:45:35 EDT 2017
recon-all -s sub-05 finished without error at Thu Jul 13 18:45:39 EDT 2017
\n\n
New invocation of recon-all 
\n\n
status file for recon-all
Thu Jul 13 18:45:39 EDT 2017
#@# Cortical ribbon mask Thu Jul 13 18:45:39 EDT 2017
recon-all -s sub-05 finished without error at Thu Jul 13 19:03:49 EDT 2017
\n\n
New invocation of recon-all 
\n\n
status file for recon-all
Thu Jul 13 19:03:50 EDT 2017
#@# Parcellation Stats lh Thu Jul 13 19:03:50 EDT 2017
recon-all -s sub-05 finished without error at Thu Jul 13 19:06:44 EDT 2017
\n\n
New invocation of recon-all 
\n\n
status file for recon-all
Thu Jul 13 19:06:44 EDT 2017
#@# Parcellation Stats rh Thu Jul 13 19:06:44 EDT 2017
recon-all -s sub-05 finished without error at Thu Jul 13 19:09:40 EDT 2017
\n\n
New invocation of recon-all 
\n\n
status file for recon-all
Thu Jul 13 19:09:40 EDT 2017
#@# Cortical Parc 2 lh Thu Jul 13 19:09:40 EDT 2017
recon-all -s sub-05 finished without error at Thu Jul 13 19:10:12 EDT 2017
\n\n
New invocation of recon-all 
\n\n
status file for recon-all
Thu Jul 13 19:10:13 EDT 2017
#@# Cortical Parc 2 rh Thu Jul 13 19:10:13 EDT 2017
recon-all -s sub-05 finished without error at Thu Jul 13 19:10:45 EDT 2017
\n\n
New invocation of recon-all 
\n\n
status file for recon-all
Thu Jul 13 19:10:46 EDT 2017
#@# Parcellation Stats 2 lh Thu Jul 13 19:10:46 EDT 2017
recon-all -s sub-05 finished without error at Thu Jul 13 19:12:17 EDT 2017
\n\n
New invocation of recon-all 
\n\n
status file for recon-all
Thu Jul 13 19:12:18 EDT 2017
#@# Parcellation Stats 2 rh Thu Jul 13 19:12:18 EDT 2017
recon-all -s sub-05 finished without error at Thu Jul 13 19:13:49 EDT 2017
\n\n
New invocation of recon-all 
\n\n
status file for recon-all
Thu Jul 13 19:13:49 EDT 2017
#@# Cortical Parc 3 lh Thu Jul 13 19:13:49 EDT 2017
recon-all -s sub-05 finished without error at Thu Jul 13 19:14:15 EDT 2017
\n\n
New invocation of recon-all 
\n\n
status file for recon-all
Thu Jul 13 19:14:16 EDT 2017
#@# Cortical Parc 3 rh Thu Jul 13 19:14:16 EDT 2017
recon-all -s sub-05 finished without error at Thu Jul 13 19:14:44 EDT 2017
\n\n
New invocation of recon-all 
\n\n
status file for recon-all
Thu Jul 13 19:14:44 EDT 2017
#@# Parcellation Stats 3 lh Thu Jul 13 19:14:44 EDT 2017
recon-all -s sub-05 finished without error at Thu Jul 13 19:16:12 EDT 2017
\n\n
New invocation of recon-all 
\n\n
status file for recon-all
Thu Jul 13 19:16:12 EDT 2017
#@# Parcellation Stats 3 rh Thu Jul 13 19:16:12 EDT 2017
recon-all -s sub-05 finished without error at Thu Jul 13 19:17:40 EDT 2017
\n\n
New invocation of recon-all 
\n\n
status file for recon-all
Thu Jul 13 19:17:40 EDT 2017
#@# WM/GM Contrast lh Thu Jul 13 19:17:40 EDT 2017
recon-all -s sub-05 finished without error at Thu Jul 13 19:17:50 EDT 2017
\n\n
New invocation of recon-all 
\n\n
status file for recon-all
Thu Jul 13 19:17:50 EDT 2017
#@# WM/GM Contrast rh Thu Jul 13 19:17:50 EDT 2017
recon-all -s sub-05 finished without error at Thu Jul 13 19:18:00 EDT 2017
\n\n
New invocation of recon-all 
\n\n
status file for recon-all
Thu Jul 13 19:18:00 EDT 2017
#@# Relabel Hypointensities Thu Jul 13 19:18:00 EDT 2017
recon-all -s sub-05 finished without error at Thu Jul 13 19:18:41 EDT 2017
\n\n
New invocation of recon-all 
\n\n
status file for recon-all
Thu Jul 13 19:18:41 EDT 2017
#@# AParc-to-ASeg aparc Thu Jul 13 19:18:41 EDT 2017
#@# AParc-to-ASeg a2009s Thu Jul 13 19:29:45 EDT 2017
#@# AParc-to-ASeg DKTatlas Thu Jul 13 19:40:42 EDT 2017
recon-all -s sub-05 finished without error at Thu Jul 13 19:51:36 EDT 2017
\n\n
New invocation of recon-all 
\n\n
status file for recon-all
Thu Jul 13 19:51:37 EDT 2017
#@# APas-to-ASeg Thu Jul 13 19:51:37 EDT 2017
recon-all -s sub-05 finished without error at Thu Jul 13 19:51:45 EDT 2017
\n\n
New invocation of recon-all 
\n\n
status file for recon-all
Thu Jul 13 19:51:46 EDT 2017
#@# ASeg Stats Thu Jul 13 19:51:46 EDT 2017
recon-all -s sub-05 finished without error at Thu Jul 13 19:57:11 EDT 2017
\n\n
New invocation of recon-all 
\n\n
status file for recon-all
Thu Jul 13 19:57:11 EDT 2017
#@# WMParc Thu Jul 13 19:57:11 EDT 2017
recon-all -s sub-05 finished without error at Thu Jul 13 20:18:46 EDT 2017
\n\n
New invocation of recon-all 
\n\n
status file for recon-all
Thu Jul 13 20:18:46 EDT 2017
#@# BA_exvivo Labels lh Thu Jul 13 20:18:46 EDT 2017
recon-all -s sub-05 finished without error at Thu Jul 13 20:25:52 EDT 2017
\n\n
New invocation of recon-all 
\n\n
status file for recon-all
Thu Jul 13 20:25:52 EDT 2017
#@# BA_exvivo Labels rh Thu Jul 13 20:25:52 EDT 2017
recon-all -s sub-05 finished without error at Thu Jul 13 20:32:54 EDT 2017
