status file for recon-all
Thu Jul  6 19:08:38 EDT 2017
#@# MotionCor Thu Jul  6 19:08:47 EDT 2017
#@# Deface Thu Jul  6 19:08:57 EDT 2017
#@# Talairach Thu Jul  6 19:11:21 EDT 2017
#@# Talairach Failure Detection Thu Jul  6 19:12:58 EDT 2017
#@# Nu Intensity Correction Thu Jul  6 19:12:58 EDT 2017
#@# Intensity Normalization Thu Jul  6 19:14:32 EDT 2017
#@# Skull Stripping Thu Jul  6 19:16:55 EDT 2017
#@# EM Registration Thu Jul  6 19:29:01 EDT 2017
#@# CA Normalize Thu Jul  6 19:43:40 EDT 2017
#@# CA Reg Thu Jul  6 19:46:18 EDT 2017
#@# SubCort Seg Thu Jul  6 22:42:49 EDT 2017
#@# Merge ASeg Thu Jul  6 23:35:06 EDT 2017
#@# Intensity Normalization2 Thu Jul  6 23:35:06 EDT 2017
#@# Mask BFS Thu Jul  6 23:38:10 EDT 2017
#@# WM Segmentation Thu Jul  6 23:38:11 EDT 2017
#@# Fill Thu Jul  6 23:40:33 EDT 2017
#@# Tessellate lh Thu Jul  6 23:41:16 EDT 2017
#@# Tessellate rh Thu Jul  6 23:41:22 EDT 2017
#@# Smooth1 lh Thu Jul  6 23:41:27 EDT 2017
#@# Smooth1 rh Thu Jul  6 23:41:27 EDT 2017
Darwin trash-can.local 15.6.0 Darwin Kernel Version 15.6.0: Thu Jun 23 18:25:34 PDT 2016; root:xnu-3248.60.10~1/RELEASE_X86_64 x86_64 i386 MacPro6,1 Darwin

recon-all -s sub-06 exited with ERRORS at Thu Jul  6 23:41:27 EDT 2017

\n\n
New invocation of recon-all 
\n\n
status file for recon-all
Fri Jul  7 09:48:00 EDT 2017
#@# Smooth1 lh Fri Jul  7 09:48:00 EDT 2017
recon-all -s sub-06 finished without error at Fri Jul  7 09:48:09 EDT 2017
\n\n
New invocation of recon-all 
\n\n
status file for recon-all
Fri Jul  7 09:48:09 EDT 2017
#@# Smooth1 rh Fri Jul  7 09:48:09 EDT 2017
recon-all -s sub-06 finished without error at Fri Jul  7 09:48:18 EDT 2017
\n\n
New invocation of recon-all 
\n\n
status file for recon-all
Fri Jul  7 09:48:19 EDT 2017
#@# Inflation1 lh Fri Jul  7 09:48:19 EDT 2017
recon-all -s sub-06 finished without error at Fri Jul  7 09:48:39 EDT 2017
\n\n
New invocation of recon-all 
\n\n
status file for recon-all
Fri Jul  7 09:48:39 EDT 2017
#@# Inflation1 rh Fri Jul  7 09:48:39 EDT 2017
recon-all -s sub-06 finished without error at Fri Jul  7 09:49:00 EDT 2017
\n\n
New invocation of recon-all 
\n\n
status file for recon-all
Fri Jul  7 09:49:00 EDT 2017
#@# QSphere lh Fri Jul  7 09:49:00 EDT 2017
recon-all -s sub-06 finished without error at Fri Jul  7 09:51:20 EDT 2017
\n\n
New invocation of recon-all 
\n\n
status file for recon-all
Fri Jul  7 09:51:21 EDT 2017
#@# QSphere rh Fri Jul  7 09:51:21 EDT 2017
recon-all -s sub-06 finished without error at Fri Jul  7 09:54:08 EDT 2017
\n\n
New invocation of recon-all 
\n\n
status file for recon-all
Fri Jul  7 09:54:08 EDT 2017
#@# Fix Topology Copy lh Fri Jul  7 09:54:08 EDT 2017
#@# Fix Topology lh Fri Jul  7 09:54:08 EDT 2017
recon-all -s sub-06 finished without error at Fri Jul  7 10:22:37 EDT 2017
\n\n
New invocation of recon-all 
\n\n
status file for recon-all
Fri Jul  7 10:22:37 EDT 2017
#@# Fix Topology Copy rh Fri Jul  7 10:22:37 EDT 2017
#@# Fix Topology rh Fri Jul  7 10:22:38 EDT 2017
recon-all -s sub-06 finished without error at Fri Jul  7 11:34:00 EDT 2017
\n\n
New invocation of recon-all 
\n\n
status file for recon-all
Fri Jul  7 11:34:00 EDT 2017
#@# Make White Surf lh Fri Jul  7 11:34:00 EDT 2017
recon-all -s sub-06 finished without error at Fri Jul  7 11:51:26 EDT 2017
\n\n
New invocation of recon-all 
\n\n
status file for recon-all
Fri Jul  7 11:51:26 EDT 2017
#@# Make White Surf rh Fri Jul  7 11:51:26 EDT 2017
recon-all -s sub-06 finished without error at Fri Jul  7 12:11:50 EDT 2017
\n\n
New invocation of recon-all 
\n\n
status file for recon-all
Fri Jul  7 12:11:51 EDT 2017
#@# Smooth2 lh Fri Jul  7 12:11:51 EDT 2017
recon-all -s sub-06 finished without error at Fri Jul  7 12:12:02 EDT 2017
\n\n
New invocation of recon-all 
\n\n
status file for recon-all
Fri Jul  7 12:12:02 EDT 2017
#@# Inflation2 lh Fri Jul  7 12:12:02 EDT 2017
recon-all -s sub-06 finished without error at Fri Jul  7 12:12:25 EDT 2017
\n\n
New invocation of recon-all 
\n\n
status file for recon-all
Fri Jul  7 12:12:26 EDT 2017
#@# Sphere lh Fri Jul  7 12:12:26 EDT 2017
recon-all -s sub-06 finished without error at Fri Jul  7 12:32:22 EDT 2017
\n\n
New invocation of recon-all 
\n\n
status file for recon-all
Fri Jul  7 12:32:23 EDT 2017
#@# Surf Reg lh Fri Jul  7 12:32:23 EDT 2017
recon-all -s sub-06 finished without error at Fri Jul  7 13:04:35 EDT 2017
\n\n
New invocation of recon-all 
\n\n
status file for recon-all
Fri Jul  7 13:04:35 EDT 2017
#@# Cortical Parc lh Fri Jul  7 13:04:35 EDT 2017
recon-all -s sub-06 finished without error at Fri Jul  7 13:04:58 EDT 2017
\n\n
New invocation of recon-all 
\n\n
status file for recon-all
Fri Jul  7 13:04:58 EDT 2017
#@# Make Pial Surf lh Fri Jul  7 13:04:58 EDT 2017
#@# Surf Volume lh Fri Jul  7 13:23:50 EDT 2017
recon-all -s sub-06 finished without error at Fri Jul  7 13:23:53 EDT 2017
\n\n
New invocation of recon-all 
\n\n
status file for recon-all
Fri Jul  7 13:23:54 EDT 2017
#@# Surf Volume lh Fri Jul  7 13:23:54 EDT 2017
recon-all -s sub-06 finished without error at Fri Jul  7 13:23:58 EDT 2017
\n\n
New invocation of recon-all 
\n\n
status file for recon-all
Fri Jul  7 13:23:59 EDT 2017
#@# Smooth2 rh Fri Jul  7 13:23:59 EDT 2017
recon-all -s sub-06 finished without error at Fri Jul  7 13:24:08 EDT 2017
\n\n
New invocation of recon-all 
\n\n
status file for recon-all
Fri Jul  7 13:24:09 EDT 2017
#@# Inflation2 rh Fri Jul  7 13:24:09 EDT 2017
recon-all -s sub-06 finished without error at Fri Jul  7 13:24:33 EDT 2017
\n\n
New invocation of recon-all 
\n\n
status file for recon-all
Fri Jul  7 13:24:34 EDT 2017
#@# Sphere rh Fri Jul  7 13:24:34 EDT 2017
recon-all -s sub-06 finished without error at Fri Jul  7 13:46:43 EDT 2017
\n\n
New invocation of recon-all 
\n\n
status file for recon-all
Fri Jul  7 13:46:44 EDT 2017
#@# Surf Reg rh Fri Jul  7 13:46:44 EDT 2017
recon-all -s sub-06 finished without error at Fri Jul  7 14:17:48 EDT 2017
\n\n
New invocation of recon-all 
\n\n
status file for recon-all
Fri Jul  7 14:17:49 EDT 2017
#@# Cortical Parc rh Fri Jul  7 14:17:49 EDT 2017
recon-all -s sub-06 finished without error at Fri Jul  7 14:18:04 EDT 2017
\n\n
New invocation of recon-all 
\n\n
status file for recon-all
Fri Jul  7 14:18:04 EDT 2017
#@# Make Pial Surf rh Fri Jul  7 14:18:04 EDT 2017
#@# Surf Volume rh Fri Jul  7 14:35:39 EDT 2017
recon-all -s sub-06 finished without error at Fri Jul  7 14:35:43 EDT 2017
\n\n
New invocation of recon-all 
\n\n
status file for recon-all
Fri Jul  7 14:35:44 EDT 2017
#@# Surf Volume rh Fri Jul  7 14:35:44 EDT 2017
recon-all -s sub-06 finished without error at Fri Jul  7 14:35:48 EDT 2017
\n\n
New invocation of recon-all 
\n\n
status file for recon-all
Fri Jul  7 14:35:48 EDT 2017
#@# Curv .H and .K lh Fri Jul  7 14:35:48 EDT 2017
recon-all -s sub-06 finished without error at Fri Jul  7 14:37:07 EDT 2017
\n\n
New invocation of recon-all 
\n\n
status file for recon-all
Fri Jul  7 14:37:07 EDT 2017
#@# Curv .H and .K rh Fri Jul  7 14:37:07 EDT 2017
recon-all -s sub-06 finished without error at Fri Jul  7 14:38:27 EDT 2017
\n\n
New invocation of recon-all 
\n\n
status file for recon-all
Fri Jul  7 14:38:27 EDT 2017
#@# Curvature Stats lh Fri Jul  7 14:38:27 EDT 2017
recon-all -s sub-06 finished without error at Fri Jul  7 14:38:34 EDT 2017
\n\n
New invocation of recon-all 
\n\n
status file for recon-all
Fri Jul  7 14:38:34 EDT 2017
#@# Curvature Stats rh Fri Jul  7 14:38:34 EDT 2017
recon-all -s sub-06 finished without error at Fri Jul  7 14:38:41 EDT 2017
\n\n
New invocation of recon-all 
\n\n
status file for recon-all
Fri Jul  7 14:38:41 EDT 2017
#@# Jacobian white lh Fri Jul  7 14:38:41 EDT 2017
recon-all -s sub-06 finished without error at Fri Jul  7 14:38:43 EDT 2017
\n\n
New invocation of recon-all 
\n\n
status file for recon-all
Fri Jul  7 14:38:43 EDT 2017
#@# Jacobian white rh Fri Jul  7 14:38:43 EDT 2017
recon-all -s sub-06 finished without error at Fri Jul  7 14:38:45 EDT 2017
\n\n
New invocation of recon-all 
\n\n
status file for recon-all
Fri Jul  7 14:38:46 EDT 2017
#@# AvgCurv lh Fri Jul  7 14:38:46 EDT 2017
recon-all -s sub-06 finished without error at Fri Jul  7 14:38:48 EDT 2017
\n\n
New invocation of recon-all 
\n\n
status file for recon-all
Fri Jul  7 14:38:48 EDT 2017
#@# AvgCurv rh Fri Jul  7 14:38:48 EDT 2017
recon-all -s sub-06 finished without error at Fri Jul  7 14:38:50 EDT 2017
\n\n
New invocation of recon-all 
\n\n
status file for recon-all
Fri Jul  7 14:38:51 EDT 2017
#@# Cortical ribbon mask Fri Jul  7 14:38:51 EDT 2017
recon-all -s sub-06 finished without error at Fri Jul  7 14:51:36 EDT 2017
\n\n
New invocation of recon-all 
\n\n
status file for recon-all
Fri Jul  7 14:51:37 EDT 2017
#@# Parcellation Stats lh Fri Jul  7 14:51:37 EDT 2017
recon-all -s sub-06 finished without error at Fri Jul  7 14:52:47 EDT 2017
\n\n
New invocation of recon-all 
\n\n
status file for recon-all
Fri Jul  7 14:52:47 EDT 2017
#@# Parcellation Stats rh Fri Jul  7 14:52:47 EDT 2017
recon-all -s sub-06 finished without error at Fri Jul  7 14:53:57 EDT 2017
\n\n
New invocation of recon-all 
\n\n
status file for recon-all
Fri Jul  7 14:53:57 EDT 2017
#@# Cortical Parc 2 lh Fri Jul  7 14:53:57 EDT 2017
recon-all -s sub-06 finished without error at Fri Jul  7 14:54:15 EDT 2017
\n\n
New invocation of recon-all 
\n\n
status file for recon-all
Fri Jul  7 14:54:15 EDT 2017
#@# Cortical Parc 2 rh Fri Jul  7 14:54:15 EDT 2017
recon-all -s sub-06 finished without error at Fri Jul  7 14:54:34 EDT 2017
\n\n
New invocation of recon-all 
\n\n
status file for recon-all
Fri Jul  7 14:54:34 EDT 2017
#@# Parcellation Stats 2 lh Fri Jul  7 14:54:34 EDT 2017
recon-all -s sub-06 finished without error at Fri Jul  7 14:55:08 EDT 2017
\n\n
New invocation of recon-all 
\n\n
status file for recon-all
Fri Jul  7 14:55:09 EDT 2017
#@# Parcellation Stats 2 rh Fri Jul  7 14:55:09 EDT 2017
recon-all -s sub-06 finished without error at Fri Jul  7 14:55:42 EDT 2017
\n\n
New invocation of recon-all 
\n\n
status file for recon-all
Fri Jul  7 14:55:43 EDT 2017
#@# Cortical Parc 3 lh Fri Jul  7 14:55:43 EDT 2017
recon-all -s sub-06 finished without error at Fri Jul  7 14:55:57 EDT 2017
\n\n
New invocation of recon-all 
\n\n
status file for recon-all
Fri Jul  7 14:55:58 EDT 2017
#@# Cortical Parc 3 rh Fri Jul  7 14:55:58 EDT 2017
recon-all -s sub-06 finished without error at Fri Jul  7 14:56:13 EDT 2017
\n\n
New invocation of recon-all 
\n\n
status file for recon-all
Fri Jul  7 14:56:13 EDT 2017
#@# Parcellation Stats 3 lh Fri Jul  7 14:56:13 EDT 2017
recon-all -s sub-06 finished without error at Fri Jul  7 14:56:47 EDT 2017
\n\n
New invocation of recon-all 
\n\n
status file for recon-all
Fri Jul  7 14:56:47 EDT 2017
#@# Parcellation Stats 3 rh Fri Jul  7 14:56:47 EDT 2017
recon-all -s sub-06 finished without error at Fri Jul  7 14:57:20 EDT 2017
\n\n
New invocation of recon-all 
\n\n
status file for recon-all
Fri Jul  7 14:57:20 EDT 2017
#@# WM/GM Contrast lh Fri Jul  7 14:57:20 EDT 2017
recon-all -s sub-06 finished without error at Fri Jul  7 14:57:27 EDT 2017
\n\n
New invocation of recon-all 
\n\n
status file for recon-all
Fri Jul  7 14:57:27 EDT 2017
#@# WM/GM Contrast rh Fri Jul  7 14:57:27 EDT 2017
recon-all -s sub-06 finished without error at Fri Jul  7 14:57:32 EDT 2017
\n\n
New invocation of recon-all 
\n\n
status file for recon-all
Fri Jul  7 14:57:33 EDT 2017
#@# Relabel Hypointensities Fri Jul  7 14:57:33 EDT 2017
recon-all -s sub-06 finished without error at Fri Jul  7 14:57:57 EDT 2017
\n\n
New invocation of recon-all 
\n\n
status file for recon-all
Fri Jul  7 14:57:57 EDT 2017
#@# AParc-to-ASeg aparc Fri Jul  7 14:57:57 EDT 2017
#@# AParc-to-ASeg a2009s Fri Jul  7 15:02:48 EDT 2017
#@# AParc-to-ASeg DKTatlas Fri Jul  7 15:08:20 EDT 2017
recon-all -s sub-06 finished without error at Fri Jul  7 15:13:55 EDT 2017
\n\n
New invocation of recon-all 
\n\n
status file for recon-all
Fri Jul  7 15:13:56 EDT 2017
#@# APas-to-ASeg Fri Jul  7 15:13:56 EDT 2017
recon-all -s sub-06 finished without error at Fri Jul  7 15:14:03 EDT 2017
\n\n
New invocation of recon-all 
\n\n
status file for recon-all
Fri Jul  7 15:14:03 EDT 2017
#@# ASeg Stats Fri Jul  7 15:14:03 EDT 2017
recon-all -s sub-06 finished without error at Fri Jul  7 15:15:50 EDT 2017
\n\n
New invocation of recon-all 
\n\n
status file for recon-all
Fri Jul  7 15:15:51 EDT 2017
#@# WMParc Fri Jul  7 15:15:51 EDT 2017
recon-all -s sub-06 finished without error at Fri Jul  7 15:24:07 EDT 2017
\n\n
New invocation of recon-all 
\n\n
status file for recon-all
Fri Jul  7 15:24:07 EDT 2017
#@# BA_exvivo Labels lh Fri Jul  7 15:24:08 EDT 2017
recon-all -s sub-06 finished without error at Fri Jul  7 15:29:04 EDT 2017
\n\n
New invocation of recon-all 
\n\n
status file for recon-all
Fri Jul  7 15:29:04 EDT 2017
#@# BA_exvivo Labels rh Fri Jul  7 15:29:04 EDT 2017
recon-all -s sub-06 finished without error at Fri Jul  7 15:33:51 EDT 2017
\n\n
New invocation of recon-all 
\n\n
status file for recon-all
Wed Jul 12 10:17:41 EDT 2017
#@# MotionCor Wed Jul 12 10:17:41 EDT 2017
recon-all -s sub-06 finished without error at Wed Jul 12 10:17:50 EDT 2017
\n\n
New invocation of recon-all 
\n\n
status file for recon-all
Wed Jul 12 10:17:51 EDT 2017
#@# Talairach Wed Jul 12 10:17:51 EDT 2017
#@# Talairach Failure Detection Wed Jul 12 10:21:12 EDT 2017
recon-all -s sub-06 finished without error at Wed Jul 12 10:21:13 EDT 2017
\n\n
New invocation of recon-all 
\n\n
status file for recon-all
Wed Jul 12 10:21:14 EDT 2017
#@# Nu Intensity Correction Wed Jul 12 10:21:14 EDT 2017
recon-all -s sub-06 finished without error at Wed Jul 12 10:25:11 EDT 2017
\n\n
New invocation of recon-all 
\n\n
status file for recon-all
Wed Jul 12 10:25:12 EDT 2017
#@# Intensity Normalization Wed Jul 12 10:25:12 EDT 2017
recon-all -s sub-06 finished without error at Wed Jul 12 10:29:24 EDT 2017
\n\n
New invocation of recon-all 
\n\n
status file for recon-all
Wed Jul 12 10:29:25 EDT 2017
#@# Skull Stripping Wed Jul 12 10:29:25 EDT 2017
recon-all -s sub-06 finished without error at Wed Jul 12 10:30:29 EDT 2017
\n\n
New invocation of recon-all 
\n\n
status file for recon-all
Wed Jul 12 10:30:30 EDT 2017
#@# EM Registration Wed Jul 12 10:30:30 EDT 2017
recon-all -s sub-06 finished without error at Wed Jul 12 10:54:19 EDT 2017
\n\n
New invocation of recon-all 
\n\n
status file for recon-all
Wed Jul 12 10:54:20 EDT 2017
#@# CA Normalize Wed Jul 12 10:54:20 EDT 2017
recon-all -s sub-06 finished without error at Wed Jul 12 10:57:12 EDT 2017
\n\n
New invocation of recon-all 
\n\n
status file for recon-all
Wed Jul 12 10:57:13 EDT 2017
#@# CA Reg Wed Jul 12 10:57:13 EDT 2017
recon-all -s sub-06 finished without error at Wed Jul 12 16:25:41 EDT 2017
\n\n
New invocation of recon-all 
\n\n
status file for recon-all
Wed Jul 12 16:25:42 EDT 2017
#@# SubCort Seg Wed Jul 12 16:25:42 EDT 2017
#@# Merge ASeg Wed Jul 12 17:25:11 EDT 2017
recon-all -s sub-06 finished without error at Wed Jul 12 17:25:11 EDT 2017
\n\n
New invocation of recon-all 
\n\n
status file for recon-all
Wed Jul 12 17:25:12 EDT 2017
#@# Intensity Normalization2 Wed Jul 12 17:25:12 EDT 2017
recon-all -s sub-06 finished without error at Wed Jul 12 17:30:27 EDT 2017
\n\n
New invocation of recon-all 
\n\n
status file for recon-all
Wed Jul 12 17:30:28 EDT 2017
#@# Mask BFS Wed Jul 12 17:30:28 EDT 2017
recon-all -s sub-06 finished without error at Wed Jul 12 17:30:32 EDT 2017
\n\n
New invocation of recon-all 
\n\n
status file for recon-all
Wed Jul 12 17:30:33 EDT 2017
#@# WM Segmentation Wed Jul 12 17:30:33 EDT 2017
recon-all -s sub-06 finished without error at Wed Jul 12 17:34:15 EDT 2017
\n\n
New invocation of recon-all 
\n\n
status file for recon-all
Wed Jul 12 17:34:16 EDT 2017
#@# Fill Wed Jul 12 17:34:16 EDT 2017
recon-all -s sub-06 finished without error at Wed Jul 12 17:35:23 EDT 2017
\n\n
New invocation of recon-all 
\n\n
status file for recon-all
Wed Jul 12 17:35:24 EDT 2017
#@# Tessellate lh Wed Jul 12 17:35:24 EDT 2017
recon-all -s sub-06 finished without error at Wed Jul 12 17:35:37 EDT 2017
\n\n
New invocation of recon-all 
\n\n
status file for recon-all
Wed Jul 12 17:35:38 EDT 2017
#@# Tessellate rh Wed Jul 12 17:35:38 EDT 2017
recon-all -s sub-06 finished without error at Wed Jul 12 17:35:52 EDT 2017
\n\n
New invocation of recon-all 
\n\n
status file for recon-all
Wed Jul 12 17:35:53 EDT 2017
#@# Smooth1 lh Wed Jul 12 17:35:53 EDT 2017
recon-all -s sub-06 finished without error at Wed Jul 12 17:36:06 EDT 2017
\n\n
New invocation of recon-all 
\n\n
status file for recon-all
Wed Jul 12 17:36:07 EDT 2017
#@# Smooth1 rh Wed Jul 12 17:36:07 EDT 2017
recon-all -s sub-06 finished without error at Wed Jul 12 17:36:20 EDT 2017
\n\n
New invocation of recon-all 
\n\n
status file for recon-all
Wed Jul 12 17:36:20 EDT 2017
#@# Inflation1 lh Wed Jul 12 17:36:21 EDT 2017
recon-all -s sub-06 finished without error at Wed Jul 12 17:37:20 EDT 2017
\n\n
New invocation of recon-all 
\n\n
status file for recon-all
Wed Jul 12 17:37:21 EDT 2017
#@# Inflation1 rh Wed Jul 12 17:37:21 EDT 2017
recon-all -s sub-06 finished without error at Wed Jul 12 17:38:22 EDT 2017
\n\n
New invocation of recon-all 
\n\n
status file for recon-all
Wed Jul 12 17:38:22 EDT 2017
#@# QSphere lh Wed Jul 12 17:38:22 EDT 2017
recon-all -s sub-06 finished without error at Wed Jul 12 17:43:39 EDT 2017
\n\n
New invocation of recon-all 
\n\n
status file for recon-all
Wed Jul 12 17:43:39 EDT 2017
#@# QSphere rh Wed Jul 12 17:43:39 EDT 2017
recon-all -s sub-06 finished without error at Wed Jul 12 17:48:34 EDT 2017
\n\n
New invocation of recon-all 
\n\n
status file for recon-all
Wed Jul 12 17:48:35 EDT 2017
#@# Fix Topology Copy lh Wed Jul 12 17:48:35 EDT 2017
#@# Fix Topology lh Wed Jul 12 17:48:35 EDT 2017
recon-all -s sub-06 finished without error at Wed Jul 12 18:43:10 EDT 2017
\n\n
New invocation of recon-all 
\n\n
status file for recon-all
Wed Jul 12 18:43:10 EDT 2017
#@# Fix Topology Copy rh Wed Jul 12 18:43:10 EDT 2017
#@# Fix Topology rh Wed Jul 12 18:43:10 EDT 2017
recon-all -s sub-06 finished without error at Wed Jul 12 19:38:22 EDT 2017
\n\n
New invocation of recon-all 
\n\n
status file for recon-all
Wed Jul 12 19:38:23 EDT 2017
#@# Make White Surf lh Wed Jul 12 19:38:23 EDT 2017
recon-all -s sub-06 finished without error at Wed Jul 12 19:58:53 EDT 2017
\n\n
New invocation of recon-all 
\n\n
status file for recon-all
Wed Jul 12 19:58:54 EDT 2017
#@# Make White Surf rh Wed Jul 12 19:58:54 EDT 2017
recon-all -s sub-06 finished without error at Wed Jul 12 20:19:48 EDT 2017
\n\n
New invocation of recon-all 
\n\n
status file for recon-all
Wed Jul 12 20:19:48 EDT 2017
#@# Smooth2 lh Wed Jul 12 20:19:48 EDT 2017
recon-all -s sub-06 finished without error at Wed Jul 12 20:20:00 EDT 2017
\n\n
New invocation of recon-all 
\n\n
status file for recon-all
Wed Jul 12 20:20:00 EDT 2017
#@# Inflation2 lh Wed Jul 12 20:20:00 EDT 2017
recon-all -s sub-06 finished without error at Wed Jul 12 20:20:47 EDT 2017
\n\n
New invocation of recon-all 
\n\n
status file for recon-all
Wed Jul 12 20:20:48 EDT 2017
#@# Sphere lh Wed Jul 12 20:20:48 EDT 2017
recon-all -s sub-06 finished without error at Wed Jul 12 21:10:27 EDT 2017
\n\n
New invocation of recon-all 
\n\n
status file for recon-all
Wed Jul 12 21:10:27 EDT 2017
#@# Surf Reg lh Wed Jul 12 21:10:27 EDT 2017
recon-all -s sub-06 finished without error at Wed Jul 12 22:18:29 EDT 2017
\n\n
New invocation of recon-all 
\n\n
status file for recon-all
Wed Jul 12 22:18:30 EDT 2017
#@# Cortical Parc lh Wed Jul 12 22:18:30 EDT 2017
recon-all -s sub-06 finished without error at Wed Jul 12 22:18:53 EDT 2017
\n\n
New invocation of recon-all 
\n\n
status file for recon-all
Wed Jul 12 22:18:54 EDT 2017
#@# Make Pial Surf lh Wed Jul 12 22:18:54 EDT 2017
#@# Surf Volume lh Wed Jul 12 22:39:13 EDT 2017
recon-all -s sub-06 finished without error at Wed Jul 12 22:39:19 EDT 2017
\n\n
New invocation of recon-all 
\n\n
status file for recon-all
Wed Jul 12 22:39:19 EDT 2017
#@# Surf Volume lh Wed Jul 12 22:39:19 EDT 2017
recon-all -s sub-06 finished without error at Wed Jul 12 22:39:24 EDT 2017
\n\n
New invocation of recon-all 
\n\n
status file for recon-all
Wed Jul 12 22:39:24 EDT 2017
#@# Smooth2 rh Wed Jul 12 22:39:24 EDT 2017
recon-all -s sub-06 finished without error at Wed Jul 12 22:39:35 EDT 2017
\n\n
New invocation of recon-all 
\n\n
status file for recon-all
Wed Jul 12 22:39:36 EDT 2017
#@# Inflation2 rh Wed Jul 12 22:39:36 EDT 2017
recon-all -s sub-06 finished without error at Wed Jul 12 22:40:23 EDT 2017
\n\n
New invocation of recon-all 
\n\n
status file for recon-all
Wed Jul 12 22:40:23 EDT 2017
#@# Sphere rh Wed Jul 12 22:40:23 EDT 2017
recon-all -s sub-06 finished without error at Wed Jul 12 23:38:14 EDT 2017
\n\n
New invocation of recon-all 
\n\n
status file for recon-all
Wed Jul 12 23:38:15 EDT 2017
#@# Surf Reg rh Wed Jul 12 23:38:15 EDT 2017
recon-all -s sub-06 finished without error at Thu Jul 13 00:55:47 EDT 2017
\n\n
New invocation of recon-all 
\n\n
status file for recon-all
Thu Jul 13 00:55:48 EDT 2017
#@# Cortical Parc rh Thu Jul 13 00:55:48 EDT 2017
recon-all -s sub-06 finished without error at Thu Jul 13 00:56:10 EDT 2017
\n\n
New invocation of recon-all 
\n\n
status file for recon-all
Thu Jul 13 00:56:10 EDT 2017
#@# Make Pial Surf rh Thu Jul 13 00:56:10 EDT 2017
#@# Surf Volume rh Thu Jul 13 01:16:06 EDT 2017
recon-all -s sub-06 finished without error at Thu Jul 13 01:16:11 EDT 2017
\n\n
New invocation of recon-all 
\n\n
status file for recon-all
Thu Jul 13 01:16:11 EDT 2017
#@# Surf Volume rh Thu Jul 13 01:16:11 EDT 2017
recon-all -s sub-06 finished without error at Thu Jul 13 01:16:16 EDT 2017
\n\n
New invocation of recon-all 
\n\n
status file for recon-all
Thu Jul 13 01:16:17 EDT 2017
#@# Curv .H and .K lh Thu Jul 13 01:16:17 EDT 2017
recon-all -s sub-06 finished without error at Thu Jul 13 01:17:45 EDT 2017
\n\n
New invocation of recon-all 
\n\n
status file for recon-all
Thu Jul 13 01:17:45 EDT 2017
#@# Curv .H and .K rh Thu Jul 13 01:17:45 EDT 2017
recon-all -s sub-06 finished without error at Thu Jul 13 01:19:17 EDT 2017
\n\n
New invocation of recon-all 
\n\n
status file for recon-all
Thu Jul 13 01:19:17 EDT 2017
#@# Curvature Stats lh Thu Jul 13 01:19:17 EDT 2017
recon-all -s sub-06 finished without error at Thu Jul 13 01:19:25 EDT 2017
\n\n
New invocation of recon-all 
\n\n
status file for recon-all
Thu Jul 13 01:19:26 EDT 2017
#@# Curvature Stats rh Thu Jul 13 01:19:26 EDT 2017
recon-all -s sub-06 finished without error at Thu Jul 13 01:19:33 EDT 2017
\n\n
New invocation of recon-all 
\n\n
status file for recon-all
Thu Jul 13 01:19:34 EDT 2017
#@# Jacobian white lh Thu Jul 13 01:19:34 EDT 2017
recon-all -s sub-06 finished without error at Thu Jul 13 01:19:37 EDT 2017
\n\n
New invocation of recon-all 
\n\n
status file for recon-all
Thu Jul 13 01:19:37 EDT 2017
#@# Jacobian white rh Thu Jul 13 01:19:37 EDT 2017
recon-all -s sub-06 finished without error at Thu Jul 13 01:19:40 EDT 2017
\n\n
New invocation of recon-all 
\n\n
status file for recon-all
Thu Jul 13 01:19:40 EDT 2017
#@# AvgCurv lh Thu Jul 13 01:19:40 EDT 2017
recon-all -s sub-06 finished without error at Thu Jul 13 01:19:43 EDT 2017
\n\n
New invocation of recon-all 
\n\n
status file for recon-all
Thu Jul 13 01:19:44 EDT 2017
#@# AvgCurv rh Thu Jul 13 01:19:44 EDT 2017
recon-all -s sub-06 finished without error at Thu Jul 13 01:19:46 EDT 2017
\n\n
New invocation of recon-all 
\n\n
status file for recon-all
Thu Jul 13 01:19:46 EDT 2017
#@# Cortical ribbon mask Thu Jul 13 01:19:46 EDT 2017
recon-all -s sub-06 finished without error at Thu Jul 13 01:34:39 EDT 2017
\n\n
New invocation of recon-all 
\n\n
status file for recon-all
Thu Jul 13 01:34:40 EDT 2017
#@# Parcellation Stats lh Thu Jul 13 01:34:40 EDT 2017
recon-all -s sub-06 finished without error at Thu Jul 13 01:36:51 EDT 2017
\n\n
New invocation of recon-all 
\n\n
status file for recon-all
Thu Jul 13 01:36:52 EDT 2017
#@# Parcellation Stats rh Thu Jul 13 01:36:52 EDT 2017
recon-all -s sub-06 finished without error at Thu Jul 13 01:39:03 EDT 2017
\n\n
New invocation of recon-all 
\n\n
status file for recon-all
Thu Jul 13 01:39:04 EDT 2017
#@# Cortical Parc 2 lh Thu Jul 13 01:39:04 EDT 2017
recon-all -s sub-06 finished without error at Thu Jul 13 01:39:32 EDT 2017
\n\n
New invocation of recon-all 
\n\n
status file for recon-all
Thu Jul 13 01:39:32 EDT 2017
#@# Cortical Parc 2 rh Thu Jul 13 01:39:32 EDT 2017
recon-all -s sub-06 finished without error at Thu Jul 13 01:40:00 EDT 2017
\n\n
New invocation of recon-all 
\n\n
status file for recon-all
Thu Jul 13 01:40:00 EDT 2017
#@# Parcellation Stats 2 lh Thu Jul 13 01:40:01 EDT 2017
recon-all -s sub-06 finished without error at Thu Jul 13 01:41:10 EDT 2017
\n\n
New invocation of recon-all 
\n\n
status file for recon-all
Thu Jul 13 01:41:10 EDT 2017
#@# Parcellation Stats 2 rh Thu Jul 13 01:41:10 EDT 2017
recon-all -s sub-06 finished without error at Thu Jul 13 01:42:41 EDT 2017
\n\n
New invocation of recon-all 
\n\n
status file for recon-all
Thu Jul 13 01:42:41 EDT 2017
#@# Cortical Parc 3 lh Thu Jul 13 01:42:41 EDT 2017
recon-all -s sub-06 finished without error at Thu Jul 13 01:43:10 EDT 2017
\n\n
New invocation of recon-all 
\n\n
status file for recon-all
Thu Jul 13 01:43:10 EDT 2017
#@# Cortical Parc 3 rh Thu Jul 13 01:43:10 EDT 2017
recon-all -s sub-06 finished without error at Thu Jul 13 01:43:37 EDT 2017
\n\n
New invocation of recon-all 
\n\n
status file for recon-all
Thu Jul 13 01:43:38 EDT 2017
#@# Parcellation Stats 3 lh Thu Jul 13 01:43:38 EDT 2017
recon-all -s sub-06 finished without error at Thu Jul 13 01:45:06 EDT 2017
\n\n
New invocation of recon-all 
\n\n
status file for recon-all
Thu Jul 13 01:45:06 EDT 2017
#@# Parcellation Stats 3 rh Thu Jul 13 01:45:06 EDT 2017
recon-all -s sub-06 finished without error at Thu Jul 13 01:46:28 EDT 2017
\n\n
New invocation of recon-all 
\n\n
status file for recon-all
Thu Jul 13 01:46:28 EDT 2017
#@# WM/GM Contrast lh Thu Jul 13 01:46:28 EDT 2017
recon-all -s sub-06 finished without error at Thu Jul 13 01:46:39 EDT 2017
\n\n
New invocation of recon-all 
\n\n
status file for recon-all
Thu Jul 13 01:46:40 EDT 2017
#@# WM/GM Contrast rh Thu Jul 13 01:46:40 EDT 2017
recon-all -s sub-06 finished without error at Thu Jul 13 01:46:50 EDT 2017
\n\n
New invocation of recon-all 
\n\n
status file for recon-all
Thu Jul 13 01:46:50 EDT 2017
#@# Relabel Hypointensities Thu Jul 13 01:46:50 EDT 2017
recon-all -s sub-06 finished without error at Thu Jul 13 01:47:32 EDT 2017
\n\n
New invocation of recon-all 
\n\n
status file for recon-all
Thu Jul 13 01:47:32 EDT 2017
#@# AParc-to-ASeg aparc Thu Jul 13 01:47:32 EDT 2017
#@# AParc-to-ASeg a2009s Thu Jul 13 01:57:22 EDT 2017
#@# AParc-to-ASeg DKTatlas Thu Jul 13 02:07:17 EDT 2017
recon-all -s sub-06 finished without error at Thu Jul 13 02:17:32 EDT 2017
\n\n
New invocation of recon-all 
\n\n
status file for recon-all
Thu Jul 13 02:17:33 EDT 2017
#@# APas-to-ASeg Thu Jul 13 02:17:33 EDT 2017
recon-all -s sub-06 finished without error at Thu Jul 13 02:17:42 EDT 2017
\n\n
New invocation of recon-all 
\n\n
status file for recon-all
Thu Jul 13 02:17:42 EDT 2017
#@# ASeg Stats Thu Jul 13 02:17:42 EDT 2017
recon-all -s sub-06 finished without error at Thu Jul 13 02:23:22 EDT 2017
\n\n
New invocation of recon-all 
\n\n
status file for recon-all
Thu Jul 13 02:23:23 EDT 2017
#@# WMParc Thu Jul 13 02:23:23 EDT 2017
recon-all -s sub-06 finished without error at Thu Jul 13 02:43:09 EDT 2017
\n\n
New invocation of recon-all 
\n\n
status file for recon-all
Thu Jul 13 02:43:09 EDT 2017
#@# BA_exvivo Labels lh Thu Jul 13 02:43:10 EDT 2017
recon-all -s sub-06 finished without error at Thu Jul 13 02:49:33 EDT 2017
\n\n
New invocation of recon-all 
\n\n
status file for recon-all
Thu Jul 13 02:49:33 EDT 2017
#@# BA_exvivo Labels rh Thu Jul 13 02:49:33 EDT 2017
recon-all -s sub-06 finished without error at Thu Jul 13 02:55:54 EDT 2017
