status file for recon-all
Thu Jul  6 19:06:28 EDT 2017
#@# MotionCor Thu Jul  6 19:06:36 EDT 2017
#@# Deface Thu Jul  6 19:06:46 EDT 2017
#@# Talairach Thu Jul  6 19:08:48 EDT 2017
#@# Talairach Failure Detection Thu Jul  6 19:10:25 EDT 2017
#@# Nu Intensity Correction Thu Jul  6 19:10:25 EDT 2017
#@# Intensity Normalization Thu Jul  6 19:11:53 EDT 2017
#@# Skull Stripping Thu Jul  6 19:13:55 EDT 2017
#@# EM Registration Thu Jul  6 19:24:00 EDT 2017
#@# CA Normalize Thu Jul  6 19:34:23 EDT 2017
#@# CA Reg Thu Jul  6 19:37:06 EDT 2017
#@# SubCort Seg Thu Jul  6 22:46:16 EDT 2017
#@# Merge ASeg Thu Jul  6 23:47:19 EDT 2017
#@# Intensity Normalization2 Thu Jul  6 23:47:19 EDT 2017
#@# Mask BFS Thu Jul  6 23:50:31 EDT 2017
#@# WM Segmentation Thu Jul  6 23:50:32 EDT 2017
#@# Fill Thu Jul  6 23:52:47 EDT 2017
#@# Tessellate lh Thu Jul  6 23:53:31 EDT 2017
#@# Tessellate rh Thu Jul  6 23:53:36 EDT 2017
#@# Smooth1 lh Thu Jul  6 23:53:41 EDT 2017
#@# Smooth1 rh Thu Jul  6 23:53:41 EDT 2017
Darwin trash-can.local 15.6.0 Darwin Kernel Version 15.6.0: Thu Jun 23 18:25:34 PDT 2016; root:xnu-3248.60.10~1/RELEASE_X86_64 x86_64 i386 MacPro6,1 Darwin

recon-all -s sub-03 exited with ERRORS at Thu Jul  6 23:53:42 EDT 2017

\n\n
New invocation of recon-all 
\n\n
status file for recon-all
Fri Jul  7 09:46:22 EDT 2017
#@# Smooth1 lh Fri Jul  7 09:46:22 EDT 2017
recon-all -s sub-03 finished without error at Fri Jul  7 09:46:30 EDT 2017
\n\n
New invocation of recon-all 
\n\n
status file for recon-all
Fri Jul  7 09:46:31 EDT 2017
#@# Smooth1 rh Fri Jul  7 09:46:31 EDT 2017
recon-all -s sub-03 finished without error at Fri Jul  7 09:46:39 EDT 2017
\n\n
New invocation of recon-all 
\n\n
status file for recon-all
Fri Jul  7 09:46:39 EDT 2017
#@# Inflation1 lh Fri Jul  7 09:46:39 EDT 2017
recon-all -s sub-03 finished without error at Fri Jul  7 09:46:57 EDT 2017
\n\n
New invocation of recon-all 
\n\n
status file for recon-all
Fri Jul  7 09:46:57 EDT 2017
#@# Inflation1 rh Fri Jul  7 09:46:57 EDT 2017
recon-all -s sub-03 finished without error at Fri Jul  7 09:47:14 EDT 2017
\n\n
New invocation of recon-all 
\n\n
status file for recon-all
Fri Jul  7 09:47:14 EDT 2017
#@# QSphere lh Fri Jul  7 09:47:14 EDT 2017
recon-all -s sub-03 finished without error at Fri Jul  7 09:49:13 EDT 2017
\n\n
New invocation of recon-all 
\n\n
status file for recon-all
Fri Jul  7 09:49:13 EDT 2017
#@# QSphere rh Fri Jul  7 09:49:13 EDT 2017
recon-all -s sub-03 finished without error at Fri Jul  7 09:52:17 EDT 2017
\n\n
New invocation of recon-all 
\n\n
status file for recon-all
Fri Jul  7 09:52:18 EDT 2017
#@# Fix Topology Copy lh Fri Jul  7 09:52:18 EDT 2017
#@# Fix Topology lh Fri Jul  7 09:52:18 EDT 2017
recon-all -s sub-03 finished without error at Fri Jul  7 10:19:43 EDT 2017
\n\n
New invocation of recon-all 
\n\n
status file for recon-all
Fri Jul  7 10:19:44 EDT 2017
#@# Fix Topology Copy rh Fri Jul  7 10:19:44 EDT 2017
#@# Fix Topology rh Fri Jul  7 10:19:44 EDT 2017
recon-all -s sub-03 finished without error at Fri Jul  7 10:52:38 EDT 2017
\n\n
New invocation of recon-all 
\n\n
status file for recon-all
Fri Jul  7 10:52:39 EDT 2017
#@# Make White Surf lh Fri Jul  7 10:52:39 EDT 2017
recon-all -s sub-03 finished without error at Fri Jul  7 11:10:12 EDT 2017
\n\n
New invocation of recon-all 
\n\n
status file for recon-all
Fri Jul  7 11:10:13 EDT 2017
#@# Make White Surf rh Fri Jul  7 11:10:13 EDT 2017
recon-all -s sub-03 finished without error at Fri Jul  7 11:28:50 EDT 2017
\n\n
New invocation of recon-all 
\n\n
status file for recon-all
Fri Jul  7 11:28:50 EDT 2017
#@# Smooth2 lh Fri Jul  7 11:28:50 EDT 2017
recon-all -s sub-03 finished without error at Fri Jul  7 11:28:58 EDT 2017
\n\n
New invocation of recon-all 
\n\n
status file for recon-all
Fri Jul  7 11:28:59 EDT 2017
#@# Inflation2 lh Fri Jul  7 11:28:59 EDT 2017
recon-all -s sub-03 finished without error at Fri Jul  7 11:29:17 EDT 2017
\n\n
New invocation of recon-all 
\n\n
status file for recon-all
Fri Jul  7 11:29:17 EDT 2017
#@# Sphere lh Fri Jul  7 11:29:17 EDT 2017
recon-all -s sub-03 finished without error at Fri Jul  7 11:46:19 EDT 2017
\n\n
New invocation of recon-all 
\n\n
status file for recon-all
Fri Jul  7 11:46:19 EDT 2017
#@# Surf Reg lh Fri Jul  7 11:46:19 EDT 2017
recon-all -s sub-03 finished without error at Fri Jul  7 12:19:09 EDT 2017
\n\n
New invocation of recon-all 
\n\n
status file for recon-all
Fri Jul  7 12:19:09 EDT 2017
#@# Cortical Parc lh Fri Jul  7 12:19:09 EDT 2017
recon-all -s sub-03 finished without error at Fri Jul  7 12:19:38 EDT 2017
\n\n
New invocation of recon-all 
\n\n
status file for recon-all
Fri Jul  7 12:19:38 EDT 2017
#@# Make Pial Surf lh Fri Jul  7 12:19:38 EDT 2017
#@# Surf Volume lh Fri Jul  7 12:44:53 EDT 2017
recon-all -s sub-03 finished without error at Fri Jul  7 12:44:59 EDT 2017
\n\n
New invocation of recon-all 
\n\n
status file for recon-all
Fri Jul  7 12:44:59 EDT 2017
#@# Surf Volume lh Fri Jul  7 12:44:59 EDT 2017
recon-all -s sub-03 finished without error at Fri Jul  7 12:45:04 EDT 2017
\n\n
New invocation of recon-all 
\n\n
status file for recon-all
Fri Jul  7 12:45:05 EDT 2017
#@# Smooth2 rh Fri Jul  7 12:45:05 EDT 2017
recon-all -s sub-03 finished without error at Fri Jul  7 12:45:16 EDT 2017
\n\n
New invocation of recon-all 
\n\n
status file for recon-all
Fri Jul  7 12:45:16 EDT 2017
#@# Inflation2 rh Fri Jul  7 12:45:16 EDT 2017
recon-all -s sub-03 finished without error at Fri Jul  7 12:45:49 EDT 2017
\n\n
New invocation of recon-all 
\n\n
status file for recon-all
Fri Jul  7 12:45:50 EDT 2017
#@# Sphere rh Fri Jul  7 12:45:50 EDT 2017
recon-all -s sub-03 finished without error at Fri Jul  7 13:10:47 EDT 2017
\n\n
New invocation of recon-all 
\n\n
status file for recon-all
Fri Jul  7 13:10:48 EDT 2017
#@# Surf Reg rh Fri Jul  7 13:10:48 EDT 2017
recon-all -s sub-03 finished without error at Fri Jul  7 13:48:25 EDT 2017
\n\n
New invocation of recon-all 
\n\n
status file for recon-all
Fri Jul  7 13:48:26 EDT 2017
#@# Cortical Parc rh Fri Jul  7 13:48:26 EDT 2017
recon-all -s sub-03 finished without error at Fri Jul  7 13:48:51 EDT 2017
\n\n
New invocation of recon-all 
\n\n
status file for recon-all
Fri Jul  7 13:48:52 EDT 2017
#@# Make Pial Surf rh Fri Jul  7 13:48:52 EDT 2017
#@# Surf Volume rh Fri Jul  7 14:12:48 EDT 2017
recon-all -s sub-03 finished without error at Fri Jul  7 14:12:53 EDT 2017
\n\n
New invocation of recon-all 
\n\n
status file for recon-all
Fri Jul  7 14:12:53 EDT 2017
#@# Surf Volume rh Fri Jul  7 14:12:53 EDT 2017
recon-all -s sub-03 finished without error at Fri Jul  7 14:12:58 EDT 2017
\n\n
New invocation of recon-all 
\n\n
status file for recon-all
Fri Jul  7 14:12:58 EDT 2017
#@# Curv .H and .K lh Fri Jul  7 14:12:58 EDT 2017
recon-all -s sub-03 finished without error at Fri Jul  7 14:14:28 EDT 2017
\n\n
New invocation of recon-all 
\n\n
status file for recon-all
Fri Jul  7 14:14:28 EDT 2017
#@# Curv .H and .K rh Fri Jul  7 14:14:28 EDT 2017
recon-all -s sub-03 finished without error at Fri Jul  7 14:15:55 EDT 2017
\n\n
New invocation of recon-all 
\n\n
status file for recon-all
Fri Jul  7 14:15:55 EDT 2017
#@# Curvature Stats lh Fri Jul  7 14:15:55 EDT 2017
recon-all -s sub-03 finished without error at Fri Jul  7 14:16:03 EDT 2017
\n\n
New invocation of recon-all 
\n\n
status file for recon-all
Fri Jul  7 14:16:03 EDT 2017
#@# Curvature Stats rh Fri Jul  7 14:16:03 EDT 2017
recon-all -s sub-03 finished without error at Fri Jul  7 14:16:11 EDT 2017
\n\n
New invocation of recon-all 
\n\n
status file for recon-all
Fri Jul  7 14:16:12 EDT 2017
#@# Jacobian white lh Fri Jul  7 14:16:12 EDT 2017
recon-all -s sub-03 finished without error at Fri Jul  7 14:16:15 EDT 2017
\n\n
New invocation of recon-all 
\n\n
status file for recon-all
Fri Jul  7 14:16:15 EDT 2017
#@# Jacobian white rh Fri Jul  7 14:16:15 EDT 2017
recon-all -s sub-03 finished without error at Fri Jul  7 14:16:18 EDT 2017
\n\n
New invocation of recon-all 
\n\n
status file for recon-all
Fri Jul  7 14:16:18 EDT 2017
#@# AvgCurv lh Fri Jul  7 14:16:18 EDT 2017
recon-all -s sub-03 finished without error at Fri Jul  7 14:16:21 EDT 2017
\n\n
New invocation of recon-all 
\n\n
status file for recon-all
Fri Jul  7 14:16:22 EDT 2017
#@# AvgCurv rh Fri Jul  7 14:16:22 EDT 2017
recon-all -s sub-03 finished without error at Fri Jul  7 14:16:24 EDT 2017
\n\n
New invocation of recon-all 
\n\n
status file for recon-all
Fri Jul  7 14:16:25 EDT 2017
#@# Cortical ribbon mask Fri Jul  7 14:16:25 EDT 2017
recon-all -s sub-03 finished without error at Fri Jul  7 14:36:08 EDT 2017
\n\n
New invocation of recon-all 
\n\n
status file for recon-all
Fri Jul  7 14:36:09 EDT 2017
#@# Parcellation Stats lh Fri Jul  7 14:36:09 EDT 2017
recon-all -s sub-03 finished without error at Fri Jul  7 14:37:43 EDT 2017
\n\n
New invocation of recon-all 
\n\n
status file for recon-all
Fri Jul  7 14:37:43 EDT 2017
#@# Parcellation Stats rh Fri Jul  7 14:37:43 EDT 2017
recon-all -s sub-03 finished without error at Fri Jul  7 14:39:18 EDT 2017
\n\n
New invocation of recon-all 
\n\n
status file for recon-all
Fri Jul  7 14:39:18 EDT 2017
#@# Cortical Parc 2 lh Fri Jul  7 14:39:18 EDT 2017
recon-all -s sub-03 finished without error at Fri Jul  7 14:39:44 EDT 2017
\n\n
New invocation of recon-all 
\n\n
status file for recon-all
Fri Jul  7 14:39:45 EDT 2017
#@# Cortical Parc 2 rh Fri Jul  7 14:39:45 EDT 2017
recon-all -s sub-03 finished without error at Fri Jul  7 14:40:11 EDT 2017
\n\n
New invocation of recon-all 
\n\n
status file for recon-all
Fri Jul  7 14:40:11 EDT 2017
#@# Parcellation Stats 2 lh Fri Jul  7 14:40:11 EDT 2017
recon-all -s sub-03 finished without error at Fri Jul  7 14:40:56 EDT 2017
\n\n
New invocation of recon-all 
\n\n
status file for recon-all
Fri Jul  7 14:40:56 EDT 2017
#@# Parcellation Stats 2 rh Fri Jul  7 14:40:56 EDT 2017
recon-all -s sub-03 finished without error at Fri Jul  7 14:41:41 EDT 2017
\n\n
New invocation of recon-all 
\n\n
status file for recon-all
Fri Jul  7 14:41:41 EDT 2017
#@# Cortical Parc 3 lh Fri Jul  7 14:41:41 EDT 2017
recon-all -s sub-03 finished without error at Fri Jul  7 14:42:00 EDT 2017
\n\n
New invocation of recon-all 
\n\n
status file for recon-all
Fri Jul  7 14:42:00 EDT 2017
#@# Cortical Parc 3 rh Fri Jul  7 14:42:00 EDT 2017
recon-all -s sub-03 finished without error at Fri Jul  7 14:42:21 EDT 2017
\n\n
New invocation of recon-all 
\n\n
status file for recon-all
Fri Jul  7 14:42:21 EDT 2017
#@# Parcellation Stats 3 lh Fri Jul  7 14:42:21 EDT 2017
recon-all -s sub-03 finished without error at Fri Jul  7 14:43:05 EDT 2017
\n\n
New invocation of recon-all 
\n\n
status file for recon-all
Fri Jul  7 14:43:06 EDT 2017
#@# Parcellation Stats 3 rh Fri Jul  7 14:43:06 EDT 2017
recon-all -s sub-03 finished without error at Fri Jul  7 14:43:49 EDT 2017
\n\n
New invocation of recon-all 
\n\n
status file for recon-all
Fri Jul  7 14:43:50 EDT 2017
#@# WM/GM Contrast lh Fri Jul  7 14:43:50 EDT 2017
recon-all -s sub-03 finished without error at Fri Jul  7 14:43:58 EDT 2017
\n\n
New invocation of recon-all 
\n\n
status file for recon-all
Fri Jul  7 14:43:58 EDT 2017
#@# WM/GM Contrast rh Fri Jul  7 14:43:58 EDT 2017
recon-all -s sub-03 finished without error at Fri Jul  7 14:44:05 EDT 2017
\n\n
New invocation of recon-all 
\n\n
status file for recon-all
Fri Jul  7 14:44:06 EDT 2017
#@# Relabel Hypointensities Fri Jul  7 14:44:06 EDT 2017
recon-all -s sub-03 finished without error at Fri Jul  7 14:44:35 EDT 2017
\n\n
New invocation of recon-all 
\n\n
status file for recon-all
Fri Jul  7 14:44:36 EDT 2017
#@# AParc-to-ASeg aparc Fri Jul  7 14:44:36 EDT 2017
#@# AParc-to-ASeg a2009s Fri Jul  7 14:50:43 EDT 2017
#@# AParc-to-ASeg DKTatlas Fri Jul  7 14:56:20 EDT 2017
recon-all -s sub-03 finished without error at Fri Jul  7 15:01:48 EDT 2017
\n\n
New invocation of recon-all 
\n\n
status file for recon-all
Fri Jul  7 15:01:48 EDT 2017
#@# APas-to-ASeg Fri Jul  7 15:01:48 EDT 2017
recon-all -s sub-03 finished without error at Fri Jul  7 15:01:55 EDT 2017
\n\n
New invocation of recon-all 
\n\n
status file for recon-all
Fri Jul  7 15:01:55 EDT 2017
#@# ASeg Stats Fri Jul  7 15:01:55 EDT 2017
recon-all -s sub-03 finished without error at Fri Jul  7 15:03:22 EDT 2017
\n\n
New invocation of recon-all 
\n\n
status file for recon-all
Fri Jul  7 15:03:22 EDT 2017
#@# WMParc Fri Jul  7 15:03:22 EDT 2017
recon-all -s sub-03 finished without error at Fri Jul  7 15:11:48 EDT 2017
\n\n
New invocation of recon-all 
\n\n
status file for recon-all
Fri Jul  7 15:11:48 EDT 2017
#@# BA_exvivo Labels lh Fri Jul  7 15:11:48 EDT 2017
recon-all -s sub-03 finished without error at Fri Jul  7 15:17:51 EDT 2017
\n\n
New invocation of recon-all 
\n\n
status file for recon-all
Fri Jul  7 15:17:51 EDT 2017
#@# BA_exvivo Labels rh Fri Jul  7 15:17:51 EDT 2017
recon-all -s sub-03 finished without error at Fri Jul  7 15:23:55 EDT 2017
\n\n
New invocation of recon-all 
\n\n
status file for recon-all
Tue Jul 11 10:06:16 EDT 2017
#@# MotionCor Tue Jul 11 10:06:17 EDT 2017
recon-all -s sub-03 finished without error at Tue Jul 11 10:06:28 EDT 2017
\n\n
New invocation of recon-all 
\n\n
status file for recon-all
Tue Jul 11 10:06:29 EDT 2017
#@# Talairach Tue Jul 11 10:06:29 EDT 2017
#@# Talairach Failure Detection Tue Jul 11 10:09:27 EDT 2017
recon-all -s sub-03 finished without error at Tue Jul 11 10:09:28 EDT 2017
\n\n
New invocation of recon-all 
\n\n
status file for recon-all
Tue Jul 11 10:09:28 EDT 2017
#@# Nu Intensity Correction Tue Jul 11 10:09:28 EDT 2017
recon-all -s sub-03 finished without error at Tue Jul 11 10:12:36 EDT 2017
\n\n
New invocation of recon-all 
\n\n
status file for recon-all
Tue Jul 11 10:12:37 EDT 2017
#@# Intensity Normalization Tue Jul 11 10:12:37 EDT 2017
recon-all -s sub-03 finished without error at Tue Jul 11 10:16:34 EDT 2017
\n\n
New invocation of recon-all 
\n\n
status file for recon-all
Tue Jul 11 10:16:35 EDT 2017
#@# Skull Stripping Tue Jul 11 10:16:35 EDT 2017
recon-all -s sub-03 finished without error at Tue Jul 11 10:17:20 EDT 2017
\n\n
New invocation of recon-all 
\n\n
status file for recon-all
Tue Jul 11 10:17:21 EDT 2017
#@# EM Registration Tue Jul 11 10:17:21 EDT 2017
recon-all -s sub-03 finished without error at Tue Jul 11 10:38:27 EDT 2017
\n\n
New invocation of recon-all 
\n\n
status file for recon-all
Tue Jul 11 10:38:30 EDT 2017
#@# CA Normalize Tue Jul 11 10:38:30 EDT 2017
recon-all -s sub-03 finished without error at Tue Jul 11 10:41:41 EDT 2017
\n\n
New invocation of recon-all 
\n\n
status file for recon-all
Tue Jul 11 10:41:42 EDT 2017
#@# CA Reg Tue Jul 11 10:41:42 EDT 2017
recon-all -s sub-03 finished without error at Tue Jul 11 16:21:29 EDT 2017
\n\n
New invocation of recon-all 
\n\n
status file for recon-all
Tue Jul 11 16:21:31 EDT 2017
#@# SubCort Seg Tue Jul 11 16:21:31 EDT 2017
#@# Merge ASeg Tue Jul 11 17:26:06 EDT 2017
recon-all -s sub-03 finished without error at Tue Jul 11 17:26:06 EDT 2017
\n\n
New invocation of recon-all 
\n\n
status file for recon-all
Tue Jul 11 17:26:07 EDT 2017
#@# Intensity Normalization2 Tue Jul 11 17:26:07 EDT 2017
recon-all -s sub-03 finished without error at Tue Jul 11 17:31:28 EDT 2017
\n\n
New invocation of recon-all 
\n\n
status file for recon-all
Tue Jul 11 17:31:29 EDT 2017
#@# Mask BFS Tue Jul 11 17:31:29 EDT 2017
recon-all -s sub-03 finished without error at Tue Jul 11 17:31:32 EDT 2017
\n\n
New invocation of recon-all 
\n\n
status file for recon-all
Tue Jul 11 17:31:32 EDT 2017
#@# WM Segmentation Tue Jul 11 17:31:32 EDT 2017
recon-all -s sub-03 finished without error at Tue Jul 11 17:34:43 EDT 2017
\n\n
New invocation of recon-all 
\n\n
status file for recon-all
Tue Jul 11 17:34:44 EDT 2017
#@# Fill Tue Jul 11 17:34:44 EDT 2017
recon-all -s sub-03 finished without error at Tue Jul 11 17:35:49 EDT 2017
\n\n
New invocation of recon-all 
\n\n
status file for recon-all
Tue Jul 11 17:35:49 EDT 2017
#@# Tessellate lh Tue Jul 11 17:35:49 EDT 2017
recon-all -s sub-03 finished without error at Tue Jul 11 17:36:00 EDT 2017
\n\n
New invocation of recon-all 
\n\n
status file for recon-all
Tue Jul 11 17:36:01 EDT 2017
#@# Tessellate rh Tue Jul 11 17:36:01 EDT 2017
recon-all -s sub-03 finished without error at Tue Jul 11 17:36:12 EDT 2017
\n\n
New invocation of recon-all 
\n\n
status file for recon-all
Tue Jul 11 17:36:12 EDT 2017
#@# Smooth1 lh Tue Jul 11 17:36:12 EDT 2017
recon-all -s sub-03 finished without error at Tue Jul 11 17:36:25 EDT 2017
\n\n
New invocation of recon-all 
\n\n
status file for recon-all
Tue Jul 11 17:36:25 EDT 2017
#@# Smooth1 rh Tue Jul 11 17:36:25 EDT 2017
recon-all -s sub-03 finished without error at Tue Jul 11 17:36:38 EDT 2017
\n\n
New invocation of recon-all 
\n\n
status file for recon-all
Tue Jul 11 17:36:39 EDT 2017
#@# Inflation1 lh Tue Jul 11 17:36:39 EDT 2017
recon-all -s sub-03 finished without error at Tue Jul 11 17:37:29 EDT 2017
\n\n
New invocation of recon-all 
\n\n
status file for recon-all
Tue Jul 11 17:37:30 EDT 2017
#@# Inflation1 rh Tue Jul 11 17:37:30 EDT 2017
recon-all -s sub-03 finished without error at Tue Jul 11 17:38:19 EDT 2017
\n\n
New invocation of recon-all 
\n\n
status file for recon-all
Tue Jul 11 17:38:19 EDT 2017
#@# QSphere lh Tue Jul 11 17:38:19 EDT 2017
recon-all -s sub-03 finished without error at Tue Jul 11 17:42:54 EDT 2017
\n\n
New invocation of recon-all 
\n\n
status file for recon-all
Tue Jul 11 17:42:54 EDT 2017
#@# QSphere rh Tue Jul 11 17:42:54 EDT 2017
recon-all -s sub-03 finished without error at Tue Jul 11 17:47:52 EDT 2017
\n\n
New invocation of recon-all 
\n\n
status file for recon-all
Tue Jul 11 17:47:52 EDT 2017
#@# Fix Topology Copy lh Tue Jul 11 17:47:52 EDT 2017
#@# Fix Topology lh Tue Jul 11 17:47:52 EDT 2017
recon-all -s sub-03 finished without error at Tue Jul 11 18:19:41 EDT 2017
\n\n
New invocation of recon-all 
\n\n
status file for recon-all
Tue Jul 11 18:19:41 EDT 2017
#@# Fix Topology Copy rh Tue Jul 11 18:19:41 EDT 2017
#@# Fix Topology rh Tue Jul 11 18:19:41 EDT 2017
recon-all -s sub-03 finished without error at Tue Jul 11 18:54:50 EDT 2017
\n\n
New invocation of recon-all 
\n\n
status file for recon-all
Tue Jul 11 18:54:51 EDT 2017
#@# Make White Surf lh Tue Jul 11 18:54:51 EDT 2017
recon-all -s sub-03 finished without error at Tue Jul 11 19:18:31 EDT 2017
\n\n
New invocation of recon-all 
\n\n
status file for recon-all
Tue Jul 11 19:18:31 EDT 2017
#@# Make White Surf rh Tue Jul 11 19:18:31 EDT 2017
recon-all -s sub-03 finished without error at Tue Jul 11 19:41:32 EDT 2017
\n\n
New invocation of recon-all 
\n\n
status file for recon-all
Tue Jul 11 19:41:33 EDT 2017
#@# Smooth2 lh Tue Jul 11 19:41:33 EDT 2017
recon-all -s sub-03 finished without error at Tue Jul 11 19:41:45 EDT 2017
\n\n
New invocation of recon-all 
\n\n
status file for recon-all
Tue Jul 11 19:41:46 EDT 2017
#@# Inflation2 lh Tue Jul 11 19:41:46 EDT 2017
recon-all -s sub-03 finished without error at Tue Jul 11 19:42:47 EDT 2017
\n\n
New invocation of recon-all 
\n\n
status file for recon-all
Tue Jul 11 19:42:47 EDT 2017
#@# Sphere lh Tue Jul 11 19:42:47 EDT 2017
recon-all -s sub-03 finished without error at Tue Jul 11 20:42:45 EDT 2017
\n\n
New invocation of recon-all 
\n\n
status file for recon-all
Tue Jul 11 20:42:46 EDT 2017
#@# Surf Reg lh Tue Jul 11 20:42:46 EDT 2017
recon-all -s sub-03 finished without error at Tue Jul 11 22:15:05 EDT 2017
\n\n
New invocation of recon-all 
\n\n
status file for recon-all
Tue Jul 11 22:15:05 EDT 2017
#@# Cortical Parc lh Tue Jul 11 22:15:05 EDT 2017
recon-all -s sub-03 finished without error at Tue Jul 11 22:15:31 EDT 2017
\n\n
New invocation of recon-all 
\n\n
status file for recon-all
Tue Jul 11 22:15:31 EDT 2017
#@# Make Pial Surf lh Tue Jul 11 22:15:31 EDT 2017
#@# Surf Volume lh Tue Jul 11 22:38:47 EDT 2017
recon-all -s sub-03 finished without error at Tue Jul 11 22:38:54 EDT 2017
\n\n
New invocation of recon-all 
\n\n
status file for recon-all
Tue Jul 11 22:38:54 EDT 2017
#@# Surf Volume lh Tue Jul 11 22:38:54 EDT 2017
recon-all -s sub-03 finished without error at Tue Jul 11 22:39:01 EDT 2017
\n\n
New invocation of recon-all 
\n\n
status file for recon-all
Tue Jul 11 22:39:01 EDT 2017
#@# Smooth2 rh Tue Jul 11 22:39:01 EDT 2017
recon-all -s sub-03 finished without error at Tue Jul 11 22:39:14 EDT 2017
\n\n
New invocation of recon-all 
\n\n
status file for recon-all
Tue Jul 11 22:39:15 EDT 2017
#@# Inflation2 rh Tue Jul 11 22:39:15 EDT 2017
recon-all -s sub-03 finished without error at Tue Jul 11 22:40:20 EDT 2017
\n\n
New invocation of recon-all 
\n\n
status file for recon-all
Tue Jul 11 22:40:21 EDT 2017
#@# Sphere rh Tue Jul 11 22:40:21 EDT 2017
recon-all -s sub-03 finished without error at Tue Jul 11 23:48:49 EDT 2017
\n\n
New invocation of recon-all 
\n\n
status file for recon-all
Tue Jul 11 23:48:50 EDT 2017
#@# Surf Reg rh Tue Jul 11 23:48:50 EDT 2017
recon-all -s sub-03 finished without error at Wed Jul 12 01:31:58 EDT 2017
\n\n
New invocation of recon-all 
\n\n
status file for recon-all
Wed Jul 12 01:31:58 EDT 2017
#@# Cortical Parc rh Wed Jul 12 01:31:58 EDT 2017
recon-all -s sub-03 finished without error at Wed Jul 12 01:32:25 EDT 2017
\n\n
New invocation of recon-all 
\n\n
status file for recon-all
Wed Jul 12 01:32:25 EDT 2017
#@# Make Pial Surf rh Wed Jul 12 01:32:25 EDT 2017
#@# Surf Volume rh Wed Jul 12 01:55:54 EDT 2017
recon-all -s sub-03 finished without error at Wed Jul 12 01:56:00 EDT 2017
\n\n
New invocation of recon-all 
\n\n
status file for recon-all
Wed Jul 12 01:56:01 EDT 2017
#@# Surf Volume rh Wed Jul 12 01:56:01 EDT 2017
recon-all -s sub-03 finished without error at Wed Jul 12 01:56:07 EDT 2017
\n\n
New invocation of recon-all 
\n\n
status file for recon-all
Wed Jul 12 01:56:07 EDT 2017
#@# Curv .H and .K lh Wed Jul 12 01:56:07 EDT 2017
recon-all -s sub-03 finished without error at Wed Jul 12 01:57:55 EDT 2017
\n\n
New invocation of recon-all 
\n\n
status file for recon-all
Wed Jul 12 01:57:55 EDT 2017
#@# Curv .H and .K rh Wed Jul 12 01:57:55 EDT 2017
recon-all -s sub-03 finished without error at Wed Jul 12 01:59:46 EDT 2017
\n\n
New invocation of recon-all 
\n\n
status file for recon-all
Wed Jul 12 01:59:47 EDT 2017
#@# Curvature Stats lh Wed Jul 12 01:59:47 EDT 2017
recon-all -s sub-03 finished without error at Wed Jul 12 01:59:56 EDT 2017
\n\n
New invocation of recon-all 
\n\n
status file for recon-all
Wed Jul 12 01:59:57 EDT 2017
#@# Curvature Stats rh Wed Jul 12 01:59:57 EDT 2017
recon-all -s sub-03 finished without error at Wed Jul 12 02:00:05 EDT 2017
\n\n
New invocation of recon-all 
\n\n
status file for recon-all
Wed Jul 12 02:00:06 EDT 2017
#@# Jacobian white lh Wed Jul 12 02:00:06 EDT 2017
recon-all -s sub-03 finished without error at Wed Jul 12 02:00:10 EDT 2017
\n\n
New invocation of recon-all 
\n\n
status file for recon-all
Wed Jul 12 02:00:10 EDT 2017
#@# Jacobian white rh Wed Jul 12 02:00:10 EDT 2017
recon-all -s sub-03 finished without error at Wed Jul 12 02:00:14 EDT 2017
\n\n
New invocation of recon-all 
\n\n
status file for recon-all
Wed Jul 12 02:00:14 EDT 2017
#@# AvgCurv lh Wed Jul 12 02:00:14 EDT 2017
recon-all -s sub-03 finished without error at Wed Jul 12 02:00:18 EDT 2017
\n\n
New invocation of recon-all 
\n\n
status file for recon-all
Wed Jul 12 02:00:18 EDT 2017
#@# AvgCurv rh Wed Jul 12 02:00:18 EDT 2017
recon-all -s sub-03 finished without error at Wed Jul 12 02:00:21 EDT 2017
\n\n
New invocation of recon-all 
\n\n
status file for recon-all
Wed Jul 12 02:00:22 EDT 2017
#@# Cortical ribbon mask Wed Jul 12 02:00:22 EDT 2017
recon-all -s sub-03 finished without error at Wed Jul 12 02:23:13 EDT 2017
\n\n
New invocation of recon-all 
\n\n
status file for recon-all
Wed Jul 12 02:23:14 EDT 2017
#@# Parcellation Stats lh Wed Jul 12 02:23:14 EDT 2017
recon-all -s sub-03 finished without error at Wed Jul 12 02:27:04 EDT 2017
\n\n
New invocation of recon-all 
\n\n
status file for recon-all
Wed Jul 12 02:27:05 EDT 2017
#@# Parcellation Stats rh Wed Jul 12 02:27:05 EDT 2017
recon-all -s sub-03 finished without error at Wed Jul 12 02:30:59 EDT 2017
\n\n
New invocation of recon-all 
\n\n
status file for recon-all
Wed Jul 12 02:30:59 EDT 2017
#@# Cortical Parc 2 lh Wed Jul 12 02:30:59 EDT 2017
recon-all -s sub-03 finished without error at Wed Jul 12 02:31:36 EDT 2017
\n\n
New invocation of recon-all 
\n\n
status file for recon-all
Wed Jul 12 02:31:36 EDT 2017
#@# Cortical Parc 2 rh Wed Jul 12 02:31:36 EDT 2017
recon-all -s sub-03 finished without error at Wed Jul 12 02:32:13 EDT 2017
\n\n
New invocation of recon-all 
\n\n
status file for recon-all
Wed Jul 12 02:32:13 EDT 2017
#@# Parcellation Stats 2 lh Wed Jul 12 02:32:13 EDT 2017
recon-all -s sub-03 finished without error at Wed Jul 12 02:34:13 EDT 2017
\n\n
New invocation of recon-all 
\n\n
status file for recon-all
Wed Jul 12 02:34:13 EDT 2017
#@# Parcellation Stats 2 rh Wed Jul 12 02:34:13 EDT 2017
recon-all -s sub-03 finished without error at Wed Jul 12 02:36:14 EDT 2017
\n\n
New invocation of recon-all 
\n\n
status file for recon-all
Wed Jul 12 02:36:14 EDT 2017
#@# Cortical Parc 3 lh Wed Jul 12 02:36:14 EDT 2017
recon-all -s sub-03 finished without error at Wed Jul 12 02:36:45 EDT 2017
\n\n
New invocation of recon-all 
\n\n
status file for recon-all
Wed Jul 12 02:36:45 EDT 2017
#@# Cortical Parc 3 rh Wed Jul 12 02:36:45 EDT 2017
recon-all -s sub-03 finished without error at Wed Jul 12 02:37:15 EDT 2017
\n\n
New invocation of recon-all 
\n\n
status file for recon-all
Wed Jul 12 02:37:16 EDT 2017
#@# Parcellation Stats 3 lh Wed Jul 12 02:37:16 EDT 2017
recon-all -s sub-03 finished without error at Wed Jul 12 02:39:13 EDT 2017
\n\n
New invocation of recon-all 
\n\n
status file for recon-all
Wed Jul 12 02:39:13 EDT 2017
#@# Parcellation Stats 3 rh Wed Jul 12 02:39:13 EDT 2017
recon-all -s sub-03 finished without error at Wed Jul 12 02:41:10 EDT 2017
\n\n
New invocation of recon-all 
\n\n
status file for recon-all
Wed Jul 12 02:41:10 EDT 2017
#@# WM/GM Contrast lh Wed Jul 12 02:41:10 EDT 2017
recon-all -s sub-03 finished without error at Wed Jul 12 02:41:22 EDT 2017
\n\n
New invocation of recon-all 
\n\n
status file for recon-all
Wed Jul 12 02:41:22 EDT 2017
#@# WM/GM Contrast rh Wed Jul 12 02:41:22 EDT 2017
recon-all -s sub-03 finished without error at Wed Jul 12 02:41:33 EDT 2017
\n\n
New invocation of recon-all 
\n\n
status file for recon-all
Wed Jul 12 02:41:34 EDT 2017
#@# Relabel Hypointensities Wed Jul 12 02:41:34 EDT 2017
recon-all -s sub-03 finished without error at Wed Jul 12 02:42:22 EDT 2017
\n\n
New invocation of recon-all 
\n\n
status file for recon-all
Wed Jul 12 02:42:23 EDT 2017
#@# AParc-to-ASeg aparc Wed Jul 12 02:42:23 EDT 2017
#@# AParc-to-ASeg a2009s Wed Jul 12 02:55:19 EDT 2017
#@# AParc-to-ASeg DKTatlas Wed Jul 12 03:07:06 EDT 2017
recon-all -s sub-03 finished without error at Wed Jul 12 03:18:48 EDT 2017
\n\n
New invocation of recon-all 
\n\n
status file for recon-all
Wed Jul 12 03:18:49 EDT 2017
#@# APas-to-ASeg Wed Jul 12 03:18:49 EDT 2017
recon-all -s sub-03 finished without error at Wed Jul 12 03:18:59 EDT 2017
\n\n
New invocation of recon-all 
\n\n
status file for recon-all
Wed Jul 12 03:19:00 EDT 2017
#@# ASeg Stats Wed Jul 12 03:19:00 EDT 2017
recon-all -s sub-03 finished without error at Wed Jul 12 03:24:50 EDT 2017
\n\n
New invocation of recon-all 
\n\n
status file for recon-all
Wed Jul 12 03:24:50 EDT 2017
#@# WMParc Wed Jul 12 03:24:50 EDT 2017
recon-all -s sub-03 finished without error at Wed Jul 12 03:44:31 EDT 2017
\n\n
New invocation of recon-all 
\n\n
status file for recon-all
Wed Jul 12 03:44:31 EDT 2017
#@# BA_exvivo Labels lh Wed Jul 12 03:44:31 EDT 2017
recon-all -s sub-03 finished without error at Wed Jul 12 03:51:29 EDT 2017
\n\n
New invocation of recon-all 
\n\n
status file for recon-all
Wed Jul 12 03:51:29 EDT 2017
#@# BA_exvivo Labels rh Wed Jul 12 03:51:29 EDT 2017
recon-all -s sub-03 finished without error at Wed Jul 12 03:58:55 EDT 2017
