status file for recon-all
Thu Jul  6 19:05:36 EDT 2017
#@# MotionCor Thu Jul  6 19:05:44 EDT 2017
#@# Deface Thu Jul  6 19:05:55 EDT 2017
#@# Talairach Thu Jul  6 19:08:28 EDT 2017
#@# Talairach Failure Detection Thu Jul  6 19:10:04 EDT 2017
#@# Nu Intensity Correction Thu Jul  6 19:10:04 EDT 2017
#@# Intensity Normalization Thu Jul  6 19:11:33 EDT 2017
#@# Skull Stripping Thu Jul  6 19:13:37 EDT 2017
#@# EM Registration Thu Jul  6 19:23:48 EDT 2017
#@# CA Normalize Thu Jul  6 19:32:50 EDT 2017
#@# CA Reg Thu Jul  6 19:35:41 EDT 2017
#@# SubCort Seg Thu Jul  6 22:08:35 EDT 2017
#@# Merge ASeg Thu Jul  6 23:16:24 EDT 2017
#@# Intensity Normalization2 Thu Jul  6 23:16:24 EDT 2017
#@# Mask BFS Thu Jul  6 23:19:44 EDT 2017
#@# WM Segmentation Thu Jul  6 23:19:46 EDT 2017
#@# Fill Thu Jul  6 23:22:29 EDT 2017
#@# Tessellate lh Thu Jul  6 23:23:17 EDT 2017
#@# Tessellate rh Thu Jul  6 23:23:22 EDT 2017
#@# Smooth1 lh Thu Jul  6 23:23:28 EDT 2017
#@# Smooth1 rh Thu Jul  6 23:23:28 EDT 2017
Darwin trash-can.local 15.6.0 Darwin Kernel Version 15.6.0: Thu Jun 23 18:25:34 PDT 2016; root:xnu-3248.60.10~1/RELEASE_X86_64 x86_64 i386 MacPro6,1 Darwin

recon-all -s sub-02 exited with ERRORS at Thu Jul  6 23:23:29 EDT 2017

\n\n
New invocation of recon-all 
\n\n
status file for recon-all
Fri Jul  7 09:46:09 EDT 2017
#@# Smooth1 lh Fri Jul  7 09:46:09 EDT 2017
recon-all -s sub-02 finished without error at Fri Jul  7 09:46:16 EDT 2017
\n\n
New invocation of recon-all 
\n\n
status file for recon-all
Fri Jul  7 09:46:17 EDT 2017
#@# Smooth1 rh Fri Jul  7 09:46:17 EDT 2017
recon-all -s sub-02 finished without error at Fri Jul  7 09:46:25 EDT 2017
\n\n
New invocation of recon-all 
\n\n
status file for recon-all
Fri Jul  7 09:46:25 EDT 2017
#@# Inflation1 lh Fri Jul  7 09:46:25 EDT 2017
recon-all -s sub-02 finished without error at Fri Jul  7 09:46:42 EDT 2017
\n\n
New invocation of recon-all 
\n\n
status file for recon-all
Fri Jul  7 09:46:42 EDT 2017
#@# Inflation1 rh Fri Jul  7 09:46:42 EDT 2017
recon-all -s sub-02 finished without error at Fri Jul  7 09:47:00 EDT 2017
\n\n
New invocation of recon-all 
\n\n
status file for recon-all
Fri Jul  7 09:47:00 EDT 2017
#@# QSphere lh Fri Jul  7 09:47:00 EDT 2017
recon-all -s sub-02 finished without error at Fri Jul  7 09:49:00 EDT 2017
\n\n
New invocation of recon-all 
\n\n
status file for recon-all
Fri Jul  7 09:49:00 EDT 2017
#@# QSphere rh Fri Jul  7 09:49:01 EDT 2017
recon-all -s sub-02 finished without error at Fri Jul  7 09:51:54 EDT 2017
\n\n
New invocation of recon-all 
\n\n
status file for recon-all
Fri Jul  7 09:51:55 EDT 2017
#@# Fix Topology Copy lh Fri Jul  7 09:51:55 EDT 2017
#@# Fix Topology lh Fri Jul  7 09:51:55 EDT 2017
recon-all -s sub-02 finished without error at Fri Jul  7 10:39:47 EDT 2017
\n\n
New invocation of recon-all 
\n\n
status file for recon-all
Fri Jul  7 10:39:47 EDT 2017
#@# Fix Topology Copy rh Fri Jul  7 10:39:47 EDT 2017
#@# Fix Topology rh Fri Jul  7 10:39:47 EDT 2017
recon-all -s sub-02 finished without error at Fri Jul  7 11:13:46 EDT 2017
\n\n
New invocation of recon-all 
\n\n
status file for recon-all
Fri Jul  7 11:13:47 EDT 2017
#@# Make White Surf lh Fri Jul  7 11:13:47 EDT 2017
recon-all -s sub-02 finished without error at Fri Jul  7 11:33:26 EDT 2017
\n\n
New invocation of recon-all 
\n\n
status file for recon-all
Fri Jul  7 11:33:27 EDT 2017
#@# Make White Surf rh Fri Jul  7 11:33:27 EDT 2017
recon-all -s sub-02 finished without error at Fri Jul  7 11:54:08 EDT 2017
\n\n
New invocation of recon-all 
\n\n
status file for recon-all
Fri Jul  7 11:54:09 EDT 2017
#@# Smooth2 lh Fri Jul  7 11:54:09 EDT 2017
recon-all -s sub-02 finished without error at Fri Jul  7 11:54:18 EDT 2017
\n\n
New invocation of recon-all 
\n\n
status file for recon-all
Fri Jul  7 11:54:18 EDT 2017
#@# Inflation2 lh Fri Jul  7 11:54:18 EDT 2017
recon-all -s sub-02 finished without error at Fri Jul  7 11:54:38 EDT 2017
\n\n
New invocation of recon-all 
\n\n
status file for recon-all
Fri Jul  7 11:54:38 EDT 2017
#@# Sphere lh Fri Jul  7 11:54:38 EDT 2017
recon-all -s sub-02 finished without error at Fri Jul  7 12:08:15 EDT 2017
\n\n
New invocation of recon-all 
\n\n
status file for recon-all
Fri Jul  7 12:08:15 EDT 2017
#@# Surf Reg lh Fri Jul  7 12:08:15 EDT 2017
recon-all -s sub-02 finished without error at Fri Jul  7 12:44:08 EDT 2017
\n\n
New invocation of recon-all 
\n\n
status file for recon-all
Fri Jul  7 12:44:08 EDT 2017
#@# Cortical Parc lh Fri Jul  7 12:44:08 EDT 2017
recon-all -s sub-02 finished without error at Fri Jul  7 12:44:35 EDT 2017
\n\n
New invocation of recon-all 
\n\n
status file for recon-all
Fri Jul  7 12:44:35 EDT 2017
#@# Make Pial Surf lh Fri Jul  7 12:44:36 EDT 2017
#@# Surf Volume lh Fri Jul  7 13:11:39 EDT 2017
recon-all -s sub-02 finished without error at Fri Jul  7 13:11:43 EDT 2017
\n\n
New invocation of recon-all 
\n\n
status file for recon-all
Fri Jul  7 13:11:44 EDT 2017
#@# Surf Volume lh Fri Jul  7 13:11:44 EDT 2017
recon-all -s sub-02 finished without error at Fri Jul  7 13:11:48 EDT 2017
\n\n
New invocation of recon-all 
\n\n
status file for recon-all
Fri Jul  7 13:11:48 EDT 2017
#@# Smooth2 rh Fri Jul  7 13:11:48 EDT 2017
recon-all -s sub-02 finished without error at Fri Jul  7 13:11:58 EDT 2017
\n\n
New invocation of recon-all 
\n\n
status file for recon-all
Fri Jul  7 13:11:59 EDT 2017
#@# Inflation2 rh Fri Jul  7 13:11:59 EDT 2017
recon-all -s sub-02 finished without error at Fri Jul  7 13:12:20 EDT 2017
\n\n
New invocation of recon-all 
\n\n
status file for recon-all
Fri Jul  7 13:12:21 EDT 2017
#@# Sphere rh Fri Jul  7 13:12:21 EDT 2017
recon-all -s sub-02 finished without error at Fri Jul  7 13:22:58 EDT 2017
\n\n
New invocation of recon-all 
\n\n
status file for recon-all
Fri Jul  7 13:22:58 EDT 2017
#@# Surf Reg rh Fri Jul  7 13:22:58 EDT 2017
recon-all -s sub-02 finished without error at Fri Jul  7 14:06:10 EDT 2017
\n\n
New invocation of recon-all 
\n\n
status file for recon-all
Fri Jul  7 14:06:10 EDT 2017
#@# Cortical Parc rh Fri Jul  7 14:06:10 EDT 2017
recon-all -s sub-02 finished without error at Fri Jul  7 14:06:33 EDT 2017
\n\n
New invocation of recon-all 
\n\n
status file for recon-all
Fri Jul  7 14:06:34 EDT 2017
#@# Make Pial Surf rh Fri Jul  7 14:06:34 EDT 2017
#@# Surf Volume rh Fri Jul  7 14:27:01 EDT 2017
recon-all -s sub-02 finished without error at Fri Jul  7 14:27:05 EDT 2017
\n\n
New invocation of recon-all 
\n\n
status file for recon-all
Fri Jul  7 14:27:06 EDT 2017
#@# Surf Volume rh Fri Jul  7 14:27:06 EDT 2017
recon-all -s sub-02 finished without error at Fri Jul  7 14:27:10 EDT 2017
\n\n
New invocation of recon-all 
\n\n
status file for recon-all
Fri Jul  7 14:27:10 EDT 2017
#@# Curv .H and .K lh Fri Jul  7 14:27:10 EDT 2017
recon-all -s sub-02 finished without error at Fri Jul  7 14:28:40 EDT 2017
\n\n
New invocation of recon-all 
\n\n
status file for recon-all
Fri Jul  7 14:28:40 EDT 2017
#@# Curv .H and .K rh Fri Jul  7 14:28:40 EDT 2017
recon-all -s sub-02 finished without error at Fri Jul  7 14:30:11 EDT 2017
\n\n
New invocation of recon-all 
\n\n
status file for recon-all
Fri Jul  7 14:30:11 EDT 2017
#@# Curvature Stats lh Fri Jul  7 14:30:11 EDT 2017
recon-all -s sub-02 finished without error at Fri Jul  7 14:30:18 EDT 2017
\n\n
New invocation of recon-all 
\n\n
status file for recon-all
Fri Jul  7 14:30:19 EDT 2017
#@# Curvature Stats rh Fri Jul  7 14:30:19 EDT 2017
recon-all -s sub-02 finished without error at Fri Jul  7 14:30:27 EDT 2017
\n\n
New invocation of recon-all 
\n\n
status file for recon-all
Fri Jul  7 14:30:27 EDT 2017
#@# Jacobian white lh Fri Jul  7 14:30:27 EDT 2017
recon-all -s sub-02 finished without error at Fri Jul  7 14:30:30 EDT 2017
\n\n
New invocation of recon-all 
\n\n
status file for recon-all
Fri Jul  7 14:30:30 EDT 2017
#@# Jacobian white rh Fri Jul  7 14:30:30 EDT 2017
recon-all -s sub-02 finished without error at Fri Jul  7 14:30:33 EDT 2017
\n\n
New invocation of recon-all 
\n\n
status file for recon-all
Fri Jul  7 14:30:33 EDT 2017
#@# AvgCurv lh Fri Jul  7 14:30:33 EDT 2017
recon-all -s sub-02 finished without error at Fri Jul  7 14:30:36 EDT 2017
\n\n
New invocation of recon-all 
\n\n
status file for recon-all
Fri Jul  7 14:30:36 EDT 2017
#@# AvgCurv rh Fri Jul  7 14:30:36 EDT 2017
recon-all -s sub-02 finished without error at Fri Jul  7 14:30:38 EDT 2017
\n\n
New invocation of recon-all 
\n\n
status file for recon-all
Fri Jul  7 14:30:39 EDT 2017
#@# Cortical ribbon mask Fri Jul  7 14:30:39 EDT 2017
recon-all -s sub-02 finished without error at Fri Jul  7 14:48:27 EDT 2017
\n\n
New invocation of recon-all 
\n\n
status file for recon-all
Fri Jul  7 14:48:27 EDT 2017
#@# Parcellation Stats lh Fri Jul  7 14:48:27 EDT 2017
recon-all -s sub-02 finished without error at Fri Jul  7 14:49:49 EDT 2017
\n\n
New invocation of recon-all 
\n\n
status file for recon-all
Fri Jul  7 14:49:49 EDT 2017
#@# Parcellation Stats rh Fri Jul  7 14:49:49 EDT 2017
recon-all -s sub-02 finished without error at Fri Jul  7 14:51:08 EDT 2017
\n\n
New invocation of recon-all 
\n\n
status file for recon-all
Fri Jul  7 14:51:08 EDT 2017
#@# Cortical Parc 2 lh Fri Jul  7 14:51:08 EDT 2017
recon-all -s sub-02 finished without error at Fri Jul  7 14:51:30 EDT 2017
\n\n
New invocation of recon-all 
\n\n
status file for recon-all
Fri Jul  7 14:51:31 EDT 2017
#@# Cortical Parc 2 rh Fri Jul  7 14:51:31 EDT 2017
recon-all -s sub-02 finished without error at Fri Jul  7 14:51:52 EDT 2017
\n\n
New invocation of recon-all 
\n\n
status file for recon-all
Fri Jul  7 14:51:53 EDT 2017
#@# Parcellation Stats 2 lh Fri Jul  7 14:51:53 EDT 2017
recon-all -s sub-02 finished without error at Fri Jul  7 14:52:33 EDT 2017
\n\n
New invocation of recon-all 
\n\n
status file for recon-all
Fri Jul  7 14:52:33 EDT 2017
#@# Parcellation Stats 2 rh Fri Jul  7 14:52:33 EDT 2017
recon-all -s sub-02 finished without error at Fri Jul  7 14:53:14 EDT 2017
\n\n
New invocation of recon-all 
\n\n
status file for recon-all
Fri Jul  7 14:53:14 EDT 2017
#@# Cortical Parc 3 lh Fri Jul  7 14:53:14 EDT 2017
recon-all -s sub-02 finished without error at Fri Jul  7 14:53:32 EDT 2017
\n\n
New invocation of recon-all 
\n\n
status file for recon-all
Fri Jul  7 14:53:32 EDT 2017
#@# Cortical Parc 3 rh Fri Jul  7 14:53:32 EDT 2017
recon-all -s sub-02 finished without error at Fri Jul  7 14:53:49 EDT 2017
\n\n
New invocation of recon-all 
\n\n
status file for recon-all
Fri Jul  7 14:53:49 EDT 2017
#@# Parcellation Stats 3 lh Fri Jul  7 14:53:49 EDT 2017
recon-all -s sub-02 finished without error at Fri Jul  7 14:54:26 EDT 2017
\n\n
New invocation of recon-all 
\n\n
status file for recon-all
Fri Jul  7 14:54:26 EDT 2017
#@# Parcellation Stats 3 rh Fri Jul  7 14:54:26 EDT 2017
recon-all -s sub-02 finished without error at Fri Jul  7 14:55:04 EDT 2017
\n\n
New invocation of recon-all 
\n\n
status file for recon-all
Fri Jul  7 14:55:04 EDT 2017
#@# WM/GM Contrast lh Fri Jul  7 14:55:04 EDT 2017
recon-all -s sub-02 finished without error at Fri Jul  7 14:55:10 EDT 2017
\n\n
New invocation of recon-all 
\n\n
status file for recon-all
Fri Jul  7 14:55:11 EDT 2017
#@# WM/GM Contrast rh Fri Jul  7 14:55:11 EDT 2017
recon-all -s sub-02 finished without error at Fri Jul  7 14:55:17 EDT 2017
\n\n
New invocation of recon-all 
\n\n
status file for recon-all
Fri Jul  7 14:55:17 EDT 2017
#@# Relabel Hypointensities Fri Jul  7 14:55:17 EDT 2017
recon-all -s sub-02 finished without error at Fri Jul  7 14:55:44 EDT 2017
\n\n
New invocation of recon-all 
\n\n
status file for recon-all
Fri Jul  7 14:55:44 EDT 2017
#@# AParc-to-ASeg aparc Fri Jul  7 14:55:44 EDT 2017
#@# AParc-to-ASeg a2009s Fri Jul  7 15:01:07 EDT 2017
#@# AParc-to-ASeg DKTatlas Fri Jul  7 15:07:14 EDT 2017
recon-all -s sub-02 finished without error at Fri Jul  7 15:13:38 EDT 2017
\n\n
New invocation of recon-all 
\n\n
status file for recon-all
Fri Jul  7 15:13:38 EDT 2017
#@# APas-to-ASeg Fri Jul  7 15:13:38 EDT 2017
recon-all -s sub-02 finished without error at Fri Jul  7 15:13:45 EDT 2017
\n\n
New invocation of recon-all 
\n\n
status file for recon-all
Fri Jul  7 15:13:46 EDT 2017
#@# ASeg Stats Fri Jul  7 15:13:46 EDT 2017
recon-all -s sub-02 finished without error at Fri Jul  7 15:15:33 EDT 2017
\n\n
New invocation of recon-all 
\n\n
status file for recon-all
Fri Jul  7 15:15:33 EDT 2017
#@# WMParc Fri Jul  7 15:15:33 EDT 2017
recon-all -s sub-02 finished without error at Fri Jul  7 15:24:46 EDT 2017
\n\n
New invocation of recon-all 
\n\n
status file for recon-all
Fri Jul  7 15:24:46 EDT 2017
#@# BA_exvivo Labels lh Fri Jul  7 15:24:46 EDT 2017
recon-all -s sub-02 finished without error at Fri Jul  7 15:30:03 EDT 2017
\n\n
New invocation of recon-all 
\n\n
status file for recon-all
Fri Jul  7 15:30:03 EDT 2017
#@# BA_exvivo Labels rh Fri Jul  7 15:30:03 EDT 2017
recon-all -s sub-02 finished without error at Fri Jul  7 15:35:12 EDT 2017
\n\n
New invocation of recon-all 
\n\n
status file for recon-all
Mon Jul 10 15:22:00 EDT 2017
#@# MotionCor Mon Jul 10 15:22:00 EDT 2017
recon-all -s sub-02 finished without error at Mon Jul 10 15:22:11 EDT 2017
\n\n
New invocation of recon-all 
\n\n
status file for recon-all
Mon Jul 10 15:22:12 EDT 2017
#@# Talairach Mon Jul 10 15:22:12 EDT 2017
#@# Talairach Failure Detection Mon Jul 10 15:25:49 EDT 2017
recon-all -s sub-02 finished without error at Mon Jul 10 15:25:49 EDT 2017
\n\n
New invocation of recon-all 
\n\n
status file for recon-all
Mon Jul 10 15:25:50 EDT 2017
#@# Nu Intensity Correction Mon Jul 10 15:25:50 EDT 2017
recon-all -s sub-02 finished without error at Mon Jul 10 15:30:17 EDT 2017
\n\n
New invocation of recon-all 
\n\n
status file for recon-all
Mon Jul 10 15:30:18 EDT 2017
#@# Intensity Normalization Mon Jul 10 15:30:18 EDT 2017
recon-all -s sub-02 finished without error at Mon Jul 10 15:35:41 EDT 2017
\n\n
New invocation of recon-all 
\n\n
status file for recon-all
Mon Jul 10 15:35:42 EDT 2017
#@# Skull Stripping Mon Jul 10 15:35:42 EDT 2017
recon-all -s sub-02 finished without error at Mon Jul 10 15:36:52 EDT 2017
\n\n
New invocation of recon-all 
\n\n
status file for recon-all
Mon Jul 10 15:36:53 EDT 2017
#@# EM Registration Mon Jul 10 15:36:53 EDT 2017
recon-all -s sub-02 finished without error at Mon Jul 10 15:55:50 EDT 2017
\n\n
New invocation of recon-all 
\n\n
status file for recon-all
Mon Jul 10 15:55:50 EDT 2017
#@# CA Normalize Mon Jul 10 15:55:50 EDT 2017
recon-all -s sub-02 finished without error at Mon Jul 10 15:57:52 EDT 2017
\n\n
New invocation of recon-all 
\n\n
status file for recon-all
Mon Jul 10 15:57:53 EDT 2017
#@# CA Reg Mon Jul 10 15:57:53 EDT 2017
recon-all -s sub-02 finished without error at Mon Jul 10 20:21:48 EDT 2017
\n\n
New invocation of recon-all 
\n\n
status file for recon-all
Mon Jul 10 20:21:49 EDT 2017
#@# SubCort Seg Mon Jul 10 20:21:49 EDT 2017
#@# Merge ASeg Mon Jul 10 21:34:20 EDT 2017
recon-all -s sub-02 finished without error at Mon Jul 10 21:34:21 EDT 2017
\n\n
New invocation of recon-all 
\n\n
status file for recon-all
Mon Jul 10 21:34:21 EDT 2017
#@# Intensity Normalization2 Mon Jul 10 21:34:21 EDT 2017
recon-all -s sub-02 finished without error at Mon Jul 10 21:40:14 EDT 2017
\n\n
New invocation of recon-all 
\n\n
status file for recon-all
Mon Jul 10 21:40:14 EDT 2017
#@# Mask BFS Mon Jul 10 21:40:14 EDT 2017
recon-all -s sub-02 finished without error at Mon Jul 10 21:40:18 EDT 2017
\n\n
New invocation of recon-all 
\n\n
status file for recon-all
Mon Jul 10 21:40:18 EDT 2017
#@# WM Segmentation Mon Jul 10 21:40:18 EDT 2017
recon-all -s sub-02 finished without error at Mon Jul 10 21:43:52 EDT 2017
\n\n
New invocation of recon-all 
\n\n
status file for recon-all
Mon Jul 10 21:43:53 EDT 2017
#@# Fill Mon Jul 10 21:43:53 EDT 2017
recon-all -s sub-02 finished without error at Mon Jul 10 21:45:04 EDT 2017
\n\n
New invocation of recon-all 
\n\n
status file for recon-all
Mon Jul 10 21:45:04 EDT 2017
#@# Tessellate lh Mon Jul 10 21:45:04 EDT 2017
recon-all -s sub-02 finished without error at Mon Jul 10 21:45:15 EDT 2017
\n\n
New invocation of recon-all 
\n\n
status file for recon-all
Mon Jul 10 21:45:16 EDT 2017
#@# Tessellate rh Mon Jul 10 21:45:16 EDT 2017
recon-all -s sub-02 finished without error at Mon Jul 10 21:45:27 EDT 2017
\n\n
New invocation of recon-all 
\n\n
status file for recon-all
Mon Jul 10 21:45:27 EDT 2017
#@# Smooth1 lh Mon Jul 10 21:45:27 EDT 2017
recon-all -s sub-02 finished without error at Mon Jul 10 21:45:39 EDT 2017
\n\n
New invocation of recon-all 
\n\n
status file for recon-all
Mon Jul 10 21:45:40 EDT 2017
#@# Smooth1 rh Mon Jul 10 21:45:40 EDT 2017
recon-all -s sub-02 finished without error at Mon Jul 10 21:45:52 EDT 2017
\n\n
New invocation of recon-all 
\n\n
status file for recon-all
Mon Jul 10 21:45:53 EDT 2017
#@# Inflation1 lh Mon Jul 10 21:45:53 EDT 2017
recon-all -s sub-02 finished without error at Mon Jul 10 21:46:41 EDT 2017
\n\n
New invocation of recon-all 
\n\n
status file for recon-all
Mon Jul 10 21:46:42 EDT 2017
#@# Inflation1 rh Mon Jul 10 21:46:42 EDT 2017
recon-all -s sub-02 finished without error at Mon Jul 10 21:47:32 EDT 2017
\n\n
New invocation of recon-all 
\n\n
status file for recon-all
Mon Jul 10 21:47:33 EDT 2017
#@# QSphere lh Mon Jul 10 21:47:33 EDT 2017
recon-all -s sub-02 finished without error at Mon Jul 10 21:52:23 EDT 2017
\n\n
New invocation of recon-all 
\n\n
status file for recon-all
Mon Jul 10 21:52:23 EDT 2017
#@# QSphere rh Mon Jul 10 21:52:23 EDT 2017
recon-all -s sub-02 finished without error at Mon Jul 10 21:57:10 EDT 2017
\n\n
New invocation of recon-all 
\n\n
status file for recon-all
Mon Jul 10 21:57:11 EDT 2017
#@# Fix Topology Copy lh Mon Jul 10 21:57:11 EDT 2017
#@# Fix Topology lh Mon Jul 10 21:57:11 EDT 2017
recon-all -s sub-02 finished without error at Mon Jul 10 22:44:34 EDT 2017
\n\n
New invocation of recon-all 
\n\n
status file for recon-all
Mon Jul 10 22:44:35 EDT 2017
#@# Fix Topology Copy rh Mon Jul 10 22:44:35 EDT 2017
#@# Fix Topology rh Mon Jul 10 22:44:35 EDT 2017
recon-all -s sub-02 finished without error at Mon Jul 10 23:38:26 EDT 2017
\n\n
New invocation of recon-all 
\n\n
status file for recon-all
Mon Jul 10 23:38:26 EDT 2017
#@# Make White Surf lh Mon Jul 10 23:38:26 EDT 2017
recon-all -s sub-02 finished without error at Tue Jul 11 00:01:42 EDT 2017
\n\n
New invocation of recon-all 
\n\n
status file for recon-all
Tue Jul 11 00:01:42 EDT 2017
#@# Make White Surf rh Tue Jul 11 00:01:42 EDT 2017
recon-all -s sub-02 finished without error at Tue Jul 11 00:26:16 EDT 2017
\n\n
New invocation of recon-all 
\n\n
status file for recon-all
Tue Jul 11 00:26:16 EDT 2017
#@# Smooth2 lh Tue Jul 11 00:26:17 EDT 2017
recon-all -s sub-02 finished without error at Tue Jul 11 00:26:29 EDT 2017
\n\n
New invocation of recon-all 
\n\n
status file for recon-all
Tue Jul 11 00:26:30 EDT 2017
#@# Inflation2 lh Tue Jul 11 00:26:30 EDT 2017
recon-all -s sub-02 finished without error at Tue Jul 11 00:27:35 EDT 2017
\n\n
New invocation of recon-all 
\n\n
status file for recon-all
Tue Jul 11 00:27:35 EDT 2017
#@# Sphere lh Tue Jul 11 00:27:35 EDT 2017
recon-all -s sub-02 finished without error at Tue Jul 11 01:08:17 EDT 2017
\n\n
New invocation of recon-all 
\n\n
status file for recon-all
Tue Jul 11 01:08:18 EDT 2017
#@# Surf Reg lh Tue Jul 11 01:08:18 EDT 2017
recon-all -s sub-02 finished without error at Tue Jul 11 02:24:37 EDT 2017
\n\n
New invocation of recon-all 
\n\n
status file for recon-all
Tue Jul 11 02:24:37 EDT 2017
#@# Cortical Parc lh Tue Jul 11 02:24:37 EDT 2017
recon-all -s sub-02 finished without error at Tue Jul 11 02:25:02 EDT 2017
\n\n
New invocation of recon-all 
\n\n
status file for recon-all
Tue Jul 11 02:25:02 EDT 2017
#@# Make Pial Surf lh Tue Jul 11 02:25:02 EDT 2017
#@# Surf Volume lh Tue Jul 11 02:47:08 EDT 2017
recon-all -s sub-02 finished without error at Tue Jul 11 02:47:14 EDT 2017
\n\n
New invocation of recon-all 
\n\n
status file for recon-all
Tue Jul 11 02:47:14 EDT 2017
#@# Surf Volume lh Tue Jul 11 02:47:14 EDT 2017
recon-all -s sub-02 finished without error at Tue Jul 11 02:47:20 EDT 2017
\n\n
New invocation of recon-all 
\n\n
status file for recon-all
Tue Jul 11 02:47:20 EDT 2017
#@# Smooth2 rh Tue Jul 11 02:47:20 EDT 2017
recon-all -s sub-02 finished without error at Tue Jul 11 02:47:33 EDT 2017
\n\n
New invocation of recon-all 
\n\n
status file for recon-all
Tue Jul 11 02:47:33 EDT 2017
#@# Inflation2 rh Tue Jul 11 02:47:34 EDT 2017
recon-all -s sub-02 finished without error at Tue Jul 11 02:48:30 EDT 2017
\n\n
New invocation of recon-all 
\n\n
status file for recon-all
Tue Jul 11 02:48:31 EDT 2017
#@# Sphere rh Tue Jul 11 02:48:31 EDT 2017
recon-all -s sub-02 finished without error at Tue Jul 11 03:25:32 EDT 2017
\n\n
New invocation of recon-all 
\n\n
status file for recon-all
Tue Jul 11 03:25:33 EDT 2017
#@# Surf Reg rh Tue Jul 11 03:25:33 EDT 2017
recon-all -s sub-02 finished without error at Tue Jul 11 05:04:51 EDT 2017
\n\n
New invocation of recon-all 
\n\n
status file for recon-all
Tue Jul 11 05:04:52 EDT 2017
#@# Cortical Parc rh Tue Jul 11 05:04:52 EDT 2017
recon-all -s sub-02 finished without error at Tue Jul 11 05:05:18 EDT 2017
\n\n
New invocation of recon-all 
\n\n
status file for recon-all
Tue Jul 11 05:05:18 EDT 2017
#@# Make Pial Surf rh Tue Jul 11 05:05:18 EDT 2017
#@# Surf Volume rh Tue Jul 11 05:27:02 EDT 2017
recon-all -s sub-02 finished without error at Tue Jul 11 05:27:08 EDT 2017
\n\n
New invocation of recon-all 
\n\n
status file for recon-all
Tue Jul 11 05:27:09 EDT 2017
#@# Surf Volume rh Tue Jul 11 05:27:09 EDT 2017
recon-all -s sub-02 finished without error at Tue Jul 11 05:27:15 EDT 2017
\n\n
New invocation of recon-all 
\n\n
status file for recon-all
Tue Jul 11 05:27:15 EDT 2017
#@# Curv .H and .K lh Tue Jul 11 05:27:15 EDT 2017
recon-all -s sub-02 finished without error at Tue Jul 11 05:28:54 EDT 2017
\n\n
New invocation of recon-all 
\n\n
status file for recon-all
Tue Jul 11 05:28:54 EDT 2017
#@# Curv .H and .K rh Tue Jul 11 05:28:54 EDT 2017
recon-all -s sub-02 finished without error at Tue Jul 11 05:30:34 EDT 2017
\n\n
New invocation of recon-all 
\n\n
status file for recon-all
Tue Jul 11 05:30:35 EDT 2017
#@# Curvature Stats lh Tue Jul 11 05:30:35 EDT 2017
recon-all -s sub-02 finished without error at Tue Jul 11 05:30:44 EDT 2017
\n\n
New invocation of recon-all 
\n\n
status file for recon-all
Tue Jul 11 05:30:45 EDT 2017
#@# Curvature Stats rh Tue Jul 11 05:30:45 EDT 2017
recon-all -s sub-02 finished without error at Tue Jul 11 05:30:54 EDT 2017
\n\n
New invocation of recon-all 
\n\n
status file for recon-all
Tue Jul 11 05:30:54 EDT 2017
#@# Jacobian white lh Tue Jul 11 05:30:54 EDT 2017
recon-all -s sub-02 finished without error at Tue Jul 11 05:30:58 EDT 2017
\n\n
New invocation of recon-all 
\n\n
status file for recon-all
Tue Jul 11 05:30:58 EDT 2017
#@# Jacobian white rh Tue Jul 11 05:30:58 EDT 2017
recon-all -s sub-02 finished without error at Tue Jul 11 05:31:01 EDT 2017
\n\n
New invocation of recon-all 
\n\n
status file for recon-all
Tue Jul 11 05:31:02 EDT 2017
#@# AvgCurv lh Tue Jul 11 05:31:02 EDT 2017
recon-all -s sub-02 finished without error at Tue Jul 11 05:31:05 EDT 2017
\n\n
New invocation of recon-all 
\n\n
status file for recon-all
Tue Jul 11 05:31:05 EDT 2017
#@# AvgCurv rh Tue Jul 11 05:31:05 EDT 2017
recon-all -s sub-02 finished without error at Tue Jul 11 05:31:08 EDT 2017
\n\n
New invocation of recon-all 
\n\n
status file for recon-all
Tue Jul 11 05:31:09 EDT 2017
#@# Cortical ribbon mask Tue Jul 11 05:31:09 EDT 2017
recon-all -s sub-02 finished without error at Tue Jul 11 05:50:58 EDT 2017
\n\n
New invocation of recon-all 
\n\n
status file for recon-all
Tue Jul 11 05:51:00 EDT 2017
#@# Parcellation Stats lh Tue Jul 11 05:51:00 EDT 2017
recon-all -s sub-02 finished without error at Tue Jul 11 05:53:51 EDT 2017
\n\n
New invocation of recon-all 
\n\n
status file for recon-all
Tue Jul 11 05:53:52 EDT 2017
#@# Parcellation Stats rh Tue Jul 11 05:53:52 EDT 2017
recon-all -s sub-02 finished without error at Tue Jul 11 05:57:22 EDT 2017
\n\n
New invocation of recon-all 
\n\n
status file for recon-all
Tue Jul 11 05:57:23 EDT 2017
#@# Cortical Parc 2 lh Tue Jul 11 05:57:23 EDT 2017
recon-all -s sub-02 finished without error at Tue Jul 11 05:57:58 EDT 2017
\n\n
New invocation of recon-all 
\n\n
status file for recon-all
Tue Jul 11 05:57:59 EDT 2017
#@# Cortical Parc 2 rh Tue Jul 11 05:57:59 EDT 2017
recon-all -s sub-02 finished without error at Tue Jul 11 05:58:35 EDT 2017
\n\n
New invocation of recon-all 
\n\n
status file for recon-all
Tue Jul 11 05:58:36 EDT 2017
#@# Parcellation Stats 2 lh Tue Jul 11 05:58:36 EDT 2017
recon-all -s sub-02 finished without error at Tue Jul 11 06:00:22 EDT 2017
\n\n
New invocation of recon-all 
\n\n
status file for recon-all
Tue Jul 11 06:00:23 EDT 2017
#@# Parcellation Stats 2 rh Tue Jul 11 06:00:23 EDT 2017
recon-all -s sub-02 finished without error at Tue Jul 11 06:02:03 EDT 2017
\n\n
New invocation of recon-all 
\n\n
status file for recon-all
Tue Jul 11 06:02:04 EDT 2017
#@# Cortical Parc 3 lh Tue Jul 11 06:02:04 EDT 2017
recon-all -s sub-02 finished without error at Tue Jul 11 06:02:28 EDT 2017
\n\n
New invocation of recon-all 
\n\n
status file for recon-all
Tue Jul 11 06:02:28 EDT 2017
#@# Cortical Parc 3 rh Tue Jul 11 06:02:28 EDT 2017
recon-all -s sub-02 finished without error at Tue Jul 11 06:02:53 EDT 2017
\n\n
New invocation of recon-all 
\n\n
status file for recon-all
Tue Jul 11 06:02:53 EDT 2017
#@# Parcellation Stats 3 lh Tue Jul 11 06:02:53 EDT 2017
recon-all -s sub-02 finished without error at Tue Jul 11 06:04:18 EDT 2017
\n\n
New invocation of recon-all 
\n\n
status file for recon-all
Tue Jul 11 06:04:19 EDT 2017
#@# Parcellation Stats 3 rh Tue Jul 11 06:04:19 EDT 2017
recon-all -s sub-02 finished without error at Tue Jul 11 06:05:31 EDT 2017
\n\n
New invocation of recon-all 
\n\n
status file for recon-all
Tue Jul 11 06:05:32 EDT 2017
#@# WM/GM Contrast lh Tue Jul 11 06:05:32 EDT 2017
recon-all -s sub-02 finished without error at Tue Jul 11 06:05:44 EDT 2017
\n\n
New invocation of recon-all 
\n\n
status file for recon-all
Tue Jul 11 06:05:44 EDT 2017
#@# WM/GM Contrast rh Tue Jul 11 06:05:44 EDT 2017
recon-all -s sub-02 finished without error at Tue Jul 11 06:05:55 EDT 2017
\n\n
New invocation of recon-all 
\n\n
status file for recon-all
Tue Jul 11 06:05:56 EDT 2017
#@# Relabel Hypointensities Tue Jul 11 06:05:56 EDT 2017
recon-all -s sub-02 finished without error at Tue Jul 11 06:06:43 EDT 2017
\n\n
New invocation of recon-all 
\n\n
status file for recon-all
Tue Jul 11 06:06:44 EDT 2017
#@# AParc-to-ASeg aparc Tue Jul 11 06:06:44 EDT 2017
#@# AParc-to-ASeg a2009s Tue Jul 11 06:19:07 EDT 2017
#@# AParc-to-ASeg DKTatlas Tue Jul 11 06:31:21 EDT 2017
recon-all -s sub-02 finished without error at Tue Jul 11 06:44:30 EDT 2017
\n\n
New invocation of recon-all 
\n\n
status file for recon-all
Tue Jul 11 06:44:31 EDT 2017
#@# APas-to-ASeg Tue Jul 11 06:44:31 EDT 2017
recon-all -s sub-02 finished without error at Tue Jul 11 06:44:41 EDT 2017
\n\n
New invocation of recon-all 
\n\n
status file for recon-all
Tue Jul 11 06:44:41 EDT 2017
#@# ASeg Stats Tue Jul 11 06:44:41 EDT 2017
recon-all -s sub-02 finished without error at Tue Jul 11 06:50:41 EDT 2017
\n\n
New invocation of recon-all 
\n\n
status file for recon-all
Tue Jul 11 06:50:42 EDT 2017
#@# WMParc Tue Jul 11 06:50:42 EDT 2017
recon-all -s sub-02 finished without error at Tue Jul 11 07:13:07 EDT 2017
\n\n
New invocation of recon-all 
\n\n
status file for recon-all
Tue Jul 11 07:13:08 EDT 2017
#@# BA_exvivo Labels lh Tue Jul 11 07:13:08 EDT 2017
recon-all -s sub-02 finished without error at Tue Jul 11 07:19:32 EDT 2017
\n\n
New invocation of recon-all 
\n\n
status file for recon-all
Tue Jul 11 07:19:33 EDT 2017
#@# BA_exvivo Labels rh Tue Jul 11 07:19:33 EDT 2017
recon-all -s sub-02 finished without error at Tue Jul 11 07:25:54 EDT 2017
\n\n
New invocation of recon-all 
\n\n
status file for recon-all
Fri Jul 14 12:14:35 EDT 2017
#@# Intensity Normalization2 Fri Jul 14 12:14:35 EDT 2017
#@# Mask BFS Fri Jul 14 12:20:22 EDT 2017
#@# WM Segmentation Fri Jul 14 12:20:26 EDT 2017
#@# Fill Fri Jul 14 12:24:22 EDT 2017
#@# Tessellate lh Fri Jul 14 12:25:31 EDT 2017
#@# Tessellate rh Fri Jul 14 12:25:44 EDT 2017
#@# Smooth1 lh Fri Jul 14 12:25:56 EDT 2017
#@# Smooth1 rh Fri Jul 14 12:26:10 EDT 2017
#@# Inflation1 lh Fri Jul 14 12:26:24 EDT 2017
#@# Inflation1 rh Fri Jul 14 12:27:26 EDT 2017
#@# QSphere lh Fri Jul 14 12:28:33 EDT 2017
#@# QSphere rh Fri Jul 14 12:35:27 EDT 2017
#@# Fix Topology Copy lh Fri Jul 14 12:41:14 EDT 2017
#@# Fix Topology Copy rh Fri Jul 14 12:41:14 EDT 2017
#@# Fix Topology lh Fri Jul 14 12:41:14 EDT 2017
#@# Fix Topology rh Fri Jul 14 13:31:09 EDT 2017
#@# Make White Surf lh Fri Jul 14 14:36:12 EDT 2017
#@# Make White Surf rh Fri Jul 14 14:42:54 EDT 2017
#@# Smooth2 lh Fri Jul 14 14:49:47 EDT 2017
#@# Smooth2 rh Fri Jul 14 14:49:59 EDT 2017
#@# Inflation2 lh Fri Jul 14 14:50:12 EDT 2017
#@# Inflation2 rh Fri Jul 14 14:50:59 EDT 2017
#@# Curv .H and .K lh Fri Jul 14 14:51:48 EDT 2017
#@# Curv .H and .K rh Fri Jul 14 14:53:22 EDT 2017
#@# Curvature Stats lh Fri Jul 14 14:54:58 EDT 2017
#@# Curvature Stats rh Fri Jul 14 14:55:07 EDT 2017
#@# Sphere lh Fri Jul 14 14:55:15 EDT 2017
#@# Sphere rh Fri Jul 14 15:31:38 EDT 2017
#@# Surf Reg lh Fri Jul 14 16:06:41 EDT 2017
#@# Surf Reg rh Fri Jul 14 17:23:24 EDT 2017
#@# Jacobian white lh Fri Jul 14 18:50:38 EDT 2017
#@# Jacobian white rh Fri Jul 14 18:50:42 EDT 2017
#@# AvgCurv lh Fri Jul 14 18:50:45 EDT 2017
#@# AvgCurv rh Fri Jul 14 18:50:48 EDT 2017
#@# Cortical Parc lh Fri Jul 14 18:50:50 EDT 2017
#@# Cortical Parc rh Fri Jul 14 18:51:19 EDT 2017
#@# Make Pial Surf lh Fri Jul 14 18:51:48 EDT 2017
#@# Make Pial Surf rh Fri Jul 14 19:14:13 EDT 2017
#@# Surf Volume lh Fri Jul 14 19:36:10 EDT 2017
#@# Surf Volume rh Fri Jul 14 19:36:16 EDT 2017
#@# Cortical ribbon mask Fri Jul 14 19:36:21 EDT 2017
#@# Parcellation Stats lh Fri Jul 14 19:55:26 EDT 2017
#@# Parcellation Stats rh Fri Jul 14 19:58:10 EDT 2017
#@# Cortical Parc 2 lh Fri Jul 14 20:01:00 EDT 2017
#@# Cortical Parc 2 rh Fri Jul 14 20:01:31 EDT 2017
#@# Parcellation Stats 2 lh Fri Jul 14 20:02:04 EDT 2017
#@# Parcellation Stats 2 rh Fri Jul 14 20:03:28 EDT 2017
#@# Cortical Parc 3 lh Fri Jul 14 20:04:55 EDT 2017
#@# Cortical Parc 3 rh Fri Jul 14 20:05:24 EDT 2017
#@# Parcellation Stats 3 lh Fri Jul 14 20:05:53 EDT 2017
#@# Parcellation Stats 3 rh Fri Jul 14 20:07:46 EDT 2017
#@# WM/GM Contrast lh Fri Jul 14 20:09:41 EDT 2017
#@# WM/GM Contrast rh Fri Jul 14 20:09:53 EDT 2017
#@# Relabel Hypointensities Fri Jul 14 20:10:05 EDT 2017
#@# AParc-to-ASeg aparc Fri Jul 14 20:10:55 EDT 2017
#@# AParc-to-ASeg a2009s Fri Jul 14 20:25:12 EDT 2017
#@# AParc-to-ASeg DKTatlas Fri Jul 14 20:39:36 EDT 2017
#@# APas-to-ASeg Fri Jul 14 20:53:54 EDT 2017
#@# ASeg Stats Fri Jul 14 20:54:04 EDT 2017
#@# WMParc Fri Jul 14 21:01:17 EDT 2017
#@# BA_exvivo Labels lh Fri Jul 14 21:28:28 EDT 2017
#@# BA_exvivo Labels rh Fri Jul 14 21:35:57 EDT 2017
recon-all -s sub-02 finished without error at Fri Jul 14 21:43:42 EDT 2017
